This is pdfTeX, Version 3.14159265-2.6-1.40.19 (TeX Live 2018/Arch Linux) (preloaded format=pdflatex 2018.12.3)  12 DEC 2018 12:24
entering extended mode
 restricted \write18 enabled.
 %&-line parsing enabled.
**DC1.tex
(./DC1.tex
LaTeX2e <2018-04-01> patch level 5
(/usr/share/texmf-dist/tex/latex/base/article.cls
Document Class: article 2014/09/29 v1.4h Standard LaTeX document class
(/usr/share/texmf-dist/tex/latex/base/size10.clo
File: size10.clo 2014/09/29 v1.4h Standard LaTeX file (size option)
)
\c@part=\count80
\c@section=\count81
\c@subsection=\count82
\c@subsubsection=\count83
\c@paragraph=\count84
\c@subparagraph=\count85
\c@figure=\count86
\c@table=\count87
\abovecaptionskip=\skip41
\belowcaptionskip=\skip42
\bibindent=\dimen102
)
(/usr/share/texmf-dist/tex/latex/preprint/fullpage.sty
Package: fullpage 1999/02/23 1.1 (PWD)
\FP@margin=\skip43
)
(/usr/share/texmf-dist/tex/latex/parskip/parskip.sty
Package: parskip 2018-08-24 v2.0a non-zero parskip adjustments

(/usr/share/texmf-dist/tex/latex/oberdiek/kvoptions.sty
Package: kvoptions 2016/05/16 v3.12 Key value format for package options (HO)

(/usr/share/texmf-dist/tex/latex/graphics/keyval.sty
Package: keyval 2014/10/28 v1.15 key=value parser (DPC)
\KV@toks@=\toks14
)
(/usr/share/texmf-dist/tex/generic/oberdiek/ltxcmds.sty
Package: ltxcmds 2016/05/16 v1.23 LaTeX kernel commands for general use (HO)
)
(/usr/share/texmf-dist/tex/generic/oberdiek/kvsetkeys.sty
Package: kvsetkeys 2016/05/16 v1.17 Key value parser (HO)

(/usr/share/texmf-dist/tex/generic/oberdiek/infwarerr.sty
Package: infwarerr 2016/05/16 v1.4 Providing info/warning/error messages (HO)
)
(/usr/share/texmf-dist/tex/generic/oberdiek/etexcmds.sty
Package: etexcmds 2016/05/16 v1.6 Avoid name clashes with e-TeX commands (HO)

(/usr/share/texmf-dist/tex/generic/oberdiek/ifluatex.sty
Package: ifluatex 2016/05/16 v1.4 Provides the ifluatex switch (HO)
Package ifluatex Info: LuaTeX not detected.
)
Package etexcmds Info: Could not find \expanded.
(etexcmds)             That can mean that you are not using pdfTeX 1.50 or
(etexcmds)             that some package has redefined \expanded.
(etexcmds)             In the latter case, load this package earlier.
)))
(/usr/share/texmf-dist/tex/latex/etoolbox/etoolbox.sty
Package: etoolbox 2018/08/19 v2.5f e-TeX tools for LaTeX (JAW)
\etb@tempcnta=\count88
))
(/usr/share/texmf-dist/tex/latex/pgf/frontendlayer/tikz.sty
(/usr/share/texmf-dist/tex/latex/pgf/basiclayer/pgf.sty
(/usr/share/texmf-dist/tex/latex/pgf/utilities/pgfrcs.sty
(/usr/share/texmf-dist/tex/generic/pgf/utilities/pgfutil-common.tex
\pgfutil@everybye=\toks15
\pgfutil@tempdima=\dimen103
\pgfutil@tempdimb=\dimen104

(/usr/share/texmf-dist/tex/generic/pgf/utilities/pgfutil-common-lists.tex))
(/usr/share/texmf-dist/tex/generic/pgf/utilities/pgfutil-latex.def
\pgfutil@abb=\box26

(/usr/share/texmf-dist/tex/latex/ms/everyshi.sty
Package: everyshi 2001/05/15 v3.00 EveryShipout Package (MS)
))
(/usr/share/texmf-dist/tex/generic/pgf/utilities/pgfrcs.code.tex
Package: pgfrcs 2015/08/07 v3.0.1a (rcs-revision 1.31)
))
Package: pgf 2015/08/07 v3.0.1a (rcs-revision 1.15)

(/usr/share/texmf-dist/tex/latex/pgf/basiclayer/pgfcore.sty
(/usr/share/texmf-dist/tex/latex/graphics/graphicx.sty
Package: graphicx 2017/06/01 v1.1a Enhanced LaTeX Graphics (DPC,SPQR)

(/usr/share/texmf-dist/tex/latex/graphics/graphics.sty
Package: graphics 2017/06/25 v1.2c Standard LaTeX Graphics (DPC,SPQR)

(/usr/share/texmf-dist/tex/latex/graphics/trig.sty
Package: trig 2016/01/03 v1.10 sin cos tan (DPC)
)
(/usr/share/texmf-dist/tex/latex/graphics-cfg/graphics.cfg
File: graphics.cfg 2016/06/04 v1.11 sample graphics configuration
)
Package graphics Info: Driver file: pdftex.def on input line 99.

(/usr/share/texmf-dist/tex/latex/graphics-def/pdftex.def
File: pdftex.def 2018/01/08 v1.0l Graphics/color driver for pdftex
))
\Gin@req@height=\dimen105
\Gin@req@width=\dimen106
)
(/usr/share/texmf-dist/tex/latex/pgf/systemlayer/pgfsys.sty
(/usr/share/texmf-dist/tex/generic/pgf/systemlayer/pgfsys.code.tex
Package: pgfsys 2014/07/09 v3.0.1a (rcs-revision 1.48)

(/usr/share/texmf-dist/tex/generic/pgf/utilities/pgfkeys.code.tex
\pgfkeys@pathtoks=\toks16
\pgfkeys@temptoks=\toks17

(/usr/share/texmf-dist/tex/generic/pgf/utilities/pgfkeysfiltered.code.tex
\pgfkeys@tmptoks=\toks18
))
\pgf@x=\dimen107
\pgf@y=\dimen108
\pgf@xa=\dimen109
\pgf@ya=\dimen110
\pgf@xb=\dimen111
\pgf@yb=\dimen112
\pgf@xc=\dimen113
\pgf@yc=\dimen114
\w@pgf@writea=\write3
\r@pgf@reada=\read1
\c@pgf@counta=\count89
\c@pgf@countb=\count90
\c@pgf@countc=\count91
\c@pgf@countd=\count92
\t@pgf@toka=\toks19
\t@pgf@tokb=\toks20
\t@pgf@tokc=\toks21

(/usr/share/texmf-dist/tex/generic/pgf/systemlayer/pgf.cfg
File: pgf.cfg 2008/05/14  (rcs-revision 1.7)
)
Driver file for pgf: pgfsys-pdftex.def

(/usr/share/texmf-dist/tex/generic/pgf/systemlayer/pgfsys-pdftex.def
File: pgfsys-pdftex.def 2014/10/11  (rcs-revision 1.35)

(/usr/share/texmf-dist/tex/generic/pgf/systemlayer/pgfsys-common-pdf.def
File: pgfsys-common-pdf.def 2013/10/10  (rcs-revision 1.13)
)))
(/usr/share/texmf-dist/tex/generic/pgf/systemlayer/pgfsyssoftpath.code.tex
File: pgfsyssoftpath.code.tex 2013/09/09  (rcs-revision 1.9)
\pgfsyssoftpath@smallbuffer@items=\count93
\pgfsyssoftpath@bigbuffer@items=\count94
)
(/usr/share/texmf-dist/tex/generic/pgf/systemlayer/pgfsysprotocol.code.tex
File: pgfsysprotocol.code.tex 2006/10/16  (rcs-revision 1.4)
))
(/usr/share/texmf-dist/tex/latex/xcolor/xcolor.sty
Package: xcolor 2016/05/11 v2.12 LaTeX color extensions (UK)

(/usr/share/texmf-dist/tex/latex/graphics-cfg/color.cfg
File: color.cfg 2016/01/02 v1.6 sample color configuration
)
Package xcolor Info: Driver file: pdftex.def on input line 225.
Package xcolor Info: Model `cmy' substituted by `cmy0' on input line 1348.
Package xcolor Info: Model `hsb' substituted by `rgb' on input line 1352.
Package xcolor Info: Model `RGB' extended on input line 1364.
Package xcolor Info: Model `HTML' substituted by `rgb' on input line 1366.
Package xcolor Info: Model `Hsb' substituted by `hsb' on input line 1367.
Package xcolor Info: Model `tHsb' substituted by `hsb' on input line 1368.
Package xcolor Info: Model `HSB' substituted by `hsb' on input line 1369.
Package xcolor Info: Model `Gray' substituted by `gray' on input line 1370.
Package xcolor Info: Model `wave' substituted by `hsb' on input line 1371.
)
(/usr/share/texmf-dist/tex/generic/pgf/basiclayer/pgfcore.code.tex
Package: pgfcore 2010/04/11 v3.0.1a (rcs-revision 1.7)

(/usr/share/texmf-dist/tex/generic/pgf/math/pgfmath.code.tex
(/usr/share/texmf-dist/tex/generic/pgf/math/pgfmathcalc.code.tex
(/usr/share/texmf-dist/tex/generic/pgf/math/pgfmathutil.code.tex)
(/usr/share/texmf-dist/tex/generic/pgf/math/pgfmathparser.code.tex
\pgfmath@dimen=\dimen115
\pgfmath@count=\count95
\pgfmath@box=\box27
\pgfmath@toks=\toks22
\pgfmath@stack@operand=\toks23
\pgfmath@stack@operation=\toks24
)
(/usr/share/texmf-dist/tex/generic/pgf/math/pgfmathfunctions.code.tex
(/usr/share/texmf-dist/tex/generic/pgf/math/pgfmathfunctions.basic.code.tex)
(/usr/share/texmf-dist/tex/generic/pgf/math/pgfmathfunctions.trigonometric.code
.tex)
(/usr/share/texmf-dist/tex/generic/pgf/math/pgfmathfunctions.random.code.tex)
(/usr/share/texmf-dist/tex/generic/pgf/math/pgfmathfunctions.comparison.code.te
x) (/usr/share/texmf-dist/tex/generic/pgf/math/pgfmathfunctions.base.code.tex)
(/usr/share/texmf-dist/tex/generic/pgf/math/pgfmathfunctions.round.code.tex)
(/usr/share/texmf-dist/tex/generic/pgf/math/pgfmathfunctions.misc.code.tex)
(/usr/share/texmf-dist/tex/generic/pgf/math/pgfmathfunctions.integerarithmetics
.code.tex))) (/usr/share/texmf-dist/tex/generic/pgf/math/pgfmathfloat.code.tex
\c@pgfmathroundto@lastzeros=\count96
)) (/usr/share/texmf-dist/tex/generic/pgf/basiclayer/pgfcorepoints.code.tex
File: pgfcorepoints.code.tex 2013/10/07  (rcs-revision 1.27)
\pgf@picminx=\dimen116
\pgf@picmaxx=\dimen117
\pgf@picminy=\dimen118
\pgf@picmaxy=\dimen119
\pgf@pathminx=\dimen120
\pgf@pathmaxx=\dimen121
\pgf@pathminy=\dimen122
\pgf@pathmaxy=\dimen123
\pgf@xx=\dimen124
\pgf@xy=\dimen125
\pgf@yx=\dimen126
\pgf@yy=\dimen127
\pgf@zx=\dimen128
\pgf@zy=\dimen129
)
(/usr/share/texmf-dist/tex/generic/pgf/basiclayer/pgfcorepathconstruct.code.tex
File: pgfcorepathconstruct.code.tex 2013/10/07  (rcs-revision 1.29)
\pgf@path@lastx=\dimen130
\pgf@path@lasty=\dimen131
) (/usr/share/texmf-dist/tex/generic/pgf/basiclayer/pgfcorepathusage.code.tex
File: pgfcorepathusage.code.tex 2014/11/02  (rcs-revision 1.24)
\pgf@shorten@end@additional=\dimen132
\pgf@shorten@start@additional=\dimen133
)
(/usr/share/texmf-dist/tex/generic/pgf/basiclayer/pgfcorescopes.code.tex
File: pgfcorescopes.code.tex 2015/05/08  (rcs-revision 1.46)
\pgfpic=\box28
\pgf@hbox=\box29
\pgf@layerbox@main=\box30
\pgf@picture@serial@count=\count97
)
(/usr/share/texmf-dist/tex/generic/pgf/basiclayer/pgfcoregraphicstate.code.tex
File: pgfcoregraphicstate.code.tex 2014/11/02  (rcs-revision 1.12)
\pgflinewidth=\dimen134
)
(/usr/share/texmf-dist/tex/generic/pgf/basiclayer/pgfcoretransformations.code.t
ex
File: pgfcoretransformations.code.tex 2015/08/07  (rcs-revision 1.20)
\pgf@pt@x=\dimen135
\pgf@pt@y=\dimen136
\pgf@pt@temp=\dimen137
) (/usr/share/texmf-dist/tex/generic/pgf/basiclayer/pgfcorequick.code.tex
File: pgfcorequick.code.tex 2008/10/09  (rcs-revision 1.3)
)
(/usr/share/texmf-dist/tex/generic/pgf/basiclayer/pgfcoreobjects.code.tex
File: pgfcoreobjects.code.tex 2006/10/11  (rcs-revision 1.2)
)
(/usr/share/texmf-dist/tex/generic/pgf/basiclayer/pgfcorepathprocessing.code.te
x
File: pgfcorepathprocessing.code.tex 2013/09/09  (rcs-revision 1.9)
) (/usr/share/texmf-dist/tex/generic/pgf/basiclayer/pgfcorearrows.code.tex
File: pgfcorearrows.code.tex 2015/05/14  (rcs-revision 1.43)
\pgfarrowsep=\dimen138
)
(/usr/share/texmf-dist/tex/generic/pgf/basiclayer/pgfcoreshade.code.tex
File: pgfcoreshade.code.tex 2013/07/15  (rcs-revision 1.15)
\pgf@max=\dimen139
\pgf@sys@shading@range@num=\count98
)
(/usr/share/texmf-dist/tex/generic/pgf/basiclayer/pgfcoreimage.code.tex
File: pgfcoreimage.code.tex 2013/07/15  (rcs-revision 1.18)

(/usr/share/texmf-dist/tex/generic/pgf/basiclayer/pgfcoreexternal.code.tex
File: pgfcoreexternal.code.tex 2014/07/09  (rcs-revision 1.21)
\pgfexternal@startupbox=\box31
))
(/usr/share/texmf-dist/tex/generic/pgf/basiclayer/pgfcorelayers.code.tex
File: pgfcorelayers.code.tex 2013/07/18  (rcs-revision 1.7)
)
(/usr/share/texmf-dist/tex/generic/pgf/basiclayer/pgfcoretransparency.code.tex
File: pgfcoretransparency.code.tex 2013/09/30  (rcs-revision 1.5)
) (/usr/share/texmf-dist/tex/generic/pgf/basiclayer/pgfcorepatterns.code.tex
File: pgfcorepatterns.code.tex 2013/11/07  (rcs-revision 1.5)
)))
(/usr/share/texmf-dist/tex/generic/pgf/modules/pgfmoduleshapes.code.tex
File: pgfmoduleshapes.code.tex 2014/03/21  (rcs-revision 1.35)
\pgfnodeparttextbox=\box32
)
(/usr/share/texmf-dist/tex/generic/pgf/modules/pgfmoduleplot.code.tex
File: pgfmoduleplot.code.tex 2015/08/03  (rcs-revision 1.13)
)
(/usr/share/texmf-dist/tex/latex/pgf/compatibility/pgfcomp-version-0-65.sty
Package: pgfcomp-version-0-65 2007/07/03 v3.0.1a (rcs-revision 1.7)
\pgf@nodesepstart=\dimen140
\pgf@nodesepend=\dimen141
)
(/usr/share/texmf-dist/tex/latex/pgf/compatibility/pgfcomp-version-1-18.sty
Package: pgfcomp-version-1-18 2007/07/23 v3.0.1a (rcs-revision 1.1)
))
(/usr/share/texmf-dist/tex/latex/pgf/utilities/pgffor.sty
(/usr/share/texmf-dist/tex/latex/pgf/utilities/pgfkeys.sty
(/usr/share/texmf-dist/tex/generic/pgf/utilities/pgfkeys.code.tex))
(/usr/share/texmf-dist/tex/latex/pgf/math/pgfmath.sty
(/usr/share/texmf-dist/tex/generic/pgf/math/pgfmath.code.tex))
(/usr/share/texmf-dist/tex/generic/pgf/utilities/pgffor.code.tex
Package: pgffor 2013/12/13 v3.0.1a (rcs-revision 1.25)

(/usr/share/texmf-dist/tex/generic/pgf/math/pgfmath.code.tex)
\pgffor@iter=\dimen142
\pgffor@skip=\dimen143
\pgffor@stack=\toks25
\pgffor@toks=\toks26
))
(/usr/share/texmf-dist/tex/generic/pgf/frontendlayer/tikz/tikz.code.tex
Package: tikz 2015/08/07 v3.0.1a (rcs-revision 1.151)

(/usr/share/texmf-dist/tex/generic/pgf/libraries/pgflibraryplothandlers.code.te
x
File: pgflibraryplothandlers.code.tex 2013/08/31 v3.0.1a (rcs-revision 1.20)
\pgf@plot@mark@count=\count99
\pgfplotmarksize=\dimen144
)
\tikz@lastx=\dimen145
\tikz@lasty=\dimen146
\tikz@lastxsaved=\dimen147
\tikz@lastysaved=\dimen148
\tikzleveldistance=\dimen149
\tikzsiblingdistance=\dimen150
\tikz@figbox=\box33
\tikz@figbox@bg=\box34
\tikz@tempbox=\box35
\tikz@tempbox@bg=\box36
\tikztreelevel=\count100
\tikznumberofchildren=\count101
\tikznumberofcurrentchild=\count102
\tikz@fig@count=\count103
 (/usr/share/texmf-dist/tex/generic/pgf/modules/pgfmodulematrix.code.tex
File: pgfmodulematrix.code.tex 2013/09/17  (rcs-revision 1.8)
\pgfmatrixcurrentrow=\count104
\pgfmatrixcurrentcolumn=\count105
\pgf@matrix@numberofcolumns=\count106
)
\tikz@expandcount=\count107

(/usr/share/texmf-dist/tex/generic/pgf/frontendlayer/tikz/libraries/tikzlibrary
topaths.code.tex
File: tikzlibrarytopaths.code.tex 2008/06/17 v3.0.1a (rcs-revision 1.2)
))) (/usr/share/texmf-dist/tex/latex/amsmath/amsmath.sty
Package: amsmath 2017/09/02 v2.17a AMS math features
\@mathmargin=\skip44

For additional information on amsmath, use the `?' option.
(/usr/share/texmf-dist/tex/latex/amsmath/amstext.sty
Package: amstext 2000/06/29 v2.01 AMS text

(/usr/share/texmf-dist/tex/latex/amsmath/amsgen.sty
File: amsgen.sty 1999/11/30 v2.0 generic functions
\@emptytoks=\toks27
\ex@=\dimen151
))
(/usr/share/texmf-dist/tex/latex/amsmath/amsbsy.sty
Package: amsbsy 1999/11/29 v1.2d Bold Symbols
\pmbraise@=\dimen152
)
(/usr/share/texmf-dist/tex/latex/amsmath/amsopn.sty
Package: amsopn 2016/03/08 v2.02 operator names
)
\inf@bad=\count108
LaTeX Info: Redefining \frac on input line 213.
\uproot@=\count109
\leftroot@=\count110
LaTeX Info: Redefining \overline on input line 375.
\classnum@=\count111
\DOTSCASE@=\count112
LaTeX Info: Redefining \ldots on input line 472.
LaTeX Info: Redefining \dots on input line 475.
LaTeX Info: Redefining \cdots on input line 596.
\Mathstrutbox@=\box37
\strutbox@=\box38
\big@size=\dimen153
LaTeX Font Info:    Redeclaring font encoding OML on input line 712.
LaTeX Font Info:    Redeclaring font encoding OMS on input line 713.
\macc@depth=\count113
\c@MaxMatrixCols=\count114
\dotsspace@=\muskip10
\c@parentequation=\count115
\dspbrk@lvl=\count116
\tag@help=\toks28
\row@=\count117
\column@=\count118
\maxfields@=\count119
\andhelp@=\toks29
\eqnshift@=\dimen154
\alignsep@=\dimen155
\tagshift@=\dimen156
\tagwidth@=\dimen157
\totwidth@=\dimen158
\lineht@=\dimen159
\@envbody=\toks30
\multlinegap=\skip45
\multlinetaggap=\skip46
\mathdisplay@stack=\toks31
LaTeX Info: Redefining \[ on input line 2817.
LaTeX Info: Redefining \] on input line 2818.
)
(/usr/share/texmf-dist/tex/latex/hyperref/hyperref.sty
Package: hyperref 2018/09/30 v6.88a Hypertext links for LaTeX

(/usr/share/texmf-dist/tex/generic/oberdiek/hobsub-hyperref.sty
Package: hobsub-hyperref 2016/05/16 v1.14 Bundle oberdiek, subset hyperref (HO)


(/usr/share/texmf-dist/tex/generic/oberdiek/hobsub-generic.sty
Package: hobsub-generic 2016/05/16 v1.14 Bundle oberdiek, subset generic (HO)
Package: hobsub 2016/05/16 v1.14 Construct package bundles (HO)
Package hobsub Info: Skipping package `infwarerr' (already loaded).
Package hobsub Info: Skipping package `ltxcmds' (already loaded).
Package hobsub Info: Skipping package `ifluatex' (already loaded).
Package: ifvtex 2016/05/16 v1.6 Detect VTeX and its facilities (HO)
Package ifvtex Info: VTeX not detected.
Package: intcalc 2016/05/16 v1.2 Expandable calculations with integers (HO)
Package: ifpdf 2018/09/07 v3.3 Provides the ifpdf switch
Package hobsub Info: Skipping package `etexcmds' (already loaded).
Package hobsub Info: Skipping package `kvsetkeys' (already loaded).
Package: kvdefinekeys 2016/05/16 v1.4 Define keys (HO)
Package: pdftexcmds 2018/09/10 v0.29 Utility functions of pdfTeX for LuaTeX (HO
)
Package pdftexcmds Info: LuaTeX not detected.
Package pdftexcmds Info: \pdf@primitive is available.
Package pdftexcmds Info: \pdf@ifprimitive is available.
Package pdftexcmds Info: \pdfdraftmode found.
Package: pdfescape 2016/05/16 v1.14 Implements pdfTeX's escape features (HO)
Package: bigintcalc 2016/05/16 v1.4 Expandable calculations on big integers (HO
)
Package: bitset 2016/05/16 v1.2 Handle bit-vector datatype (HO)
Package: uniquecounter 2016/05/16 v1.3 Provide unlimited unique counter (HO)
)
Package hobsub Info: Skipping package `hobsub' (already loaded).
Package: letltxmacro 2016/05/16 v1.5 Let assignment for LaTeX macros (HO)
Package: hopatch 2016/05/16 v1.3 Wrapper for package hooks (HO)
Package: xcolor-patch 2016/05/16 xcolor patch
Package: atveryend 2016/05/16 v1.9 Hooks at the very end of document (HO)
Package: atbegshi 2016/06/09 v1.18 At begin shipout hook (HO)
Package: refcount 2016/05/16 v3.5 Data extraction from label references (HO)
Package: hycolor 2016/05/16 v1.8 Color options for hyperref/bookmark (HO)
)
(/usr/share/texmf-dist/tex/generic/ifxetex/ifxetex.sty
Package: ifxetex 2010/09/12 v0.6 Provides ifxetex conditional
)
(/usr/share/texmf-dist/tex/latex/oberdiek/auxhook.sty
Package: auxhook 2016/05/16 v1.4 Hooks for auxiliary files (HO)
)
\@linkdim=\dimen160
\Hy@linkcounter=\count120
\Hy@pagecounter=\count121

(/usr/share/texmf-dist/tex/latex/hyperref/pd1enc.def
File: pd1enc.def 2018/09/30 v6.88a Hyperref: PDFDocEncoding definition (HO)
Now handling font encoding PD1 ...
... no UTF-8 mapping file for font encoding PD1
)
\Hy@SavedSpaceFactor=\count122

(/usr/share/texmf-dist/tex/latex/latexconfig/hyperref.cfg
File: hyperref.cfg 2002/06/06 v1.2 hyperref configuration of TeXLive
)
Package hyperref Info: Hyper figures OFF on input line 4535.
Package hyperref Info: Link nesting OFF on input line 4540.
Package hyperref Info: Hyper index ON on input line 4543.
Package hyperref Info: Plain pages OFF on input line 4550.
Package hyperref Info: Backreferencing OFF on input line 4555.
Package hyperref Info: Implicit mode ON; LaTeX internals redefined.
Package hyperref Info: Bookmarks ON on input line 4788.
\c@Hy@tempcnt=\count123

(/usr/share/texmf-dist/tex/latex/url/url.sty
\Urlmuskip=\muskip11
Package: url 2013/09/16  ver 3.4  Verb mode for urls, etc.
)
LaTeX Info: Redefining \url on input line 5141.
\XeTeXLinkMargin=\dimen161
\Fld@menulength=\count124
\Field@Width=\dimen162
\Fld@charsize=\dimen163
Package hyperref Info: Hyper figures OFF on input line 6396.
Package hyperref Info: Link nesting OFF on input line 6401.
Package hyperref Info: Hyper index ON on input line 6404.
Package hyperref Info: backreferencing OFF on input line 6411.
Package hyperref Info: Link coloring OFF on input line 6416.
Package hyperref Info: Link coloring with OCG OFF on input line 6421.
Package hyperref Info: PDF/A mode OFF on input line 6426.
LaTeX Info: Redefining \ref on input line 6466.
LaTeX Info: Redefining \pageref on input line 6470.
\Hy@abspage=\count125
\c@Item=\count126
\c@Hfootnote=\count127
)
Package hyperref Info: Driver (autodetected): hpdftex.

(/usr/share/texmf-dist/tex/latex/hyperref/hpdftex.def
File: hpdftex.def 2018/09/30 v6.88a Hyperref driver for pdfTeX
\Fld@listcount=\count128
\c@bookmark@seq@number=\count129

(/usr/share/texmf-dist/tex/latex/oberdiek/rerunfilecheck.sty
Package: rerunfilecheck 2016/05/16 v1.8 Rerun checks for auxiliary files (HO)
Package uniquecounter Info: New unique counter `rerunfilecheck' on input line 2
82.
)
\Hy@SectionHShift=\skip47
) (./DC1.aux)
\openout1 = `DC1.aux'.

LaTeX Font Info:    Checking defaults for OML/cmm/m/it on input line 13.
LaTeX Font Info:    ... okay on input line 13.
LaTeX Font Info:    Checking defaults for T1/cmr/m/n on input line 13.
LaTeX Font Info:    ... okay on input line 13.
LaTeX Font Info:    Checking defaults for OT1/cmr/m/n on input line 13.
LaTeX Font Info:    ... okay on input line 13.
LaTeX Font Info:    Checking defaults for OMS/cmsy/m/n on input line 13.
LaTeX Font Info:    ... okay on input line 13.
LaTeX Font Info:    Checking defaults for OMX/cmex/m/n on input line 13.
LaTeX Font Info:    ... okay on input line 13.
LaTeX Font Info:    Checking defaults for U/cmr/m/n on input line 13.
LaTeX Font Info:    ... okay on input line 13.
LaTeX Font Info:    Checking defaults for PD1/pdf/m/n on input line 13.
LaTeX Font Info:    ... okay on input line 13.

ABD: EveryShipout initializing macros
(/usr/share/texmf-dist/tex/context/base/mkii/supp-pdf.mkii
[Loading MPS to PDF converter (version 2006.09.02).]
\scratchcounter=\count130
\scratchdimen=\dimen164
\scratchbox=\box39
\nofMPsegments=\count131
\nofMParguments=\count132
\everyMPshowfont=\toks32
\MPscratchCnt=\count133
\MPscratchDim=\dimen165
\MPnumerator=\count134
\makeMPintoPDFobject=\count135
\everyMPtoPDFconversion=\toks33
) (/usr/share/texmf-dist/tex/latex/oberdiek/epstopdf-base.sty
Package: epstopdf-base 2016/05/15 v2.6 Base part for package epstopdf

(/usr/share/texmf-dist/tex/latex/oberdiek/grfext.sty
Package: grfext 2016/05/16 v1.2 Manage graphics extensions (HO)
)
Package epstopdf-base Info: Redefining graphics rule for `.eps' on input line 4
38.
Package grfext Info: Graphics extension search list:
(grfext)             [.pdf,.png,.jpg,.mps,.jpeg,.jbig2,.jb2,.PDF,.PNG,.JPG,.JPE
G,.JBIG2,.JB2,.eps]
(grfext)             \AppendGraphicsExtensions on input line 456.

(/usr/share/texmf-dist/tex/latex/latexconfig/epstopdf-sys.cfg
File: epstopdf-sys.cfg 2010/07/13 v1.3 Configuration of (r)epstopdf for TeX Liv
e
))
\AtBeginShipoutBox=\box40
Package hyperref Info: Link coloring OFF on input line 13.

(/usr/share/texmf-dist/tex/latex/hyperref/nameref.sty
Package: nameref 2016/05/21 v2.44 Cross-referencing by name of section

(/usr/share/texmf-dist/tex/generic/oberdiek/gettitlestring.sty
Package: gettitlestring 2016/05/16 v1.5 Cleanup title references (HO)
)
\c@section@level=\count136
)
LaTeX Info: Redefining \ref on input line 13.
LaTeX Info: Redefining \pageref on input line 13.
LaTeX Info: Redefining \nameref on input line 13.
 (./DC1.out)
(./DC1.out)
\@outlinefile=\write4
\openout4 = `DC1.out'.

<Netwerkdiagram.png, id=47, 363.3575pt x 218.8175pt>
File: Netwerkdiagram.png Graphic file (type png)
<use Netwerkdiagram.png>
Package pdftex.def Info: Netwerkdiagram.png  used on input line 21.
(pdftex.def)             Requested size: 227.62204pt x 137.07779pt.
 [1

{/var/lib/texmf/fonts/map/pdftex/updmap/pdftex.map} <./Netwerkdiagram.png>]
<Pictures/Windows_Install/1542293852.png, id=67, 1927.2pt x 1084.05pt>
File: Pictures/Windows_Install/1542293852.png Graphic file (type png)
<use Pictures/Windows_Install/1542293852.png>
Package pdftex.def Info: Pictures/Windows_Install/1542293852.png  used on input
 line 100.
(pdftex.def)             Requested size: 426.79134pt x 240.06316pt.
 [2

]
<Pictures/Windows_Install/1542293872.png, id=107, 1927.2pt x 1084.05pt>
File: Pictures/Windows_Install/1542293872.png Graphic file (type png)
<use Pictures/Windows_Install/1542293872.png>
Package pdftex.def Info: Pictures/Windows_Install/1542293872.png  used on input
 line 104.
(pdftex.def)             Requested size: 426.79134pt x 240.06316pt.
<Pictures/Windows_Install/1542293887.png, id=108, 1927.2pt x 1084.05pt>
File: Pictures/Windows_Install/1542293887.png Graphic file (type png)
<use Pictures/Windows_Install/1542293887.png>
Package pdftex.def Info: Pictures/Windows_Install/1542293887.png  used on input
 line 109.
(pdftex.def)             Requested size: 426.79134pt x 240.06316pt.
 [3 <./Pictures/Windows_Install/1542293852.png> <./Pictures/Windows_Install/154
2293872.png>]
<Pictures/Windows_Install/1542293899.png, id=115, 1927.2pt x 1084.05pt>
File: Pictures/Windows_Install/1542293899.png Graphic file (type png)
<use Pictures/Windows_Install/1542293899.png>
Package pdftex.def Info: Pictures/Windows_Install/1542293899.png  used on input
 line 112.
(pdftex.def)             Requested size: 426.79134pt x 240.06316pt.
<Pictures/Windows_Install/1542293908.png, id=116, 1927.2pt x 1084.05pt>
File: Pictures/Windows_Install/1542293908.png Graphic file (type png)
<use Pictures/Windows_Install/1542293908.png>
Package pdftex.def Info: Pictures/Windows_Install/1542293908.png  used on input
 line 117.
(pdftex.def)             Requested size: 426.79134pt x 240.06316pt.
 [4 <./Pictures/Windows_Install/1542293887.png> <./Pictures/Windows_Install/154
2293899.png>]
<Pictures/Windows_Install/1542293921.png, id=123, 1927.2pt x 1084.05pt>
File: Pictures/Windows_Install/1542293921.png Graphic file (type png)
<use Pictures/Windows_Install/1542293921.png>
Package pdftex.def Info: Pictures/Windows_Install/1542293921.png  used on input
 line 122.
(pdftex.def)             Requested size: 426.79134pt x 240.06316pt.
<Pictures/Windows_Install/1542293929.png, id=124, 1927.2pt x 1084.05pt>
File: Pictures/Windows_Install/1542293929.png Graphic file (type png)
<use Pictures/Windows_Install/1542293929.png>
Package pdftex.def Info: Pictures/Windows_Install/1542293929.png  used on input
 line 127.
(pdftex.def)             Requested size: 426.79134pt x 240.06316pt.
 [5 <./Pictures/Windows_Install/1542293908.png> <./Pictures/Windows_Install/154
2293921.png>]
<Pictures/Windows_Install/1542293934.png, id=131, 1927.2pt x 1084.05pt>
File: Pictures/Windows_Install/1542293934.png Graphic file (type png)
<use Pictures/Windows_Install/1542293934.png>
Package pdftex.def Info: Pictures/Windows_Install/1542293934.png  used on input
 line 132.
(pdftex.def)             Requested size: 426.79134pt x 240.06316pt.
<Pictures/Windows_Install/1542293945.png, id=132, 1927.2pt x 1084.05pt>
File: Pictures/Windows_Install/1542293945.png Graphic file (type png)
<use Pictures/Windows_Install/1542293945.png>
Package pdftex.def Info: Pictures/Windows_Install/1542293945.png  used on input
 line 137.
(pdftex.def)             Requested size: 426.79134pt x 240.06316pt.
 [6 <./Pictures/Windows_Install/1542293929.png> <./Pictures/Windows_Install/154
2293934.png>]
<Pictures/DC1/Basisconfiguratie/1542295124.png, id=139, 1927.2pt x 1084.05pt>
File: Pictures/DC1/Basisconfiguratie/1542295124.png Graphic file (type png)
<use Pictures/DC1/Basisconfiguratie/1542295124.png>
Package pdftex.def Info: Pictures/DC1/Basisconfiguratie/1542295124.png  used on
 input line 141.
(pdftex.def)             Requested size: 426.79134pt x 240.06316pt.
<Pictures/DC1/Basisconfiguratie/1542295346.png, id=140, 1927.2pt x 1084.05pt>
File: Pictures/DC1/Basisconfiguratie/1542295346.png Graphic file (type png)
<use Pictures/DC1/Basisconfiguratie/1542295346.png>
Package pdftex.def Info: Pictures/DC1/Basisconfiguratie/1542295346.png  used on
 input line 145.
(pdftex.def)             Requested size: 426.79134pt x 240.06316pt.
 [7 <./Pictures/Windows_Install/1542293945.png> <./Pictures/DC1/Basisconfigurat
ie/1542295124.png>]
<Pictures/DC1/ADDS/1542295445.png, id=148, 1927.2pt x 1084.05pt>
File: Pictures/DC1/ADDS/1542295445.png Graphic file (type png)
<use Pictures/DC1/ADDS/1542295445.png>
Package pdftex.def Info: Pictures/DC1/ADDS/1542295445.png  used on input line 1
50.
(pdftex.def)             Requested size: 426.79134pt x 240.06316pt.
<Pictures/DC1/ADDS/1542295457.png, id=149, 1927.2pt x 1084.05pt>
File: Pictures/DC1/ADDS/1542295457.png Graphic file (type png)
<use Pictures/DC1/ADDS/1542295457.png>
Package pdftex.def Info: Pictures/DC1/ADDS/1542295457.png  used on input line 1
53.
(pdftex.def)             Requested size: 426.79134pt x 240.06316pt.
 [8 <./Pictures/DC1/Basisconfiguratie/1542295346.png> <./Pictures/DC1/ADDS/1542
295445.png>]
<Pictures/DC1/ADDS/1542298075.png, id=156, 1927.2pt x 1084.05pt>
File: Pictures/DC1/ADDS/1542298075.png Graphic file (type png)
<use Pictures/DC1/ADDS/1542298075.png>
Package pdftex.def Info: Pictures/DC1/ADDS/1542298075.png  used on input line 1
58.
(pdftex.def)             Requested size: 426.79134pt x 240.06316pt.
<Pictures/DC1/ADDS/1542298094.png, id=157, 1927.2pt x 1084.05pt>
File: Pictures/DC1/ADDS/1542298094.png Graphic file (type png)
<use Pictures/DC1/ADDS/1542298094.png>
Package pdftex.def Info: Pictures/DC1/ADDS/1542298094.png  used on input line 1
63.
(pdftex.def)             Requested size: 426.79134pt x 240.06316pt.
 [9 <./Pictures/DC1/ADDS/1542295457.png> <./Pictures/DC1/ADDS/1542298075.png>]
<Pictures/DC1/ADDS/1542298140.png, id=164, 1927.2pt x 1084.05pt>
File: Pictures/DC1/ADDS/1542298140.png Graphic file (type png)
<use Pictures/DC1/ADDS/1542298140.png>
Package pdftex.def Info: Pictures/DC1/ADDS/1542298140.png  used on input line 1
68.
(pdftex.def)             Requested size: 426.79134pt x 240.06316pt.
<Pictures/DC1/ADDS/1542298296.png, id=165, 1927.2pt x 1084.05pt>
File: Pictures/DC1/ADDS/1542298296.png Graphic file (type png)
<use Pictures/DC1/ADDS/1542298296.png>
Package pdftex.def Info: Pictures/DC1/ADDS/1542298296.png  used on input line 1
73.
(pdftex.def)             Requested size: 426.79134pt x 240.06316pt.
 [10 <./Pictures/DC1/ADDS/1542298094.png> <./Pictures/DC1/ADDS/1542298140.png>]
<Pictures/DC1/ADDS/1542298300.png, id=173, 1927.2pt x 1084.05pt>
File: Pictures/DC1/ADDS/1542298300.png Graphic file (type png)
<use Pictures/DC1/ADDS/1542298300.png>
Package pdftex.def Info: Pictures/DC1/ADDS/1542298300.png  used on input line 1
78.
(pdftex.def)             Requested size: 426.79134pt x 240.06316pt.
<Pictures/DC1/ADDS/1542298389.png, id=174, 1927.2pt x 1084.05pt>
File: Pictures/DC1/ADDS/1542298389.png Graphic file (type png)
<use Pictures/DC1/ADDS/1542298389.png>
Package pdftex.def Info: Pictures/DC1/ADDS/1542298389.png  used on input line 1
83.
(pdftex.def)             Requested size: 426.79134pt x 240.06316pt.
 [11 <./Pictures/DC1/ADDS/1542298296.png> <./Pictures/DC1/ADDS/1542298300.png>]
<Pictures/DC1/ADDS/1542298414.png, id=181, 1927.2pt x 1084.05pt>
File: Pictures/DC1/ADDS/1542298414.png Graphic file (type png)
<use Pictures/DC1/ADDS/1542298414.png>
Package pdftex.def Info: Pictures/DC1/ADDS/1542298414.png  used on input line 1
88.
(pdftex.def)             Requested size: 426.79134pt x 240.06316pt.
<Pictures/DC1/ADDS/1542298418.png, id=182, 1927.2pt x 1084.05pt>
File: Pictures/DC1/ADDS/1542298418.png Graphic file (type png)
<use Pictures/DC1/ADDS/1542298418.png>
Package pdftex.def Info: Pictures/DC1/ADDS/1542298418.png  used on input line 1
91.
(pdftex.def)             Requested size: 426.79134pt x 240.06316pt.
 [12 <./Pictures/DC1/ADDS/1542298389.png> <./Pictures/DC1/ADDS/1542298414.png>]
<Pictures/DC1/ADDS/1542298569.png, id=189, 1927.2pt x 1084.05pt>
File: Pictures/DC1/ADDS/1542298569.png Graphic file (type png)
<use Pictures/DC1/ADDS/1542298569.png>
Package pdftex.def Info: Pictures/DC1/ADDS/1542298569.png  used on input line 1
94.
(pdftex.def)             Requested size: 426.79134pt x 240.06316pt.
<Pictures/DC1/ADDS/1542298968.png, id=190, 1927.2pt x 1084.05pt>
File: Pictures/DC1/ADDS/1542298968.png Graphic file (type png)
<use Pictures/DC1/ADDS/1542298968.png>
Package pdftex.def Info: Pictures/DC1/ADDS/1542298968.png  used on input line 1
97.
(pdftex.def)             Requested size: 426.79134pt x 240.06316pt.
 [13 <./Pictures/DC1/ADDS/1542298418.png> <./Pictures/DC1/ADDS/1542298569.png>]
<Pictures/DC1/ADDS/1542299418.png, id=198, 1927.2pt x 1084.05pt>
File: Pictures/DC1/ADDS/1542299418.png Graphic file (type png)
<use Pictures/DC1/ADDS/1542299418.png>
Package pdftex.def Info: Pictures/DC1/ADDS/1542299418.png  used on input line 2
02.
(pdftex.def)             Requested size: 426.79134pt x 240.06316pt.
<Pictures/DC1/ADDS/1542299460.png, id=199, 1927.2pt x 1084.05pt>
File: Pictures/DC1/ADDS/1542299460.png Graphic file (type png)
<use Pictures/DC1/ADDS/1542299460.png>
Package pdftex.def Info: Pictures/DC1/ADDS/1542299460.png  used on input line 2
07.
(pdftex.def)             Requested size: 426.79134pt x 240.06316pt.
 [14 <./Pictures/DC1/ADDS/1542298968.png> <./Pictures/DC1/ADDS/1542299418.png>]
<Pictures/DC1/DHCP/1542299853.png, id=206, 1927.2pt x 1084.05pt>
File: Pictures/DC1/DHCP/1542299853.png Graphic file (type png)
<use Pictures/DC1/DHCP/1542299853.png>
Package pdftex.def Info: Pictures/DC1/DHCP/1542299853.png  used on input line 2
13.
(pdftex.def)             Requested size: 426.79134pt x 240.06316pt.
<Pictures/DC1/DHCP/1542299861.png, id=207, 1927.2pt x 1084.05pt>
File: Pictures/DC1/DHCP/1542299861.png Graphic file (type png)
<use Pictures/DC1/DHCP/1542299861.png>
Package pdftex.def Info: Pictures/DC1/DHCP/1542299861.png  used on input line 2
18.
(pdftex.def)             Requested size: 426.79134pt x 240.06316pt.
 [15 <./Pictures/DC1/ADDS/1542299460.png> <./Pictures/DC1/DHCP/1542299853.png>]
<Pictures/DC1/DHCP/1542299870.png, id=214, 1927.2pt x 1084.05pt>
File: Pictures/DC1/DHCP/1542299870.png Graphic file (type png)
<use Pictures/DC1/DHCP/1542299870.png>
Package pdftex.def Info: Pictures/DC1/DHCP/1542299870.png  used on input line 2
23.
(pdftex.def)             Requested size: 426.79134pt x 240.06316pt.
<Pictures/DC1/DHCP/1542299953.png, id=215, 1927.2pt x 1084.05pt>
File: Pictures/DC1/DHCP/1542299953.png Graphic file (type png)
<use Pictures/DC1/DHCP/1542299953.png>
Package pdftex.def Info: Pictures/DC1/DHCP/1542299953.png  used on input line 2
28.
(pdftex.def)             Requested size: 426.79134pt x 240.06316pt.
 [16 <./Pictures/DC1/DHCP/1542299861.png> <./Pictures/DC1/DHCP/1542299870.png>]
<Pictures/DC1/DHCP/1542299964.png, id=222, 1927.2pt x 1084.05pt>
File: Pictures/DC1/DHCP/1542299964.png Graphic file (type png)
<use Pictures/DC1/DHCP/1542299964.png>
Package pdftex.def Info: Pictures/DC1/DHCP/1542299964.png  used on input line 2
33.
(pdftex.def)             Requested size: 426.79134pt x 240.06316pt.
<Pictures/DC1/DHCP/1542299973.png, id=223, 1927.2pt x 1084.05pt>
File: Pictures/DC1/DHCP/1542299973.png Graphic file (type png)
<use Pictures/DC1/DHCP/1542299973.png>
Package pdftex.def Info: Pictures/DC1/DHCP/1542299973.png  used on input line 2
36.
(pdftex.def)             Requested size: 426.79134pt x 240.06316pt.
 [17 <./Pictures/DC1/DHCP/1542299953.png> <./Pictures/DC1/DHCP/1542299964.png>]
<Pictures/DC1/DHCP/1542300003.png, id=230, 1927.2pt x 1084.05pt>
File: Pictures/DC1/DHCP/1542300003.png Graphic file (type png)
<use Pictures/DC1/DHCP/1542300003.png>
Package pdftex.def Info: Pictures/DC1/DHCP/1542300003.png  used on input line 2
39.
(pdftex.def)             Requested size: 426.79134pt x 240.06316pt.
<Pictures/DC1/DHCP/1542300021.png, id=231, 1927.2pt x 1084.05pt>
File: Pictures/DC1/DHCP/1542300021.png Graphic file (type png)
<use Pictures/DC1/DHCP/1542300021.png>
Package pdftex.def Info: Pictures/DC1/DHCP/1542300021.png  used on input line 2
44.
(pdftex.def)             Requested size: 426.79134pt x 240.06316pt.
 [18 <./Pictures/DC1/DHCP/1542299973.png> <./Pictures/DC1/DHCP/1542300003.png>]
<Pictures/DC1/DHCP/1542300063.png, id=238, 1927.2pt x 1084.05pt>
File: Pictures/DC1/DHCP/1542300063.png Graphic file (type png)
<use Pictures/DC1/DHCP/1542300063.png>
Package pdftex.def Info: Pictures/DC1/DHCP/1542300063.png  used on input line 2
49.
(pdftex.def)             Requested size: 426.79134pt x 240.06316pt.
<Pictures/DC1/DHCP/1542300111.png, id=239, 1927.2pt x 1084.05pt>
File: Pictures/DC1/DHCP/1542300111.png Graphic file (type png)
<use Pictures/DC1/DHCP/1542300111.png>
Package pdftex.def Info: Pictures/DC1/DHCP/1542300111.png  used on input line 2
54.
(pdftex.def)             Requested size: 426.79134pt x 240.06316pt.
 [19 <./Pictures/DC1/DHCP/1542300021.png> <./Pictures/DC1/DHCP/1542300063.png>]
<Pictures/DC1/DHCP/1542300114.png, id=247, 1927.2pt x 1084.05pt>
File: Pictures/DC1/DHCP/1542300114.png Graphic file (type png)
<use Pictures/DC1/DHCP/1542300114.png>
Package pdftex.def Info: Pictures/DC1/DHCP/1542300114.png  used on input line 2
59.
(pdftex.def)             Requested size: 426.79134pt x 240.06316pt.
<Pictures/DC1/DHCP/1542300144.png, id=248, 1927.2pt x 1084.05pt>
File: Pictures/DC1/DHCP/1542300144.png Graphic file (type png)
<use Pictures/DC1/DHCP/1542300144.png>
Package pdftex.def Info: Pictures/DC1/DHCP/1542300144.png  used on input line 2
64.
(pdftex.def)             Requested size: 426.79134pt x 240.06316pt.
 [20 <./Pictures/DC1/DHCP/1542300111.png> <./Pictures/DC1/DHCP/1542300114.png>]
<Pictures/DC1/DHCP/1542300195.png, id=255, 1927.2pt x 1084.05pt>
File: Pictures/DC1/DHCP/1542300195.png Graphic file (type png)
<use Pictures/DC1/DHCP/1542300195.png>
Package pdftex.def Info: Pictures/DC1/DHCP/1542300195.png  used on input line 2
69.
(pdftex.def)             Requested size: 426.79134pt x 240.06316pt.
<Pictures/DC1/DHCP/1542300229.png, id=256, 1927.2pt x 1084.05pt>
File: Pictures/DC1/DHCP/1542300229.png Graphic file (type png)
<use Pictures/DC1/DHCP/1542300229.png>
Package pdftex.def Info: Pictures/DC1/DHCP/1542300229.png  used on input line 2
74.
(pdftex.def)             Requested size: 426.79134pt x 240.06316pt.
 [21 <./Pictures/DC1/DHCP/1542300144.png> <./Pictures/DC1/DHCP/1542300195.png>]
<Pictures/DC1/DHCP/1542300240.png, id=263, 1927.2pt x 1084.05pt>
File: Pictures/DC1/DHCP/1542300240.png Graphic file (type png)
<use Pictures/DC1/DHCP/1542300240.png>
Package pdftex.def Info: Pictures/DC1/DHCP/1542300240.png  used on input line 2
79.
(pdftex.def)             Requested size: 426.79134pt x 240.06316pt.
<Pictures/DC1/DHCP/1542300248.png, id=264, 1927.2pt x 1084.05pt>
File: Pictures/DC1/DHCP/1542300248.png Graphic file (type png)
<use Pictures/DC1/DHCP/1542300248.png>
Package pdftex.def Info: Pictures/DC1/DHCP/1542300248.png  used on input line 2
82.
(pdftex.def)             Requested size: 426.79134pt x 240.06316pt.
 [22 <./Pictures/DC1/DHCP/1542300229.png> <./Pictures/DC1/DHCP/1542300240.png>]
<Pictures/DC1/Routing/1542301791.png, id=271, 1927.2pt x 1084.05pt>
File: Pictures/DC1/Routing/1542301791.png Graphic file (type png)
<use Pictures/DC1/Routing/1542301791.png>
Package pdftex.def Info: Pictures/DC1/Routing/1542301791.png  used on input lin
e 292.
(pdftex.def)             Requested size: 426.79134pt x 240.06316pt.
<Pictures/DC1/Routing/1542301906.png, id=272, 1927.2pt x 1084.05pt>
File: Pictures/DC1/Routing/1542301906.png Graphic file (type png)
<use Pictures/DC1/Routing/1542301906.png>
Package pdftex.def Info: Pictures/DC1/Routing/1542301906.png  used on input lin
e 295.
(pdftex.def)             Requested size: 426.79134pt x 240.06316pt.
 [23 <./Pictures/DC1/DHCP/1542300248.png> <./Pictures/DC1/Routing/1542301791.pn
g>]
<Pictures/DC1/Routing/1542301993.png, id=279, 1927.2pt x 1084.05pt>
File: Pictures/DC1/Routing/1542301993.png Graphic file (type png)
<use Pictures/DC1/Routing/1542301993.png>
Package pdftex.def Info: Pictures/DC1/Routing/1542301993.png  used on input lin
e 300.
(pdftex.def)             Requested size: 426.79134pt x 240.06316pt.
<Pictures/DC1/Routing/1542302012.png, id=280, 1927.2pt x 1084.05pt>
File: Pictures/DC1/Routing/1542302012.png Graphic file (type png)
<use Pictures/DC1/Routing/1542302012.png>
Package pdftex.def Info: Pictures/DC1/Routing/1542302012.png  used on input lin
e 305.
(pdftex.def)             Requested size: 426.79134pt x 240.06316pt.
 [24 <./Pictures/DC1/Routing/1542301906.png> <./Pictures/DC1/Routing/1542301993
.png>]
<Pictures/DC1/Routing/1542302154.png, id=287, 1927.2pt x 1084.05pt>
File: Pictures/DC1/Routing/1542302154.png Graphic file (type png)
<use Pictures/DC1/Routing/1542302154.png>
Package pdftex.def Info: Pictures/DC1/Routing/1542302154.png  used on input lin
e 310.
(pdftex.def)             Requested size: 426.79134pt x 240.06316pt.
<Pictures/DC1/Routing/1542302809.png, id=288, 1927.2pt x 1084.05pt>
File: Pictures/DC1/Routing/1542302809.png Graphic file (type png)
<use Pictures/DC1/Routing/1542302809.png>
Package pdftex.def Info: Pictures/DC1/Routing/1542302809.png  used on input lin
e 313.
(pdftex.def)             Requested size: 426.79134pt x 240.06316pt.
 [25 <./Pictures/DC1/Routing/1542302012.png> <./Pictures/DC1/Routing/1542302154
.png>]
<Pictures/DC1/Routing/1542302818.png, id=296, 1927.2pt x 1084.05pt>
File: Pictures/DC1/Routing/1542302818.png Graphic file (type png)
<use Pictures/DC1/Routing/1542302818.png>
Package pdftex.def Info: Pictures/DC1/Routing/1542302818.png  used on input lin
e 318.
(pdftex.def)             Requested size: 426.79134pt x 240.06316pt.
<Pictures/DC1/Routing/1542302823.png, id=297, 1927.2pt x 1084.05pt>
File: Pictures/DC1/Routing/1542302823.png Graphic file (type png)
<use Pictures/DC1/Routing/1542302823.png>
Package pdftex.def Info: Pictures/DC1/Routing/1542302823.png  used on input lin
e 323.
(pdftex.def)             Requested size: 426.79134pt x 240.06316pt.
 [26 <./Pictures/DC1/Routing/1542302809.png> <./Pictures/DC1/Routing/1542302818
.png>]
<Pictures/DC1/Routing/1542302956.png, id=304, 1927.2pt x 1084.05pt>
File: Pictures/DC1/Routing/1542302956.png Graphic file (type png)
<use Pictures/DC1/Routing/1542302956.png>
Package pdftex.def Info: Pictures/DC1/Routing/1542302956.png  used on input lin
e 328.
(pdftex.def)             Requested size: 426.79134pt x 240.06316pt.
<Pictures/DC1/Routing/1542302960.png, id=305, 1927.2pt x 1084.05pt>
File: Pictures/DC1/Routing/1542302960.png Graphic file (type png)
<use Pictures/DC1/Routing/1542302960.png>
Package pdftex.def Info: Pictures/DC1/Routing/1542302960.png  used on input lin
e 333.
(pdftex.def)             Requested size: 426.79134pt x 240.06316pt.
 [27 <./Pictures/DC1/Routing/1542302823.png> <./Pictures/DC1/Routing/1542302956
.png>] [28 <./Pictures/DC1/Routing/1542302960.png>]
Package atveryend Info: Empty hook `BeforeClearDocument' on input line 372.
Package atveryend Info: Empty hook `AfterLastShipout' on input line 372.
 (./DC1.aux)
Package atveryend Info: Executing hook `AtVeryEndDocument' on input line 372.
Package atveryend Info: Executing hook `AtEndAfterFileList' on input line 372.
Package rerunfilecheck Info: File `DC1.out' has not changed.
(rerunfilecheck)             Checksum: 854D08E98F6C63E7E061B0E442D3A8B9;545.
 ) 
Here is how much of TeX's memory you used:
 16108 strings out of 492639
 303333 string characters out of 6135497
 368538 words of memory out of 5000000
 19597 multiletter control sequences out of 15000+600000
 8429 words of font info for 31 fonts, out of 8000000 for 9000
 1141 hyphenation exceptions out of 8191
 55i,6n,54p,829b,396s stack positions out of 5000i,500n,10000p,200000b,80000s
</usr/share/texmf-dist/fonts/type1/public/amsfonts/cm/cmbx12.pfb></usr/share/
texmf-dist/fonts/type1/public/amsfonts/cm/cmr10.pfb></usr/share/texmf-dist/font
s/type1/public/amsfonts/cm/cmr12.pfb></usr/share/texmf-dist/fonts/type1/public/
amsfonts/cm/cmr17.pfb></usr/share/texmf-dist/fonts/type1/public/amsfonts/cm/cmt
t10.pfb>
Output written on DC1.pdf (28 pages, 5498745 bytes).
PDF statistics:
 357 PDF objects out of 1000 (max. 8388607)
 215 compressed objects within 3 object streams
 82 named destinations out of 1000 (max. 500000)
 353 words of extra memory for PDF output out of 10000 (max. 10000000)

