This is pdfTeX, Version 3.14159265-2.6-1.40.19 (TeX Live 2018/Arch Linux) (preloaded format=pdflatex 2018.11.15)  29 NOV 2018 15:48
entering extended mode
 restricted \write18 enabled.
 %&-line parsing enabled.
**Exchange.tex
(./Exchange.tex
LaTeX2e <2018-04-01> patch level 5
(/usr/share/texmf-dist/tex/latex/base/article.cls
Document Class: article 2014/09/29 v1.4h Standard LaTeX document class
(/usr/share/texmf-dist/tex/latex/base/size10.clo
File: size10.clo 2014/09/29 v1.4h Standard LaTeX file (size option)
)
\c@part=\count80
\c@section=\count81
\c@subsection=\count82
\c@subsubsection=\count83
\c@paragraph=\count84
\c@subparagraph=\count85
\c@figure=\count86
\c@table=\count87
\abovecaptionskip=\skip41
\belowcaptionskip=\skip42
\bibindent=\dimen102
)
(/usr/share/texmf-dist/tex/latex/preprint/fullpage.sty
Package: fullpage 1999/02/23 1.1 (PWD)
\FP@margin=\skip43
)
(/usr/share/texmf-dist/tex/latex/parskip/parskip.sty
Package: parskip 2001/04/09 non-zero parskip adjustments
)
(/usr/share/texmf-dist/tex/latex/pgf/frontendlayer/tikz.sty
(/usr/share/texmf-dist/tex/latex/pgf/basiclayer/pgf.sty
(/usr/share/texmf-dist/tex/latex/pgf/utilities/pgfrcs.sty
(/usr/share/texmf-dist/tex/generic/pgf/utilities/pgfutil-common.tex
\pgfutil@everybye=\toks14
\pgfutil@tempdima=\dimen103
\pgfutil@tempdimb=\dimen104

(/usr/share/texmf-dist/tex/generic/pgf/utilities/pgfutil-common-lists.tex))
(/usr/share/texmf-dist/tex/generic/pgf/utilities/pgfutil-latex.def
\pgfutil@abb=\box26

(/usr/share/texmf-dist/tex/latex/ms/everyshi.sty
Package: everyshi 2001/05/15 v3.00 EveryShipout Package (MS)
))
(/usr/share/texmf-dist/tex/generic/pgf/utilities/pgfrcs.code.tex
Package: pgfrcs 2015/08/07 v3.0.1a (rcs-revision 1.31)
))
Package: pgf 2015/08/07 v3.0.1a (rcs-revision 1.15)

(/usr/share/texmf-dist/tex/latex/pgf/basiclayer/pgfcore.sty
(/usr/share/texmf-dist/tex/latex/graphics/graphicx.sty
Package: graphicx 2017/06/01 v1.1a Enhanced LaTeX Graphics (DPC,SPQR)

(/usr/share/texmf-dist/tex/latex/graphics/keyval.sty
Package: keyval 2014/10/28 v1.15 key=value parser (DPC)
\KV@toks@=\toks15
)
(/usr/share/texmf-dist/tex/latex/graphics/graphics.sty
Package: graphics 2017/06/25 v1.2c Standard LaTeX Graphics (DPC,SPQR)

(/usr/share/texmf-dist/tex/latex/graphics/trig.sty
Package: trig 2016/01/03 v1.10 sin cos tan (DPC)
)
(/usr/share/texmf-dist/tex/latex/graphics-cfg/graphics.cfg
File: graphics.cfg 2016/06/04 v1.11 sample graphics configuration
)
Package graphics Info: Driver file: pdftex.def on input line 99.

(/usr/share/texmf-dist/tex/latex/graphics-def/pdftex.def
File: pdftex.def 2018/01/08 v1.0l Graphics/color driver for pdftex
))
\Gin@req@height=\dimen105
\Gin@req@width=\dimen106
)
(/usr/share/texmf-dist/tex/latex/pgf/systemlayer/pgfsys.sty
(/usr/share/texmf-dist/tex/generic/pgf/systemlayer/pgfsys.code.tex
Package: pgfsys 2014/07/09 v3.0.1a (rcs-revision 1.48)

(/usr/share/texmf-dist/tex/generic/pgf/utilities/pgfkeys.code.tex
\pgfkeys@pathtoks=\toks16
\pgfkeys@temptoks=\toks17

(/usr/share/texmf-dist/tex/generic/pgf/utilities/pgfkeysfiltered.code.tex
\pgfkeys@tmptoks=\toks18
))
\pgf@x=\dimen107
\pgf@y=\dimen108
\pgf@xa=\dimen109
\pgf@ya=\dimen110
\pgf@xb=\dimen111
\pgf@yb=\dimen112
\pgf@xc=\dimen113
\pgf@yc=\dimen114
\w@pgf@writea=\write3
\r@pgf@reada=\read1
\c@pgf@counta=\count88
\c@pgf@countb=\count89
\c@pgf@countc=\count90
\c@pgf@countd=\count91
\t@pgf@toka=\toks19
\t@pgf@tokb=\toks20
\t@pgf@tokc=\toks21

(/usr/share/texmf-dist/tex/generic/pgf/systemlayer/pgf.cfg
File: pgf.cfg 2008/05/14  (rcs-revision 1.7)
)
Driver file for pgf: pgfsys-pdftex.def

(/usr/share/texmf-dist/tex/generic/pgf/systemlayer/pgfsys-pdftex.def
File: pgfsys-pdftex.def 2014/10/11  (rcs-revision 1.35)

(/usr/share/texmf-dist/tex/generic/pgf/systemlayer/pgfsys-common-pdf.def
File: pgfsys-common-pdf.def 2013/10/10  (rcs-revision 1.13)
)))
(/usr/share/texmf-dist/tex/generic/pgf/systemlayer/pgfsyssoftpath.code.tex
File: pgfsyssoftpath.code.tex 2013/09/09  (rcs-revision 1.9)
\pgfsyssoftpath@smallbuffer@items=\count92
\pgfsyssoftpath@bigbuffer@items=\count93
)
(/usr/share/texmf-dist/tex/generic/pgf/systemlayer/pgfsysprotocol.code.tex
File: pgfsysprotocol.code.tex 2006/10/16  (rcs-revision 1.4)
))
(/usr/share/texmf-dist/tex/latex/xcolor/xcolor.sty
Package: xcolor 2016/05/11 v2.12 LaTeX color extensions (UK)

(/usr/share/texmf-dist/tex/latex/graphics-cfg/color.cfg
File: color.cfg 2016/01/02 v1.6 sample color configuration
)
Package xcolor Info: Driver file: pdftex.def on input line 225.
Package xcolor Info: Model `cmy' substituted by `cmy0' on input line 1348.
Package xcolor Info: Model `hsb' substituted by `rgb' on input line 1352.
Package xcolor Info: Model `RGB' extended on input line 1364.
Package xcolor Info: Model `HTML' substituted by `rgb' on input line 1366.
Package xcolor Info: Model `Hsb' substituted by `hsb' on input line 1367.
Package xcolor Info: Model `tHsb' substituted by `hsb' on input line 1368.
Package xcolor Info: Model `HSB' substituted by `hsb' on input line 1369.
Package xcolor Info: Model `Gray' substituted by `gray' on input line 1370.
Package xcolor Info: Model `wave' substituted by `hsb' on input line 1371.
)
(/usr/share/texmf-dist/tex/generic/pgf/basiclayer/pgfcore.code.tex
Package: pgfcore 2010/04/11 v3.0.1a (rcs-revision 1.7)

(/usr/share/texmf-dist/tex/generic/pgf/math/pgfmath.code.tex
(/usr/share/texmf-dist/tex/generic/pgf/math/pgfmathcalc.code.tex
(/usr/share/texmf-dist/tex/generic/pgf/math/pgfmathutil.code.tex)
(/usr/share/texmf-dist/tex/generic/pgf/math/pgfmathparser.code.tex
\pgfmath@dimen=\dimen115
\pgfmath@count=\count94
\pgfmath@box=\box27
\pgfmath@toks=\toks22
\pgfmath@stack@operand=\toks23
\pgfmath@stack@operation=\toks24
)
(/usr/share/texmf-dist/tex/generic/pgf/math/pgfmathfunctions.code.tex
(/usr/share/texmf-dist/tex/generic/pgf/math/pgfmathfunctions.basic.code.tex)
(/usr/share/texmf-dist/tex/generic/pgf/math/pgfmathfunctions.trigonometric.code
.tex)
(/usr/share/texmf-dist/tex/generic/pgf/math/pgfmathfunctions.random.code.tex)
(/usr/share/texmf-dist/tex/generic/pgf/math/pgfmathfunctions.comparison.code.te
x) (/usr/share/texmf-dist/tex/generic/pgf/math/pgfmathfunctions.base.code.tex)
(/usr/share/texmf-dist/tex/generic/pgf/math/pgfmathfunctions.round.code.tex)
(/usr/share/texmf-dist/tex/generic/pgf/math/pgfmathfunctions.misc.code.tex)
(/usr/share/texmf-dist/tex/generic/pgf/math/pgfmathfunctions.integerarithmetics
.code.tex))) (/usr/share/texmf-dist/tex/generic/pgf/math/pgfmathfloat.code.tex
\c@pgfmathroundto@lastzeros=\count95
)) (/usr/share/texmf-dist/tex/generic/pgf/basiclayer/pgfcorepoints.code.tex
File: pgfcorepoints.code.tex 2013/10/07  (rcs-revision 1.27)
\pgf@picminx=\dimen116
\pgf@picmaxx=\dimen117
\pgf@picminy=\dimen118
\pgf@picmaxy=\dimen119
\pgf@pathminx=\dimen120
\pgf@pathmaxx=\dimen121
\pgf@pathminy=\dimen122
\pgf@pathmaxy=\dimen123
\pgf@xx=\dimen124
\pgf@xy=\dimen125
\pgf@yx=\dimen126
\pgf@yy=\dimen127
\pgf@zx=\dimen128
\pgf@zy=\dimen129
)
(/usr/share/texmf-dist/tex/generic/pgf/basiclayer/pgfcorepathconstruct.code.tex
File: pgfcorepathconstruct.code.tex 2013/10/07  (rcs-revision 1.29)
\pgf@path@lastx=\dimen130
\pgf@path@lasty=\dimen131
) (/usr/share/texmf-dist/tex/generic/pgf/basiclayer/pgfcorepathusage.code.tex
File: pgfcorepathusage.code.tex 2014/11/02  (rcs-revision 1.24)
\pgf@shorten@end@additional=\dimen132
\pgf@shorten@start@additional=\dimen133
)
(/usr/share/texmf-dist/tex/generic/pgf/basiclayer/pgfcorescopes.code.tex
File: pgfcorescopes.code.tex 2015/05/08  (rcs-revision 1.46)
\pgfpic=\box28
\pgf@hbox=\box29
\pgf@layerbox@main=\box30
\pgf@picture@serial@count=\count96
)
(/usr/share/texmf-dist/tex/generic/pgf/basiclayer/pgfcoregraphicstate.code.tex
File: pgfcoregraphicstate.code.tex 2014/11/02  (rcs-revision 1.12)
\pgflinewidth=\dimen134
)
(/usr/share/texmf-dist/tex/generic/pgf/basiclayer/pgfcoretransformations.code.t
ex
File: pgfcoretransformations.code.tex 2015/08/07  (rcs-revision 1.20)
\pgf@pt@x=\dimen135
\pgf@pt@y=\dimen136
\pgf@pt@temp=\dimen137
) (/usr/share/texmf-dist/tex/generic/pgf/basiclayer/pgfcorequick.code.tex
File: pgfcorequick.code.tex 2008/10/09  (rcs-revision 1.3)
)
(/usr/share/texmf-dist/tex/generic/pgf/basiclayer/pgfcoreobjects.code.tex
File: pgfcoreobjects.code.tex 2006/10/11  (rcs-revision 1.2)
)
(/usr/share/texmf-dist/tex/generic/pgf/basiclayer/pgfcorepathprocessing.code.te
x
File: pgfcorepathprocessing.code.tex 2013/09/09  (rcs-revision 1.9)
) (/usr/share/texmf-dist/tex/generic/pgf/basiclayer/pgfcorearrows.code.tex
File: pgfcorearrows.code.tex 2015/05/14  (rcs-revision 1.43)
\pgfarrowsep=\dimen138
)
(/usr/share/texmf-dist/tex/generic/pgf/basiclayer/pgfcoreshade.code.tex
File: pgfcoreshade.code.tex 2013/07/15  (rcs-revision 1.15)
\pgf@max=\dimen139
\pgf@sys@shading@range@num=\count97
)
(/usr/share/texmf-dist/tex/generic/pgf/basiclayer/pgfcoreimage.code.tex
File: pgfcoreimage.code.tex 2013/07/15  (rcs-revision 1.18)

(/usr/share/texmf-dist/tex/generic/pgf/basiclayer/pgfcoreexternal.code.tex
File: pgfcoreexternal.code.tex 2014/07/09  (rcs-revision 1.21)
\pgfexternal@startupbox=\box31
))
(/usr/share/texmf-dist/tex/generic/pgf/basiclayer/pgfcorelayers.code.tex
File: pgfcorelayers.code.tex 2013/07/18  (rcs-revision 1.7)
)
(/usr/share/texmf-dist/tex/generic/pgf/basiclayer/pgfcoretransparency.code.tex
File: pgfcoretransparency.code.tex 2013/09/30  (rcs-revision 1.5)
) (/usr/share/texmf-dist/tex/generic/pgf/basiclayer/pgfcorepatterns.code.tex
File: pgfcorepatterns.code.tex 2013/11/07  (rcs-revision 1.5)
)))
(/usr/share/texmf-dist/tex/generic/pgf/modules/pgfmoduleshapes.code.tex
File: pgfmoduleshapes.code.tex 2014/03/21  (rcs-revision 1.35)
\pgfnodeparttextbox=\box32
)
(/usr/share/texmf-dist/tex/generic/pgf/modules/pgfmoduleplot.code.tex
File: pgfmoduleplot.code.tex 2015/08/03  (rcs-revision 1.13)
)
(/usr/share/texmf-dist/tex/latex/pgf/compatibility/pgfcomp-version-0-65.sty
Package: pgfcomp-version-0-65 2007/07/03 v3.0.1a (rcs-revision 1.7)
\pgf@nodesepstart=\dimen140
\pgf@nodesepend=\dimen141
)
(/usr/share/texmf-dist/tex/latex/pgf/compatibility/pgfcomp-version-1-18.sty
Package: pgfcomp-version-1-18 2007/07/23 v3.0.1a (rcs-revision 1.1)
))
(/usr/share/texmf-dist/tex/latex/pgf/utilities/pgffor.sty
(/usr/share/texmf-dist/tex/latex/pgf/utilities/pgfkeys.sty
(/usr/share/texmf-dist/tex/generic/pgf/utilities/pgfkeys.code.tex))
(/usr/share/texmf-dist/tex/latex/pgf/math/pgfmath.sty
(/usr/share/texmf-dist/tex/generic/pgf/math/pgfmath.code.tex))
(/usr/share/texmf-dist/tex/generic/pgf/utilities/pgffor.code.tex
Package: pgffor 2013/12/13 v3.0.1a (rcs-revision 1.25)

(/usr/share/texmf-dist/tex/generic/pgf/math/pgfmath.code.tex)
\pgffor@iter=\dimen142
\pgffor@skip=\dimen143
\pgffor@stack=\toks25
\pgffor@toks=\toks26
))
(/usr/share/texmf-dist/tex/generic/pgf/frontendlayer/tikz/tikz.code.tex
Package: tikz 2015/08/07 v3.0.1a (rcs-revision 1.151)

(/usr/share/texmf-dist/tex/generic/pgf/libraries/pgflibraryplothandlers.code.te
x
File: pgflibraryplothandlers.code.tex 2013/08/31 v3.0.1a (rcs-revision 1.20)
\pgf@plot@mark@count=\count98
\pgfplotmarksize=\dimen144
)
\tikz@lastx=\dimen145
\tikz@lasty=\dimen146
\tikz@lastxsaved=\dimen147
\tikz@lastysaved=\dimen148
\tikzleveldistance=\dimen149
\tikzsiblingdistance=\dimen150
\tikz@figbox=\box33
\tikz@figbox@bg=\box34
\tikz@tempbox=\box35
\tikz@tempbox@bg=\box36
\tikztreelevel=\count99
\tikznumberofchildren=\count100
\tikznumberofcurrentchild=\count101
\tikz@fig@count=\count102
 (/usr/share/texmf-dist/tex/generic/pgf/modules/pgfmodulematrix.code.tex
File: pgfmodulematrix.code.tex 2013/09/17  (rcs-revision 1.8)
\pgfmatrixcurrentrow=\count103
\pgfmatrixcurrentcolumn=\count104
\pgf@matrix@numberofcolumns=\count105
)
\tikz@expandcount=\count106

(/usr/share/texmf-dist/tex/generic/pgf/frontendlayer/tikz/libraries/tikzlibrary
topaths.code.tex
File: tikzlibrarytopaths.code.tex 2008/06/17 v3.0.1a (rcs-revision 1.2)
))) (/usr/share/texmf-dist/tex/latex/amsmath/amsmath.sty
Package: amsmath 2017/09/02 v2.17a AMS math features
\@mathmargin=\skip44

For additional information on amsmath, use the `?' option.
(/usr/share/texmf-dist/tex/latex/amsmath/amstext.sty
Package: amstext 2000/06/29 v2.01 AMS text

(/usr/share/texmf-dist/tex/latex/amsmath/amsgen.sty
File: amsgen.sty 1999/11/30 v2.0 generic functions
\@emptytoks=\toks27
\ex@=\dimen151
))
(/usr/share/texmf-dist/tex/latex/amsmath/amsbsy.sty
Package: amsbsy 1999/11/29 v1.2d Bold Symbols
\pmbraise@=\dimen152
)
(/usr/share/texmf-dist/tex/latex/amsmath/amsopn.sty
Package: amsopn 2016/03/08 v2.02 operator names
)
\inf@bad=\count107
LaTeX Info: Redefining \frac on input line 213.
\uproot@=\count108
\leftroot@=\count109
LaTeX Info: Redefining \overline on input line 375.
\classnum@=\count110
\DOTSCASE@=\count111
LaTeX Info: Redefining \ldots on input line 472.
LaTeX Info: Redefining \dots on input line 475.
LaTeX Info: Redefining \cdots on input line 596.
\Mathstrutbox@=\box37
\strutbox@=\box38
\big@size=\dimen153
LaTeX Font Info:    Redeclaring font encoding OML on input line 712.
LaTeX Font Info:    Redeclaring font encoding OMS on input line 713.
\macc@depth=\count112
\c@MaxMatrixCols=\count113
\dotsspace@=\muskip10
\c@parentequation=\count114
\dspbrk@lvl=\count115
\tag@help=\toks28
\row@=\count116
\column@=\count117
\maxfields@=\count118
\andhelp@=\toks29
\eqnshift@=\dimen154
\alignsep@=\dimen155
\tagshift@=\dimen156
\tagwidth@=\dimen157
\totwidth@=\dimen158
\lineht@=\dimen159
\@envbody=\toks30
\multlinegap=\skip45
\multlinetaggap=\skip46
\mathdisplay@stack=\toks31
LaTeX Info: Redefining \[ on input line 2817.
LaTeX Info: Redefining \] on input line 2818.
)
(/usr/share/texmf-dist/tex/latex/hyperref/hyperref.sty
Package: hyperref 2018/02/06 v6.86b Hypertext links for LaTeX

(/usr/share/texmf-dist/tex/generic/oberdiek/hobsub-hyperref.sty
Package: hobsub-hyperref 2016/05/16 v1.14 Bundle oberdiek, subset hyperref (HO)


(/usr/share/texmf-dist/tex/generic/oberdiek/hobsub-generic.sty
Package: hobsub-generic 2016/05/16 v1.14 Bundle oberdiek, subset generic (HO)
Package: hobsub 2016/05/16 v1.14 Construct package bundles (HO)
Package: infwarerr 2016/05/16 v1.4 Providing info/warning/error messages (HO)
Package: ltxcmds 2016/05/16 v1.23 LaTeX kernel commands for general use (HO)
Package: ifluatex 2016/05/16 v1.4 Provides the ifluatex switch (HO)
Package ifluatex Info: LuaTeX not detected.
Package: ifvtex 2016/05/16 v1.6 Detect VTeX and its facilities (HO)
Package ifvtex Info: VTeX not detected.
Package: intcalc 2016/05/16 v1.2 Expandable calculations with integers (HO)
Package: ifpdf 2017/03/15 v3.2 Provides the ifpdf switch
Package: etexcmds 2016/05/16 v1.6 Avoid name clashes with e-TeX commands (HO)
Package etexcmds Info: Could not find \expanded.
(etexcmds)             That can mean that you are not using pdfTeX 1.50 or
(etexcmds)             that some package has redefined \expanded.
(etexcmds)             In the latter case, load this package earlier.
Package: kvsetkeys 2016/05/16 v1.17 Key value parser (HO)
Package: kvdefinekeys 2016/05/16 v1.4 Define keys (HO)
Package: pdftexcmds 2018/01/30 v0.27 Utility functions of pdfTeX for LuaTeX (HO
)
Package pdftexcmds Info: LuaTeX not detected.
Package pdftexcmds Info: \pdf@primitive is available.
Package pdftexcmds Info: \pdf@ifprimitive is available.
Package pdftexcmds Info: \pdfdraftmode found.
Package: pdfescape 2016/05/16 v1.14 Implements pdfTeX's escape features (HO)
Package: bigintcalc 2016/05/16 v1.4 Expandable calculations on big integers (HO
)
Package: bitset 2016/05/16 v1.2 Handle bit-vector datatype (HO)
Package: uniquecounter 2016/05/16 v1.3 Provide unlimited unique counter (HO)
)
Package hobsub Info: Skipping package `hobsub' (already loaded).
Package: letltxmacro 2016/05/16 v1.5 Let assignment for LaTeX macros (HO)
Package: hopatch 2016/05/16 v1.3 Wrapper for package hooks (HO)
Package: xcolor-patch 2016/05/16 xcolor patch
Package: atveryend 2016/05/16 v1.9 Hooks at the very end of document (HO)
Package atveryend Info: \enddocument detected (standard20110627).
Package: atbegshi 2016/06/09 v1.18 At begin shipout hook (HO)
Package: refcount 2016/05/16 v3.5 Data extraction from label references (HO)
Package: hycolor 2016/05/16 v1.8 Color options for hyperref/bookmark (HO)
)
(/usr/share/texmf-dist/tex/generic/ifxetex/ifxetex.sty
Package: ifxetex 2010/09/12 v0.6 Provides ifxetex conditional
)
(/usr/share/texmf-dist/tex/latex/oberdiek/auxhook.sty
Package: auxhook 2016/05/16 v1.4 Hooks for auxiliary files (HO)
)
(/usr/share/texmf-dist/tex/latex/oberdiek/kvoptions.sty
Package: kvoptions 2016/05/16 v3.12 Key value format for package options (HO)
)
\@linkdim=\dimen160
\Hy@linkcounter=\count119
\Hy@pagecounter=\count120

(/usr/share/texmf-dist/tex/latex/hyperref/pd1enc.def
File: pd1enc.def 2018/02/06 v6.86b Hyperref: PDFDocEncoding definition (HO)
Now handling font encoding PD1 ...
... no UTF-8 mapping file for font encoding PD1
)
\Hy@SavedSpaceFactor=\count121

(/usr/share/texmf-dist/tex/latex/latexconfig/hyperref.cfg
File: hyperref.cfg 2002/06/06 v1.2 hyperref configuration of TeXLive
)
Package hyperref Info: Hyper figures OFF on input line 4509.
Package hyperref Info: Link nesting OFF on input line 4514.
Package hyperref Info: Hyper index ON on input line 4517.
Package hyperref Info: Plain pages OFF on input line 4524.
Package hyperref Info: Backreferencing OFF on input line 4529.
Package hyperref Info: Implicit mode ON; LaTeX internals redefined.
Package hyperref Info: Bookmarks ON on input line 4762.
\c@Hy@tempcnt=\count122

(/usr/share/texmf-dist/tex/latex/url/url.sty
\Urlmuskip=\muskip11
Package: url 2013/09/16  ver 3.4  Verb mode for urls, etc.
)
LaTeX Info: Redefining \url on input line 5115.
\XeTeXLinkMargin=\dimen161
\Fld@menulength=\count123
\Field@Width=\dimen162
\Fld@charsize=\dimen163
Package hyperref Info: Hyper figures OFF on input line 6369.
Package hyperref Info: Link nesting OFF on input line 6374.
Package hyperref Info: Hyper index ON on input line 6377.
Package hyperref Info: backreferencing OFF on input line 6384.
Package hyperref Info: Link coloring OFF on input line 6389.
Package hyperref Info: Link coloring with OCG OFF on input line 6394.
Package hyperref Info: PDF/A mode OFF on input line 6399.
LaTeX Info: Redefining \ref on input line 6439.
LaTeX Info: Redefining \pageref on input line 6443.
\Hy@abspage=\count124
\c@Item=\count125
\c@Hfootnote=\count126
)
Package hyperref Info: Driver (autodetected): hpdftex.

(/usr/share/texmf-dist/tex/latex/hyperref/hpdftex.def
File: hpdftex.def 2018/02/06 v6.86b Hyperref driver for pdfTeX
\Fld@listcount=\count127
\c@bookmark@seq@number=\count128

(/usr/share/texmf-dist/tex/latex/oberdiek/rerunfilecheck.sty
Package: rerunfilecheck 2016/05/16 v1.8 Rerun checks for auxiliary files (HO)
Package uniquecounter Info: New unique counter `rerunfilecheck' on input line 2
82.
)
\Hy@SectionHShift=\skip47
) (./Exchange.aux)
\openout1 = `Exchange.aux'.

LaTeX Font Info:    Checking defaults for OML/cmm/m/it on input line 13.
LaTeX Font Info:    ... okay on input line 13.
LaTeX Font Info:    Checking defaults for T1/cmr/m/n on input line 13.
LaTeX Font Info:    ... okay on input line 13.
LaTeX Font Info:    Checking defaults for OT1/cmr/m/n on input line 13.
LaTeX Font Info:    ... okay on input line 13.
LaTeX Font Info:    Checking defaults for OMS/cmsy/m/n on input line 13.
LaTeX Font Info:    ... okay on input line 13.
LaTeX Font Info:    Checking defaults for OMX/cmex/m/n on input line 13.
LaTeX Font Info:    ... okay on input line 13.
LaTeX Font Info:    Checking defaults for U/cmr/m/n on input line 13.
LaTeX Font Info:    ... okay on input line 13.
LaTeX Font Info:    Checking defaults for PD1/pdf/m/n on input line 13.
LaTeX Font Info:    ... okay on input line 13.
ABD: EveryShipout initializing macros
(/usr/share/texmf-dist/tex/context/base/mkii/supp-pdf.mkii
[Loading MPS to PDF converter (version 2006.09.02).]
\scratchcounter=\count129
\scratchdimen=\dimen164
\scratchbox=\box39
\nofMPsegments=\count130
\nofMParguments=\count131
\everyMPshowfont=\toks32
\MPscratchCnt=\count132
\MPscratchDim=\dimen165
\MPnumerator=\count133
\makeMPintoPDFobject=\count134
\everyMPtoPDFconversion=\toks33
) (/usr/share/texmf-dist/tex/latex/oberdiek/epstopdf-base.sty
Package: epstopdf-base 2016/05/15 v2.6 Base part for package epstopdf

(/usr/share/texmf-dist/tex/latex/oberdiek/grfext.sty
Package: grfext 2016/05/16 v1.2 Manage graphics extensions (HO)
)
Package epstopdf-base Info: Redefining graphics rule for `.eps' on input line 4
38.
Package grfext Info: Graphics extension search list:
(grfext)             [.pdf,.png,.jpg,.mps,.jpeg,.jbig2,.jb2,.PDF,.PNG,.JPG,.JPE
G,.JBIG2,.JB2,.eps]
(grfext)             \AppendGraphicsExtensions on input line 456.

(/usr/share/texmf-dist/tex/latex/latexconfig/epstopdf-sys.cfg
File: epstopdf-sys.cfg 2010/07/13 v1.3 Configuration of (r)epstopdf for TeX Liv
e
))
\AtBeginShipoutBox=\box40
Package hyperref Info: Link coloring OFF on input line 13.

(/usr/share/texmf-dist/tex/latex/hyperref/nameref.sty
Package: nameref 2016/05/21 v2.44 Cross-referencing by name of section

(/usr/share/texmf-dist/tex/generic/oberdiek/gettitlestring.sty
Package: gettitlestring 2016/05/16 v1.5 Cleanup title references (HO)
)
\c@section@level=\count135
)
LaTeX Info: Redefining \ref on input line 13.
LaTeX Info: Redefining \pageref on input line 13.
LaTeX Info: Redefining \nameref on input line 13.

(./Exchange.out) (./Exchange.out)
\@outlinefile=\write4
\openout4 = `Exchange.out'.

<Netwerkdiagram.png, id=55, 363.3575pt x 218.8175pt>
File: Netwerkdiagram.png Graphic file (type png)
<use Netwerkdiagram.png>
Package pdftex.def Info: Netwerkdiagram.png  used on input line 21.
(pdftex.def)             Requested size: 227.62204pt x 137.07779pt.
 [1

{/var/lib/texmf/fonts/map/pdftex/updmap/pdftex.map} <./Netwerkdiagram.png>]
<Pictures/Windows_Install/1542293852.png, id=75, 1927.2pt x 1084.05pt>
File: Pictures/Windows_Install/1542293852.png Graphic file (type png)
<use Pictures/Windows_Install/1542293852.png>
Package pdftex.def Info: Pictures/Windows_Install/1542293852.png  used on input
 line 100.
(pdftex.def)             Requested size: 426.79134pt x 240.06316pt.
 [2

]
<Pictures/Windows_Install/1542293872.png, id=115, 1927.2pt x 1084.05pt>
File: Pictures/Windows_Install/1542293872.png Graphic file (type png)
<use Pictures/Windows_Install/1542293872.png>
Package pdftex.def Info: Pictures/Windows_Install/1542293872.png  used on input
 line 104.
(pdftex.def)             Requested size: 426.79134pt x 240.06316pt.
<Pictures/Windows_Install/1542293887.png, id=116, 1927.2pt x 1084.05pt>
File: Pictures/Windows_Install/1542293887.png Graphic file (type png)
<use Pictures/Windows_Install/1542293887.png>
Package pdftex.def Info: Pictures/Windows_Install/1542293887.png  used on input
 line 109.
(pdftex.def)             Requested size: 426.79134pt x 240.06316pt.
 [3 <./Pictures/Windows_Install/1542293852.png> <./Pictures/Windows_Install/154
2293872.png>]
<Pictures/Windows_Install/1542293899.png, id=123, 1927.2pt x 1084.05pt>
File: Pictures/Windows_Install/1542293899.png Graphic file (type png)
<use Pictures/Windows_Install/1542293899.png>
Package pdftex.def Info: Pictures/Windows_Install/1542293899.png  used on input
 line 112.
(pdftex.def)             Requested size: 426.79134pt x 240.06316pt.
<Pictures/Windows_Install/1542293908.png, id=124, 1927.2pt x 1084.05pt>
File: Pictures/Windows_Install/1542293908.png Graphic file (type png)
<use Pictures/Windows_Install/1542293908.png>
Package pdftex.def Info: Pictures/Windows_Install/1542293908.png  used on input
 line 117.
(pdftex.def)             Requested size: 426.79134pt x 240.06316pt.
 [4 <./Pictures/Windows_Install/1542293887.png> <./Pictures/Windows_Install/154
2293899.png>]
<Pictures/Windows_Install/1542293921.png, id=131, 1927.2pt x 1084.05pt>
File: Pictures/Windows_Install/1542293921.png Graphic file (type png)
<use Pictures/Windows_Install/1542293921.png>
Package pdftex.def Info: Pictures/Windows_Install/1542293921.png  used on input
 line 122.
(pdftex.def)             Requested size: 426.79134pt x 240.06316pt.
<Pictures/Windows_Install/1542293929.png, id=132, 1927.2pt x 1084.05pt>
File: Pictures/Windows_Install/1542293929.png Graphic file (type png)
<use Pictures/Windows_Install/1542293929.png>
Package pdftex.def Info: Pictures/Windows_Install/1542293929.png  used on input
 line 127.
(pdftex.def)             Requested size: 426.79134pt x 240.06316pt.
 [5 <./Pictures/Windows_Install/1542293908.png> <./Pictures/Windows_Install/154
2293921.png>]
<Pictures/Windows_Install/1542293934.png, id=139, 1927.2pt x 1084.05pt>
File: Pictures/Windows_Install/1542293934.png Graphic file (type png)
<use Pictures/Windows_Install/1542293934.png>
Package pdftex.def Info: Pictures/Windows_Install/1542293934.png  used on input
 line 132.
(pdftex.def)             Requested size: 426.79134pt x 240.06316pt.
<Pictures/Windows_Install/1542293945.png, id=140, 1927.2pt x 1084.05pt>
File: Pictures/Windows_Install/1542293945.png Graphic file (type png)
<use Pictures/Windows_Install/1542293945.png>
Package pdftex.def Info: Pictures/Windows_Install/1542293945.png  used on input
 line 137.
(pdftex.def)             Requested size: 426.79134pt x 240.06316pt.

[6 <./Pictures/Windows_Install/1542293929.png> <./Pictures/Windows_Install/1542
293934.png>]
<Pictures/Exchange/1542621993.png, id=147, 1927.2pt x 1084.05pt>
File: Pictures/Exchange/1542621993.png Graphic file (type png)
<use Pictures/Exchange/1542621993.png>
Package pdftex.def Info: Pictures/Exchange/1542621993.png  used on input line 1
41.
(pdftex.def)             Requested size: 426.79134pt x 240.06316pt.
<Pictures/Exchange/1542622148.png, id=148, 1927.2pt x 1084.05pt>
File: Pictures/Exchange/1542622148.png Graphic file (type png)
<use Pictures/Exchange/1542622148.png>
Package pdftex.def Info: Pictures/Exchange/1542622148.png  used on input line 1
45.
(pdftex.def)             Requested size: 426.79134pt x 240.06316pt.
 [7 <./Pictures/Windows_Install/1542293945.png> <./Pictures/Exchange/1542621993
.png>]
<Pictures/Exchange/1542622164.png, id=156, 1927.2pt x 1084.05pt>
File: Pictures/Exchange/1542622164.png Graphic file (type png)
<use Pictures/Exchange/1542622164.png>
Package pdftex.def Info: Pictures/Exchange/1542622164.png  used on input line 1
49.
(pdftex.def)             Requested size: 426.79134pt x 240.06316pt.
<Pictures/Exchange/1542622176.png, id=157, 1927.2pt x 1084.05pt>
File: Pictures/Exchange/1542622176.png Graphic file (type png)
<use Pictures/Exchange/1542622176.png>
Package pdftex.def Info: Pictures/Exchange/1542622176.png  used on input line 1
54.
(pdftex.def)             Requested size: 426.79134pt x 240.06316pt.
 [8 <./Pictures/Exchange/1542622148.png> <./Pictures/Exchange/1542622164.png>]
<Pictures/Exchange/1542622272.png, id=164, 1927.2pt x 1084.05pt>
File: Pictures/Exchange/1542622272.png Graphic file (type png)
<use Pictures/Exchange/1542622272.png>
Package pdftex.def Info: Pictures/Exchange/1542622272.png  used on input line 1
59.
(pdftex.def)             Requested size: 426.79134pt x 240.06316pt.
 [9 <./Pictures/Exchange/1542622176.png> <./Pictures/Exchange/1542622272.png>]
<Pictures/Exchange/user/1543413338.png, id=172, 1927.2pt x 1084.05pt>
File: Pictures/Exchange/user/1543413338.png Graphic file (type png)
<use Pictures/Exchange/user/1543413338.png>
Package pdftex.def Info: Pictures/Exchange/user/1543413338.png  used on input l
ine 169.
(pdftex.def)             Requested size: 426.79134pt x 240.06316pt.
<Pictures/Exchange/user/1543413349.png, id=173, 1927.2pt x 1084.05pt>
File: Pictures/Exchange/user/1543413349.png Graphic file (type png)
<use Pictures/Exchange/user/1543413349.png>
Package pdftex.def Info: Pictures/Exchange/user/1543413349.png  used on input l
ine 172.
(pdftex.def)             Requested size: 426.79134pt x 240.06316pt.
<Pictures/Exchange/user/1543413368.png, id=174, 1927.2pt x 1084.05pt>
File: Pictures/Exchange/user/1543413368.png Graphic file (type png)
<use Pictures/Exchange/user/1543413368.png>
Package pdftex.def Info: Pictures/Exchange/user/1543413368.png  used on input l
ine 175.
(pdftex.def)             Requested size: 426.79134pt x 240.06316pt.
 [10

 <./Pictures/Exchange/user/1543413338.png> <./Pictures/Exchange/user/1543413349
.png>]
<Pictures/Exchange/user/1543413379.png, id=181, 1927.2pt x 1084.05pt>
File: Pictures/Exchange/user/1543413379.png Graphic file (type png)
<use Pictures/Exchange/user/1543413379.png>
Package pdftex.def Info: Pictures/Exchange/user/1543413379.png  used on input l
ine 178.
(pdftex.def)             Requested size: 426.79134pt x 240.06316pt.
<Pictures/Exchange/user/1543413382.png, id=182, 1927.2pt x 1084.05pt>
File: Pictures/Exchange/user/1543413382.png Graphic file (type png)
<use Pictures/Exchange/user/1543413382.png>
Package pdftex.def Info: Pictures/Exchange/user/1543413382.png  used on input l
ine 181.
(pdftex.def)             Requested size: 426.79134pt x 240.06316pt.
 [11 <./Pictures/Exchange/user/1543413368.png> <./Pictures/Exchange/user/154341
3379.png>]
<Pictures/Exchange/user/1543413392.png, id=189, 1927.2pt x 1084.05pt>
File: Pictures/Exchange/user/1543413392.png Graphic file (type png)
<use Pictures/Exchange/user/1543413392.png>
Package pdftex.def Info: Pictures/Exchange/user/1543413392.png  used on input l
ine 184.
(pdftex.def)             Requested size: 426.79134pt x 240.06316pt.
<Pictures/Exchange/user/1543413451.png, id=190, 1927.2pt x 1084.05pt>
File: Pictures/Exchange/user/1543413451.png Graphic file (type png)
<use Pictures/Exchange/user/1543413451.png>
Package pdftex.def Info: Pictures/Exchange/user/1543413451.png  used on input l
ine 187.
(pdftex.def)             Requested size: 426.79134pt x 240.06316pt.
 [12 <./Pictures/Exchange/user/1543413382.png> <./Pictures/Exchange/user/154341
3392.png>]
<Pictures/Exchange/user/1543413459.png, id=197, 1927.2pt x 1084.05pt>
File: Pictures/Exchange/user/1543413459.png Graphic file (type png)
<use Pictures/Exchange/user/1543413459.png>
Package pdftex.def Info: Pictures/Exchange/user/1543413459.png  used on input l
ine 190.
(pdftex.def)             Requested size: 426.79134pt x 240.06316pt.
<Pictures/Exchange/user/1543413480.png, id=198, 1927.2pt x 1084.05pt>
File: Pictures/Exchange/user/1543413480.png Graphic file (type png)
<use Pictures/Exchange/user/1543413480.png>
Package pdftex.def Info: Pictures/Exchange/user/1543413480.png  used on input l
ine 193.
(pdftex.def)             Requested size: 426.79134pt x 240.06316pt.
 [13 <./Pictures/Exchange/user/1543413451.png> <./Pictures/Exchange/user/154341
3459.png>]
<Pictures/Exchange/Pre/1542632844.png, id=206, 1927.2pt x 1084.05pt>
File: Pictures/Exchange/Pre/1542632844.png Graphic file (type png)
<use Pictures/Exchange/Pre/1542632844.png>
Package pdftex.def Info: Pictures/Exchange/Pre/1542632844.png  used on input li
ne 197.
(pdftex.def)             Requested size: 426.79134pt x 240.06316pt.
<Pictures/Exchange/Pre/1542632849.png, id=207, 1927.2pt x 1084.05pt>
File: Pictures/Exchange/Pre/1542632849.png Graphic file (type png)
<use Pictures/Exchange/Pre/1542632849.png>
Package pdftex.def Info: Pictures/Exchange/Pre/1542632849.png  used on input li
ne 202.
(pdftex.def)             Requested size: 426.79134pt x 240.06316pt.
 [14 <./Pictures/Exchange/user/1543413480.png> <./Pictures/Exchange/Pre/1542632
844.png>]
<Pictures/Exchange/Pre/1542632856.png, id=214, 1927.2pt x 1084.05pt>
File: Pictures/Exchange/Pre/1542632856.png Graphic file (type png)
<use Pictures/Exchange/Pre/1542632856.png>
Package pdftex.def Info: Pictures/Exchange/Pre/1542632856.png  used on input li
ne 207.
(pdftex.def)             Requested size: 426.79134pt x 240.06316pt.
<Pictures/Exchange/Pre/1542633119.png, id=215, 1927.2pt x 1084.05pt>
File: Pictures/Exchange/Pre/1542633119.png Graphic file (type png)
<use Pictures/Exchange/Pre/1542633119.png>
Package pdftex.def Info: Pictures/Exchange/Pre/1542633119.png  used on input li
ne 212.
(pdftex.def)             Requested size: 426.79134pt x 240.06316pt.
 [15 <./Pictures/Exchange/Pre/1542632849.png> <./Pictures/Exchange/Pre/15426328
56.png>]
<Pictures/Exchange/Pre/1542633495.png, id=222, 1927.2pt x 1084.05pt>
File: Pictures/Exchange/Pre/1542633495.png Graphic file (type png)
<use Pictures/Exchange/Pre/1542633495.png>
Package pdftex.def Info: Pictures/Exchange/Pre/1542633495.png  used on input li
ne 215.
(pdftex.def)             Requested size: 426.79134pt x 240.06316pt.
<Pictures/Exchange/Pre/1542633503.png, id=223, 1927.2pt x 1084.05pt>
File: Pictures/Exchange/Pre/1542633503.png Graphic file (type png)
<use Pictures/Exchange/Pre/1542633503.png>
Package pdftex.def Info: Pictures/Exchange/Pre/1542633503.png  used on input li
ne 218.
(pdftex.def)             Requested size: 426.79134pt x 240.06316pt.

[16 <./Pictures/Exchange/Pre/1542633119.png> <./Pictures/Exchange/Pre/154263349
5.png>]
<Pictures/Exchange/Pre/1542633506.png, id=230, 1927.2pt x 1084.05pt>
File: Pictures/Exchange/Pre/1542633506.png Graphic file (type png)
<use Pictures/Exchange/Pre/1542633506.png>
Package pdftex.def Info: Pictures/Exchange/Pre/1542633506.png  used on input li
ne 223.
(pdftex.def)             Requested size: 426.79134pt x 240.06316pt.
<Pictures/Exchange/Pre/1542633791.png, id=231, 1927.2pt x 1084.05pt>
File: Pictures/Exchange/Pre/1542633791.png Graphic file (type png)
<use Pictures/Exchange/Pre/1542633791.png>
Package pdftex.def Info: Pictures/Exchange/Pre/1542633791.png  used on input li
ne 226.
(pdftex.def)             Requested size: 426.79134pt x 240.06316pt.
 [17 <./Pictures/Exchange/Pre/1542633503.png> <./Pictures/Exchange/Pre/15426335
06.png>]
<Pictures/Exchange/Pre/1542633810.png, id=238, 1927.2pt x 1084.05pt>
File: Pictures/Exchange/Pre/1542633810.png Graphic file (type png)
<use Pictures/Exchange/Pre/1542633810.png>
Package pdftex.def Info: Pictures/Exchange/Pre/1542633810.png  used on input li
ne 231.
(pdftex.def)             Requested size: 426.79134pt x 240.06316pt.
<Pictures/Exchange/Pre/1542633813.png, id=239, 1927.2pt x 1084.05pt>
File: Pictures/Exchange/Pre/1542633813.png Graphic file (type png)
<use Pictures/Exchange/Pre/1542633813.png>
Package pdftex.def Info: Pictures/Exchange/Pre/1542633813.png  used on input li
ne 234.
(pdftex.def)             Requested size: 426.79134pt x 240.06316pt.
 [18 <./Pictures/Exchange/Pre/1542633791.png> <./Pictures/Exchange/Pre/15426338
10.png>]
<Pictures/Exchange/Pre/1542633816.png, id=246, 1927.2pt x 1084.05pt>
File: Pictures/Exchange/Pre/1542633816.png Graphic file (type png)
<use Pictures/Exchange/Pre/1542633816.png>
Package pdftex.def Info: Pictures/Exchange/Pre/1542633816.png  used on input li
ne 239.
(pdftex.def)             Requested size: 426.79134pt x 240.06316pt.
<Pictures/Exchange/Pre/1542633844.png, id=247, 1927.2pt x 1084.05pt>
File: Pictures/Exchange/Pre/1542633844.png Graphic file (type png)
<use Pictures/Exchange/Pre/1542633844.png>
Package pdftex.def Info: Pictures/Exchange/Pre/1542633844.png  used on input li
ne 242.
(pdftex.def)             Requested size: 426.79134pt x 240.06316pt.
 [19 <./Pictures/Exchange/Pre/1542633813.png> <./Pictures/Exchange/Pre/15426338
16.png>]
<Pictures/Exchange/Pre/1542633852.png, id=255, 1927.2pt x 1084.05pt>
File: Pictures/Exchange/Pre/1542633852.png Graphic file (type png)
<use Pictures/Exchange/Pre/1542633852.png>
Package pdftex.def Info: Pictures/Exchange/Pre/1542633852.png  used on input li
ne 245.
(pdftex.def)             Requested size: 426.79134pt x 240.06316pt.
<Pictures/Exchange/install/1542712869.png, id=256, 1927.2pt x 1084.05pt>
File: Pictures/Exchange/install/1542712869.png Graphic file (type png)
<use Pictures/Exchange/install/1542712869.png>
Package pdftex.def Info: Pictures/Exchange/install/1542712869.png  used on inpu
t line 251.
(pdftex.def)             Requested size: 426.79134pt x 240.06316pt.
 [20 <./Pictures/Exchange/Pre/1542633844.png> <./Pictures/Exchange/Pre/15426338
52.png>]
<Pictures/Exchange/install/1542712875.png, id=263, 1927.2pt x 1084.05pt>
File: Pictures/Exchange/install/1542712875.png Graphic file (type png)
<use Pictures/Exchange/install/1542712875.png>
Package pdftex.def Info: Pictures/Exchange/install/1542712875.png  used on inpu
t line 256.
(pdftex.def)             Requested size: 426.79134pt x 240.06316pt.
<Pictures/Exchange/install/1542712878.png, id=264, 1927.2pt x 1084.05pt>
File: Pictures/Exchange/install/1542712878.png Graphic file (type png)
<use Pictures/Exchange/install/1542712878.png>
Package pdftex.def Info: Pictures/Exchange/install/1542712878.png  used on inpu
t line 261.
(pdftex.def)             Requested size: 426.79134pt x 240.06316pt.
 [21 <./Pictures/Exchange/install/1542712869.png> <./Pictures/Exchange/install/
1542712875.png>]
<Pictures/Exchange/install/1542712954.png, id=271, 1927.2pt x 1084.05pt>
File: Pictures/Exchange/install/1542712954.png Graphic file (type png)
<use Pictures/Exchange/install/1542712954.png>
Package pdftex.def Info: Pictures/Exchange/install/1542712954.png  used on inpu
t line 266.
(pdftex.def)             Requested size: 426.79134pt x 240.06316pt.
<Pictures/Exchange/install/1542712958.png, id=272, 1927.2pt x 1084.05pt>
File: Pictures/Exchange/install/1542712958.png Graphic file (type png)
<use Pictures/Exchange/install/1542712958.png>
Package pdftex.def Info: Pictures/Exchange/install/1542712958.png  used on inpu
t line 271.
(pdftex.def)             Requested size: 426.79134pt x 240.06316pt.
 [22 <./Pictures/Exchange/install/1542712878.png> <./Pictures/Exchange/install/
1542712954.png>]
<Pictures/Exchange/install/1542712963.png, id=279, 1927.2pt x 1084.05pt>
File: Pictures/Exchange/install/1542712963.png Graphic file (type png)
<use Pictures/Exchange/install/1542712963.png>
Package pdftex.def Info: Pictures/Exchange/install/1542712963.png  used on inpu
t line 276.
(pdftex.def)             Requested size: 426.79134pt x 240.06316pt.
<Pictures/Exchange/install/1542712969.png, id=280, 1927.2pt x 1084.05pt>
File: Pictures/Exchange/install/1542712969.png Graphic file (type png)
<use Pictures/Exchange/install/1542712969.png>
Package pdftex.def Info: Pictures/Exchange/install/1542712969.png  used on inpu
t line 281.
(pdftex.def)             Requested size: 426.79134pt x 240.06316pt.

[23 <./Pictures/Exchange/install/1542712958.png> <./Pictures/Exchange/install/1
542712963.png>]
<Pictures/Exchange/install/1542712972.png, id=287, 1927.2pt x 1084.05pt>
File: Pictures/Exchange/install/1542712972.png Graphic file (type png)
<use Pictures/Exchange/install/1542712972.png>
Package pdftex.def Info: Pictures/Exchange/install/1542712972.png  used on inpu
t line 286.
(pdftex.def)             Requested size: 426.79134pt x 240.06316pt.
<Pictures/Exchange/install/1542712976.png, id=288, 1927.2pt x 1084.05pt>
File: Pictures/Exchange/install/1542712976.png Graphic file (type png)
<use Pictures/Exchange/install/1542712976.png>
Package pdftex.def Info: Pictures/Exchange/install/1542712976.png  used on inpu
t line 291.
(pdftex.def)             Requested size: 426.79134pt x 240.06316pt.
 [24 <./Pictures/Exchange/install/1542712969.png> <./Pictures/Exchange/install/
1542712972.png>]
<Pictures/Exchange/install/1542712978.png, id=295, 1927.2pt x 1084.05pt>
File: Pictures/Exchange/install/1542712978.png Graphic file (type png)
<use Pictures/Exchange/install/1542712978.png>
Package pdftex.def Info: Pictures/Exchange/install/1542712978.png  used on inpu
t line 296.
(pdftex.def)             Requested size: 426.79134pt x 240.06316pt.
<Pictures/Exchange/install/1542712981.png, id=296, 1927.2pt x 1084.05pt>
File: Pictures/Exchange/install/1542712981.png Graphic file (type png)
<use Pictures/Exchange/install/1542712981.png>
Package pdftex.def Info: Pictures/Exchange/install/1542712981.png  used on inpu
t line 301.
(pdftex.def)             Requested size: 426.79134pt x 240.06316pt.
 [25 <./Pictures/Exchange/install/1542712976.png> <./Pictures/Exchange/install/
1542712978.png>]
<Pictures/Exchange/install/1542723945.png, id=304, 1927.2pt x 1084.05pt>
File: Pictures/Exchange/install/1542723945.png Graphic file (type png)
<use Pictures/Exchange/install/1542723945.png>
Package pdftex.def Info: Pictures/Exchange/install/1542723945.png  used on inpu
t line 306.
(pdftex.def)             Requested size: 426.79134pt x 240.06316pt.
<Pictures/Exchange/install/1542726465.png, id=305, 1927.2pt x 1084.05pt>
File: Pictures/Exchange/install/1542726465.png Graphic file (type png)
<use Pictures/Exchange/install/1542726465.png>
Package pdftex.def Info: Pictures/Exchange/install/1542726465.png  used on inpu
t line 311.
(pdftex.def)             Requested size: 426.79134pt x 240.06316pt.
 [26 <./Pictures/Exchange/install/1542712981.png> <./Pictures/Exchange/install/
1542723945.png>]
<Pictures/Exchange/install/1542727944.png, id=312, 1927.2pt x 1084.05pt>
File: Pictures/Exchange/install/1542727944.png Graphic file (type png)
<use Pictures/Exchange/install/1542727944.png>
Package pdftex.def Info: Pictures/Exchange/install/1542727944.png  used on inpu
t line 316.
(pdftex.def)             Requested size: 426.79134pt x 240.06316pt.
<Pictures/Exchange/install/1542728003.png, id=313, 1927.2pt x 1084.05pt>
File: Pictures/Exchange/install/1542728003.png Graphic file (type png)
<use Pictures/Exchange/install/1542728003.png>
Package pdftex.def Info: Pictures/Exchange/install/1542728003.png  used on inpu
t line 321.
(pdftex.def)             Requested size: 426.79134pt x 240.06316pt.
 [27 <./Pictures/Exchange/install/1542726465.png> <./Pictures/Exchange/install/
1542727944.png>]
<Pictures/Exchange/config/1543422514.png, id=320, 1927.2pt x 1084.05pt>
File: Pictures/Exchange/config/1543422514.png Graphic file (type png)
<use Pictures/Exchange/config/1543422514.png>
Package pdftex.def Info: Pictures/Exchange/config/1543422514.png  used on input
 line 327.
(pdftex.def)             Requested size: 426.79134pt x 240.06316pt.
<Pictures/Exchange/config/1543424938.png, id=321, 1927.2pt x 1084.05pt>
File: Pictures/Exchange/config/1543424938.png Graphic file (type png)
<use Pictures/Exchange/config/1543424938.png>
Package pdftex.def Info: Pictures/Exchange/config/1543424938.png  used on input
 line 331.
(pdftex.def)             Requested size: 426.79134pt x 240.06316pt.
[28 <./Pictures/Exchange/install/1542728003.png> <./Pictures/Exchange/config/15
43422514.png>]
<Pictures/Exchange/config/1543425072.png, id=328, 1927.2pt x 1084.05pt>
File: Pictures/Exchange/config/1543425072.png Graphic file (type png)
<use Pictures/Exchange/config/1543425072.png>
Package pdftex.def Info: Pictures/Exchange/config/1543425072.png  used on input
 line 335.
(pdftex.def)             Requested size: 426.79134pt x 240.06316pt.
<Pictures/Exchange/config/1543425094.png, id=329, 1927.2pt x 1084.05pt>
File: Pictures/Exchange/config/1543425094.png Graphic file (type png)
<use Pictures/Exchange/config/1543425094.png>
Package pdftex.def Info: Pictures/Exchange/config/1543425094.png  used on input
 line 338.
(pdftex.def)             Requested size: 426.79134pt x 240.06316pt.
 [29 <./Pictures/Exchange/config/1543424938.png> <./Pictures/Exchange/config/15
43425072.png>]
<Pictures/Exchange/config/1543425117.png, id=336, 1927.2pt x 1084.05pt>
File: Pictures/Exchange/config/1543425117.png Graphic file (type png)
<use Pictures/Exchange/config/1543425117.png>
Package pdftex.def Info: Pictures/Exchange/config/1543425117.png  used on input
 line 342.
(pdftex.def)             Requested size: 426.79134pt x 240.06316pt.
<Pictures/Exchange/config/1543425143.png, id=337, 1927.2pt x 1084.05pt>
File: Pictures/Exchange/config/1543425143.png Graphic file (type png)
<use Pictures/Exchange/config/1543425143.png>
Package pdftex.def Info: Pictures/Exchange/config/1543425143.png  used on input
 line 346.
(pdftex.def)             Requested size: 426.79134pt x 240.06316pt.
 [30 <./Pictures/Exchange/config/1543425094.png> <./Pictures/Exchange/config/15
43425117.png>]
<Pictures/Exchange/config/1543425170.png, id=344, 1927.2pt x 1084.05pt>
File: Pictures/Exchange/config/1543425170.png Graphic file (type png)
<use Pictures/Exchange/config/1543425170.png>
Package pdftex.def Info: Pictures/Exchange/config/1543425170.png  used on input
 line 350.
(pdftex.def)             Requested size: 426.79134pt x 240.06316pt.
<Pictures/Exchange/config/1543425167.png, id=345, 1927.2pt x 1084.05pt>
File: Pictures/Exchange/config/1543425167.png Graphic file (type png)
<use Pictures/Exchange/config/1543425167.png>
Package pdftex.def Info: Pictures/Exchange/config/1543425167.png  used on input
 line 354.
(pdftex.def)             Requested size: 426.79134pt x 240.06316pt.
 [31 <./Pictures/Exchange/config/1543425143.png> <./Pictures/Exchange/config/15
43425170.png>] [32 <./Pictures/Exchange/config/1543425167.png>]
Package atveryend Info: Empty hook `BeforeClearDocument' on input line 359.
Package atveryend Info: Empty hook `AfterLastShipout' on input line 359.
 (./Exchange.aux)
Package atveryend Info: Executing hook `AtVeryEndDocument' on input line 359.
Package atveryend Info: Executing hook `AtEndAfterFileList' on input line 359.
Package rerunfilecheck Info: File `Exchange.out' has not changed.
(rerunfilecheck)             Checksum: EFCE052435187A5D1D3176988366829D;792.
Package atveryend Info: Empty hook `AtVeryVeryEnd' on input line 359.
 ) 
Here is how much of TeX's memory you used:
 15809 strings out of 492642
 301133 string characters out of 6135565
 360674 words of memory out of 5000000
 19301 multiletter control sequences out of 15000+600000
 8261 words of font info for 30 fonts, out of 8000000 for 9000
 1141 hyphenation exceptions out of 8191
 55i,6n,54p,449b,396s stack positions out of 5000i,500n,10000p,200000b,80000s
</usr/share/texmf-dist/fonts/type1/public/amsfonts/cm/cmbx12.pfb></usr/share/
texmf-dist/fonts/type1/public/amsfonts/cm/cmr10.pfb></usr/share/texmf-dist/font
s/type1/public/amsfonts/cm/cmr12.pfb></usr/share/texmf-dist/fonts/type1/public/
amsfonts/cm/cmr17.pfb>
Output written on Exchange.pdf (32 pages, 11811042 bytes).
PDF statistics:
 395 PDF objects out of 1000 (max. 8388607)
 234 compressed objects within 3 object streams
 88 named destinations out of 1000 (max. 500000)
 409 words of extra memory for PDF output out of 10000 (max. 10000000)

