This is pdfTeX, Version 3.14159265-2.6-1.40.19 (TeX Live 2018/Arch Linux) (preloaded format=pdflatex 2018.12.3)  12 DEC 2018 12:24
entering extended mode
 restricted \write18 enabled.
 %&-line parsing enabled.
**SCCM.tex
(./SCCM.tex
LaTeX2e <2018-04-01> patch level 5
(/usr/share/texmf-dist/tex/latex/base/article.cls
Document Class: article 2014/09/29 v1.4h Standard LaTeX document class
(/usr/share/texmf-dist/tex/latex/base/size10.clo
File: size10.clo 2014/09/29 v1.4h Standard LaTeX file (size option)
)
\c@part=\count80
\c@section=\count81
\c@subsection=\count82
\c@subsubsection=\count83
\c@paragraph=\count84
\c@subparagraph=\count85
\c@figure=\count86
\c@table=\count87
\abovecaptionskip=\skip41
\belowcaptionskip=\skip42
\bibindent=\dimen102
)
(/usr/share/texmf-dist/tex/latex/preprint/fullpage.sty
Package: fullpage 1999/02/23 1.1 (PWD)
\FP@margin=\skip43
)
(/usr/share/texmf-dist/tex/latex/parskip/parskip.sty
Package: parskip 2018-08-24 v2.0a non-zero parskip adjustments

(/usr/share/texmf-dist/tex/latex/oberdiek/kvoptions.sty
Package: kvoptions 2016/05/16 v3.12 Key value format for package options (HO)

(/usr/share/texmf-dist/tex/latex/graphics/keyval.sty
Package: keyval 2014/10/28 v1.15 key=value parser (DPC)
\KV@toks@=\toks14
)
(/usr/share/texmf-dist/tex/generic/oberdiek/ltxcmds.sty
Package: ltxcmds 2016/05/16 v1.23 LaTeX kernel commands for general use (HO)
)
(/usr/share/texmf-dist/tex/generic/oberdiek/kvsetkeys.sty
Package: kvsetkeys 2016/05/16 v1.17 Key value parser (HO)

(/usr/share/texmf-dist/tex/generic/oberdiek/infwarerr.sty
Package: infwarerr 2016/05/16 v1.4 Providing info/warning/error messages (HO)
)
(/usr/share/texmf-dist/tex/generic/oberdiek/etexcmds.sty
Package: etexcmds 2016/05/16 v1.6 Avoid name clashes with e-TeX commands (HO)

(/usr/share/texmf-dist/tex/generic/oberdiek/ifluatex.sty
Package: ifluatex 2016/05/16 v1.4 Provides the ifluatex switch (HO)
Package ifluatex Info: LuaTeX not detected.
)
Package etexcmds Info: Could not find \expanded.
(etexcmds)             That can mean that you are not using pdfTeX 1.50 or
(etexcmds)             that some package has redefined \expanded.
(etexcmds)             In the latter case, load this package earlier.
)))
(/usr/share/texmf-dist/tex/latex/etoolbox/etoolbox.sty
Package: etoolbox 2018/08/19 v2.5f e-TeX tools for LaTeX (JAW)
\etb@tempcnta=\count88
))
(/usr/share/texmf-dist/tex/latex/pgf/frontendlayer/tikz.sty
(/usr/share/texmf-dist/tex/latex/pgf/basiclayer/pgf.sty
(/usr/share/texmf-dist/tex/latex/pgf/utilities/pgfrcs.sty
(/usr/share/texmf-dist/tex/generic/pgf/utilities/pgfutil-common.tex
\pgfutil@everybye=\toks15
\pgfutil@tempdima=\dimen103
\pgfutil@tempdimb=\dimen104

(/usr/share/texmf-dist/tex/generic/pgf/utilities/pgfutil-common-lists.tex))
(/usr/share/texmf-dist/tex/generic/pgf/utilities/pgfutil-latex.def
\pgfutil@abb=\box26

(/usr/share/texmf-dist/tex/latex/ms/everyshi.sty
Package: everyshi 2001/05/15 v3.00 EveryShipout Package (MS)
))
(/usr/share/texmf-dist/tex/generic/pgf/utilities/pgfrcs.code.tex
Package: pgfrcs 2015/08/07 v3.0.1a (rcs-revision 1.31)
))
Package: pgf 2015/08/07 v3.0.1a (rcs-revision 1.15)

(/usr/share/texmf-dist/tex/latex/pgf/basiclayer/pgfcore.sty
(/usr/share/texmf-dist/tex/latex/graphics/graphicx.sty
Package: graphicx 2017/06/01 v1.1a Enhanced LaTeX Graphics (DPC,SPQR)

(/usr/share/texmf-dist/tex/latex/graphics/graphics.sty
Package: graphics 2017/06/25 v1.2c Standard LaTeX Graphics (DPC,SPQR)

(/usr/share/texmf-dist/tex/latex/graphics/trig.sty
Package: trig 2016/01/03 v1.10 sin cos tan (DPC)
)
(/usr/share/texmf-dist/tex/latex/graphics-cfg/graphics.cfg
File: graphics.cfg 2016/06/04 v1.11 sample graphics configuration
)
Package graphics Info: Driver file: pdftex.def on input line 99.

(/usr/share/texmf-dist/tex/latex/graphics-def/pdftex.def
File: pdftex.def 2018/01/08 v1.0l Graphics/color driver for pdftex
))
\Gin@req@height=\dimen105
\Gin@req@width=\dimen106
)
(/usr/share/texmf-dist/tex/latex/pgf/systemlayer/pgfsys.sty
(/usr/share/texmf-dist/tex/generic/pgf/systemlayer/pgfsys.code.tex
Package: pgfsys 2014/07/09 v3.0.1a (rcs-revision 1.48)

(/usr/share/texmf-dist/tex/generic/pgf/utilities/pgfkeys.code.tex
\pgfkeys@pathtoks=\toks16
\pgfkeys@temptoks=\toks17

(/usr/share/texmf-dist/tex/generic/pgf/utilities/pgfkeysfiltered.code.tex
\pgfkeys@tmptoks=\toks18
))
\pgf@x=\dimen107
\pgf@y=\dimen108
\pgf@xa=\dimen109
\pgf@ya=\dimen110
\pgf@xb=\dimen111
\pgf@yb=\dimen112
\pgf@xc=\dimen113
\pgf@yc=\dimen114
\w@pgf@writea=\write3
\r@pgf@reada=\read1
\c@pgf@counta=\count89
\c@pgf@countb=\count90
\c@pgf@countc=\count91
\c@pgf@countd=\count92
\t@pgf@toka=\toks19
\t@pgf@tokb=\toks20
\t@pgf@tokc=\toks21

(/usr/share/texmf-dist/tex/generic/pgf/systemlayer/pgf.cfg
File: pgf.cfg 2008/05/14  (rcs-revision 1.7)
)
Driver file for pgf: pgfsys-pdftex.def

(/usr/share/texmf-dist/tex/generic/pgf/systemlayer/pgfsys-pdftex.def
File: pgfsys-pdftex.def 2014/10/11  (rcs-revision 1.35)

(/usr/share/texmf-dist/tex/generic/pgf/systemlayer/pgfsys-common-pdf.def
File: pgfsys-common-pdf.def 2013/10/10  (rcs-revision 1.13)
)))
(/usr/share/texmf-dist/tex/generic/pgf/systemlayer/pgfsyssoftpath.code.tex
File: pgfsyssoftpath.code.tex 2013/09/09  (rcs-revision 1.9)
\pgfsyssoftpath@smallbuffer@items=\count93
\pgfsyssoftpath@bigbuffer@items=\count94
)
(/usr/share/texmf-dist/tex/generic/pgf/systemlayer/pgfsysprotocol.code.tex
File: pgfsysprotocol.code.tex 2006/10/16  (rcs-revision 1.4)
))
(/usr/share/texmf-dist/tex/latex/xcolor/xcolor.sty
Package: xcolor 2016/05/11 v2.12 LaTeX color extensions (UK)

(/usr/share/texmf-dist/tex/latex/graphics-cfg/color.cfg
File: color.cfg 2016/01/02 v1.6 sample color configuration
)
Package xcolor Info: Driver file: pdftex.def on input line 225.
Package xcolor Info: Model `cmy' substituted by `cmy0' on input line 1348.
Package xcolor Info: Model `hsb' substituted by `rgb' on input line 1352.
Package xcolor Info: Model `RGB' extended on input line 1364.
Package xcolor Info: Model `HTML' substituted by `rgb' on input line 1366.
Package xcolor Info: Model `Hsb' substituted by `hsb' on input line 1367.
Package xcolor Info: Model `tHsb' substituted by `hsb' on input line 1368.
Package xcolor Info: Model `HSB' substituted by `hsb' on input line 1369.
Package xcolor Info: Model `Gray' substituted by `gray' on input line 1370.
Package xcolor Info: Model `wave' substituted by `hsb' on input line 1371.
)
(/usr/share/texmf-dist/tex/generic/pgf/basiclayer/pgfcore.code.tex
Package: pgfcore 2010/04/11 v3.0.1a (rcs-revision 1.7)

(/usr/share/texmf-dist/tex/generic/pgf/math/pgfmath.code.tex
(/usr/share/texmf-dist/tex/generic/pgf/math/pgfmathcalc.code.tex
(/usr/share/texmf-dist/tex/generic/pgf/math/pgfmathutil.code.tex)
(/usr/share/texmf-dist/tex/generic/pgf/math/pgfmathparser.code.tex
\pgfmath@dimen=\dimen115
\pgfmath@count=\count95
\pgfmath@box=\box27
\pgfmath@toks=\toks22
\pgfmath@stack@operand=\toks23
\pgfmath@stack@operation=\toks24
)
(/usr/share/texmf-dist/tex/generic/pgf/math/pgfmathfunctions.code.tex
(/usr/share/texmf-dist/tex/generic/pgf/math/pgfmathfunctions.basic.code.tex)
(/usr/share/texmf-dist/tex/generic/pgf/math/pgfmathfunctions.trigonometric.code
.tex)
(/usr/share/texmf-dist/tex/generic/pgf/math/pgfmathfunctions.random.code.tex)
(/usr/share/texmf-dist/tex/generic/pgf/math/pgfmathfunctions.comparison.code.te
x) (/usr/share/texmf-dist/tex/generic/pgf/math/pgfmathfunctions.base.code.tex)
(/usr/share/texmf-dist/tex/generic/pgf/math/pgfmathfunctions.round.code.tex)
(/usr/share/texmf-dist/tex/generic/pgf/math/pgfmathfunctions.misc.code.tex)
(/usr/share/texmf-dist/tex/generic/pgf/math/pgfmathfunctions.integerarithmetics
.code.tex))) (/usr/share/texmf-dist/tex/generic/pgf/math/pgfmathfloat.code.tex
\c@pgfmathroundto@lastzeros=\count96
)) (/usr/share/texmf-dist/tex/generic/pgf/basiclayer/pgfcorepoints.code.tex
File: pgfcorepoints.code.tex 2013/10/07  (rcs-revision 1.27)
\pgf@picminx=\dimen116
\pgf@picmaxx=\dimen117
\pgf@picminy=\dimen118
\pgf@picmaxy=\dimen119
\pgf@pathminx=\dimen120
\pgf@pathmaxx=\dimen121
\pgf@pathminy=\dimen122
\pgf@pathmaxy=\dimen123
\pgf@xx=\dimen124
\pgf@xy=\dimen125
\pgf@yx=\dimen126
\pgf@yy=\dimen127
\pgf@zx=\dimen128
\pgf@zy=\dimen129
)
(/usr/share/texmf-dist/tex/generic/pgf/basiclayer/pgfcorepathconstruct.code.tex
File: pgfcorepathconstruct.code.tex 2013/10/07  (rcs-revision 1.29)
\pgf@path@lastx=\dimen130
\pgf@path@lasty=\dimen131
) (/usr/share/texmf-dist/tex/generic/pgf/basiclayer/pgfcorepathusage.code.tex
File: pgfcorepathusage.code.tex 2014/11/02  (rcs-revision 1.24)
\pgf@shorten@end@additional=\dimen132
\pgf@shorten@start@additional=\dimen133
)
(/usr/share/texmf-dist/tex/generic/pgf/basiclayer/pgfcorescopes.code.tex
File: pgfcorescopes.code.tex 2015/05/08  (rcs-revision 1.46)
\pgfpic=\box28
\pgf@hbox=\box29
\pgf@layerbox@main=\box30
\pgf@picture@serial@count=\count97
)
(/usr/share/texmf-dist/tex/generic/pgf/basiclayer/pgfcoregraphicstate.code.tex
File: pgfcoregraphicstate.code.tex 2014/11/02  (rcs-revision 1.12)
\pgflinewidth=\dimen134
)
(/usr/share/texmf-dist/tex/generic/pgf/basiclayer/pgfcoretransformations.code.t
ex
File: pgfcoretransformations.code.tex 2015/08/07  (rcs-revision 1.20)
\pgf@pt@x=\dimen135
\pgf@pt@y=\dimen136
\pgf@pt@temp=\dimen137
) (/usr/share/texmf-dist/tex/generic/pgf/basiclayer/pgfcorequick.code.tex
File: pgfcorequick.code.tex 2008/10/09  (rcs-revision 1.3)
)
(/usr/share/texmf-dist/tex/generic/pgf/basiclayer/pgfcoreobjects.code.tex
File: pgfcoreobjects.code.tex 2006/10/11  (rcs-revision 1.2)
)
(/usr/share/texmf-dist/tex/generic/pgf/basiclayer/pgfcorepathprocessing.code.te
x
File: pgfcorepathprocessing.code.tex 2013/09/09  (rcs-revision 1.9)
) (/usr/share/texmf-dist/tex/generic/pgf/basiclayer/pgfcorearrows.code.tex
File: pgfcorearrows.code.tex 2015/05/14  (rcs-revision 1.43)
\pgfarrowsep=\dimen138
)
(/usr/share/texmf-dist/tex/generic/pgf/basiclayer/pgfcoreshade.code.tex
File: pgfcoreshade.code.tex 2013/07/15  (rcs-revision 1.15)
\pgf@max=\dimen139
\pgf@sys@shading@range@num=\count98
)
(/usr/share/texmf-dist/tex/generic/pgf/basiclayer/pgfcoreimage.code.tex
File: pgfcoreimage.code.tex 2013/07/15  (rcs-revision 1.18)

(/usr/share/texmf-dist/tex/generic/pgf/basiclayer/pgfcoreexternal.code.tex
File: pgfcoreexternal.code.tex 2014/07/09  (rcs-revision 1.21)
\pgfexternal@startupbox=\box31
))
(/usr/share/texmf-dist/tex/generic/pgf/basiclayer/pgfcorelayers.code.tex
File: pgfcorelayers.code.tex 2013/07/18  (rcs-revision 1.7)
)
(/usr/share/texmf-dist/tex/generic/pgf/basiclayer/pgfcoretransparency.code.tex
File: pgfcoretransparency.code.tex 2013/09/30  (rcs-revision 1.5)
) (/usr/share/texmf-dist/tex/generic/pgf/basiclayer/pgfcorepatterns.code.tex
File: pgfcorepatterns.code.tex 2013/11/07  (rcs-revision 1.5)
)))
(/usr/share/texmf-dist/tex/generic/pgf/modules/pgfmoduleshapes.code.tex
File: pgfmoduleshapes.code.tex 2014/03/21  (rcs-revision 1.35)
\pgfnodeparttextbox=\box32
)
(/usr/share/texmf-dist/tex/generic/pgf/modules/pgfmoduleplot.code.tex
File: pgfmoduleplot.code.tex 2015/08/03  (rcs-revision 1.13)
)
(/usr/share/texmf-dist/tex/latex/pgf/compatibility/pgfcomp-version-0-65.sty
Package: pgfcomp-version-0-65 2007/07/03 v3.0.1a (rcs-revision 1.7)
\pgf@nodesepstart=\dimen140
\pgf@nodesepend=\dimen141
)
(/usr/share/texmf-dist/tex/latex/pgf/compatibility/pgfcomp-version-1-18.sty
Package: pgfcomp-version-1-18 2007/07/23 v3.0.1a (rcs-revision 1.1)
))
(/usr/share/texmf-dist/tex/latex/pgf/utilities/pgffor.sty
(/usr/share/texmf-dist/tex/latex/pgf/utilities/pgfkeys.sty
(/usr/share/texmf-dist/tex/generic/pgf/utilities/pgfkeys.code.tex))
(/usr/share/texmf-dist/tex/latex/pgf/math/pgfmath.sty
(/usr/share/texmf-dist/tex/generic/pgf/math/pgfmath.code.tex))
(/usr/share/texmf-dist/tex/generic/pgf/utilities/pgffor.code.tex
Package: pgffor 2013/12/13 v3.0.1a (rcs-revision 1.25)

(/usr/share/texmf-dist/tex/generic/pgf/math/pgfmath.code.tex)
\pgffor@iter=\dimen142
\pgffor@skip=\dimen143
\pgffor@stack=\toks25
\pgffor@toks=\toks26
))
(/usr/share/texmf-dist/tex/generic/pgf/frontendlayer/tikz/tikz.code.tex
Package: tikz 2015/08/07 v3.0.1a (rcs-revision 1.151)

(/usr/share/texmf-dist/tex/generic/pgf/libraries/pgflibraryplothandlers.code.te
x
File: pgflibraryplothandlers.code.tex 2013/08/31 v3.0.1a (rcs-revision 1.20)
\pgf@plot@mark@count=\count99
\pgfplotmarksize=\dimen144
)
\tikz@lastx=\dimen145
\tikz@lasty=\dimen146
\tikz@lastxsaved=\dimen147
\tikz@lastysaved=\dimen148
\tikzleveldistance=\dimen149
\tikzsiblingdistance=\dimen150
\tikz@figbox=\box33
\tikz@figbox@bg=\box34
\tikz@tempbox=\box35
\tikz@tempbox@bg=\box36
\tikztreelevel=\count100
\tikznumberofchildren=\count101
\tikznumberofcurrentchild=\count102
\tikz@fig@count=\count103
 (/usr/share/texmf-dist/tex/generic/pgf/modules/pgfmodulematrix.code.tex
File: pgfmodulematrix.code.tex 2013/09/17  (rcs-revision 1.8)
\pgfmatrixcurrentrow=\count104
\pgfmatrixcurrentcolumn=\count105
\pgf@matrix@numberofcolumns=\count106
)
\tikz@expandcount=\count107

(/usr/share/texmf-dist/tex/generic/pgf/frontendlayer/tikz/libraries/tikzlibrary
topaths.code.tex
File: tikzlibrarytopaths.code.tex 2008/06/17 v3.0.1a (rcs-revision 1.2)
))) (/usr/share/texmf-dist/tex/latex/amsmath/amsmath.sty
Package: amsmath 2017/09/02 v2.17a AMS math features
\@mathmargin=\skip44

For additional information on amsmath, use the `?' option.
(/usr/share/texmf-dist/tex/latex/amsmath/amstext.sty
Package: amstext 2000/06/29 v2.01 AMS text

(/usr/share/texmf-dist/tex/latex/amsmath/amsgen.sty
File: amsgen.sty 1999/11/30 v2.0 generic functions
\@emptytoks=\toks27
\ex@=\dimen151
))
(/usr/share/texmf-dist/tex/latex/amsmath/amsbsy.sty
Package: amsbsy 1999/11/29 v1.2d Bold Symbols
\pmbraise@=\dimen152
)
(/usr/share/texmf-dist/tex/latex/amsmath/amsopn.sty
Package: amsopn 2016/03/08 v2.02 operator names
)
\inf@bad=\count108
LaTeX Info: Redefining \frac on input line 213.
\uproot@=\count109
\leftroot@=\count110
LaTeX Info: Redefining \overline on input line 375.
\classnum@=\count111
\DOTSCASE@=\count112
LaTeX Info: Redefining \ldots on input line 472.
LaTeX Info: Redefining \dots on input line 475.
LaTeX Info: Redefining \cdots on input line 596.
\Mathstrutbox@=\box37
\strutbox@=\box38
\big@size=\dimen153
LaTeX Font Info:    Redeclaring font encoding OML on input line 712.
LaTeX Font Info:    Redeclaring font encoding OMS on input line 713.
\macc@depth=\count113
\c@MaxMatrixCols=\count114
\dotsspace@=\muskip10
\c@parentequation=\count115
\dspbrk@lvl=\count116
\tag@help=\toks28
\row@=\count117
\column@=\count118
\maxfields@=\count119
\andhelp@=\toks29
\eqnshift@=\dimen154
\alignsep@=\dimen155
\tagshift@=\dimen156
\tagwidth@=\dimen157
\totwidth@=\dimen158
\lineht@=\dimen159
\@envbody=\toks30
\multlinegap=\skip45
\multlinetaggap=\skip46
\mathdisplay@stack=\toks31
LaTeX Info: Redefining \[ on input line 2817.
LaTeX Info: Redefining \] on input line 2818.
)
(/usr/share/texmf-dist/tex/latex/pdfpages/pdfpages.sty
Package: pdfpages 2017/10/31 v0.5l Insert pages of external PDF documents (AM)

(/usr/share/texmf-dist/tex/latex/base/ifthen.sty
Package: ifthen 2014/09/29 v1.1c Standard LaTeX ifthen package (DPC)
)
(/usr/share/texmf-dist/tex/latex/tools/calc.sty
Package: calc 2017/05/25 v4.3 Infix arithmetic (KKT,FJ)
\calc@Acount=\count120
\calc@Bcount=\count121
\calc@Adimen=\dimen160
\calc@Bdimen=\dimen161
\calc@Askip=\skip47
\calc@Bskip=\skip48
LaTeX Info: Redefining \setlength on input line 80.
LaTeX Info: Redefining \addtolength on input line 81.
\calc@Ccount=\count122
\calc@Cskip=\skip49
)
(/usr/share/texmf-dist/tex/latex/eso-pic/eso-pic.sty
Package: eso-pic 2018/04/12 v2.0h eso-pic (RN)

(/usr/share/texmf-dist/tex/generic/oberdiek/atbegshi.sty
Package: atbegshi 2016/06/09 v1.18 At begin shipout hook (HO)

(/usr/share/texmf-dist/tex/generic/oberdiek/ifpdf.sty
Package: ifpdf 2018/09/07 v3.3 Provides the ifpdf switch
)))
\AM@pagewidth=\dimen162
\AM@pageheight=\dimen163

(/usr/share/texmf-dist/tex/latex/pdfpages/pppdftex.def
File: pppdftex.def 2017/10/31 v0.5l Pdfpages driver for pdfTeX (AM)
)
\AM@pagebox=\box39
\AM@global@opts=\toks32
\AM@toc@title=\toks33
\c@AM@survey=\count123
\AM@templatesizebox=\box40
)
(/usr/share/texmf-dist/tex/latex/hyperref/hyperref.sty
Package: hyperref 2018/09/30 v6.88a Hypertext links for LaTeX

(/usr/share/texmf-dist/tex/generic/oberdiek/hobsub-hyperref.sty
Package: hobsub-hyperref 2016/05/16 v1.14 Bundle oberdiek, subset hyperref (HO)


(/usr/share/texmf-dist/tex/generic/oberdiek/hobsub-generic.sty
Package: hobsub-generic 2016/05/16 v1.14 Bundle oberdiek, subset generic (HO)
Package: hobsub 2016/05/16 v1.14 Construct package bundles (HO)
Package hobsub Info: Skipping package `infwarerr' (already loaded).
Package hobsub Info: Skipping package `ltxcmds' (already loaded).
Package hobsub Info: Skipping package `ifluatex' (already loaded).
Package: ifvtex 2016/05/16 v1.6 Detect VTeX and its facilities (HO)
Package ifvtex Info: VTeX not detected.
Package: intcalc 2016/05/16 v1.2 Expandable calculations with integers (HO)
Package hobsub Info: Skipping package `ifpdf' (already loaded).
Package hobsub Info: Skipping package `etexcmds' (already loaded).
Package hobsub Info: Skipping package `kvsetkeys' (already loaded).
Package: kvdefinekeys 2016/05/16 v1.4 Define keys (HO)
Package: pdftexcmds 2018/09/10 v0.29 Utility functions of pdfTeX for LuaTeX (HO
)
Package pdftexcmds Info: LuaTeX not detected.
Package pdftexcmds Info: \pdf@primitive is available.
Package pdftexcmds Info: \pdf@ifprimitive is available.
Package pdftexcmds Info: \pdfdraftmode found.
Package: pdfescape 2016/05/16 v1.14 Implements pdfTeX's escape features (HO)
Package: bigintcalc 2016/05/16 v1.4 Expandable calculations on big integers (HO
)
Package: bitset 2016/05/16 v1.2 Handle bit-vector datatype (HO)
Package: uniquecounter 2016/05/16 v1.3 Provide unlimited unique counter (HO)
)
Package hobsub Info: Skipping package `hobsub' (already loaded).
Package: letltxmacro 2016/05/16 v1.5 Let assignment for LaTeX macros (HO)
Package: hopatch 2016/05/16 v1.3 Wrapper for package hooks (HO)
Package: xcolor-patch 2016/05/16 xcolor patch
Package: atveryend 2016/05/16 v1.9 Hooks at the very end of document (HO)
Package hobsub Info: Skipping package `atbegshi' (already loaded).
Package: refcount 2016/05/16 v3.5 Data extraction from label references (HO)
Package: hycolor 2016/05/16 v1.8 Color options for hyperref/bookmark (HO)
)
(/usr/share/texmf-dist/tex/generic/ifxetex/ifxetex.sty
Package: ifxetex 2010/09/12 v0.6 Provides ifxetex conditional
)
(/usr/share/texmf-dist/tex/latex/oberdiek/auxhook.sty
Package: auxhook 2016/05/16 v1.4 Hooks for auxiliary files (HO)
)
\@linkdim=\dimen164
\Hy@linkcounter=\count124
\Hy@pagecounter=\count125

(/usr/share/texmf-dist/tex/latex/hyperref/pd1enc.def
File: pd1enc.def 2018/09/30 v6.88a Hyperref: PDFDocEncoding definition (HO)
Now handling font encoding PD1 ...
... no UTF-8 mapping file for font encoding PD1
)
\Hy@SavedSpaceFactor=\count126

(/usr/share/texmf-dist/tex/latex/latexconfig/hyperref.cfg
File: hyperref.cfg 2002/06/06 v1.2 hyperref configuration of TeXLive
)
Package hyperref Info: Hyper figures OFF on input line 4535.
Package hyperref Info: Link nesting OFF on input line 4540.
Package hyperref Info: Hyper index ON on input line 4543.
Package hyperref Info: Plain pages OFF on input line 4550.
Package hyperref Info: Backreferencing OFF on input line 4555.
Package hyperref Info: Implicit mode ON; LaTeX internals redefined.
Package hyperref Info: Bookmarks ON on input line 4788.
\c@Hy@tempcnt=\count127

(/usr/share/texmf-dist/tex/latex/url/url.sty
\Urlmuskip=\muskip11
Package: url 2013/09/16  ver 3.4  Verb mode for urls, etc.
)
LaTeX Info: Redefining \url on input line 5141.
\XeTeXLinkMargin=\dimen165
\Fld@menulength=\count128
\Field@Width=\dimen166
\Fld@charsize=\dimen167
Package hyperref Info: Hyper figures OFF on input line 6396.
Package hyperref Info: Link nesting OFF on input line 6401.
Package hyperref Info: Hyper index ON on input line 6404.
Package hyperref Info: backreferencing OFF on input line 6411.
Package hyperref Info: Link coloring OFF on input line 6416.
Package hyperref Info: Link coloring with OCG OFF on input line 6421.
Package hyperref Info: PDF/A mode OFF on input line 6426.
LaTeX Info: Redefining \ref on input line 6466.
LaTeX Info: Redefining \pageref on input line 6470.
\Hy@abspage=\count129
\c@Item=\count130
\c@Hfootnote=\count131
)
Package hyperref Info: Driver (autodetected): hpdftex.

(/usr/share/texmf-dist/tex/latex/hyperref/hpdftex.def
File: hpdftex.def 2018/09/30 v6.88a Hyperref driver for pdfTeX
\Fld@listcount=\count132
\c@bookmark@seq@number=\count133

(/usr/share/texmf-dist/tex/latex/oberdiek/rerunfilecheck.sty
Package: rerunfilecheck 2016/05/16 v1.8 Rerun checks for auxiliary files (HO)
Package uniquecounter Info: New unique counter `rerunfilecheck' on input line 2
82.
)
\Hy@SectionHShift=\skip50
) (./SCCM.aux)
\openout1 = `SCCM.aux'.

LaTeX Font Info:    Checking defaults for OML/cmm/m/it on input line 14.
LaTeX Font Info:    ... okay on input line 14.
LaTeX Font Info:    Checking defaults for T1/cmr/m/n on input line 14.
LaTeX Font Info:    ... okay on input line 14.
LaTeX Font Info:    Checking defaults for OT1/cmr/m/n on input line 14.
LaTeX Font Info:    ... okay on input line 14.
LaTeX Font Info:    Checking defaults for OMS/cmsy/m/n on input line 14.
LaTeX Font Info:    ... okay on input line 14.
LaTeX Font Info:    Checking defaults for OMX/cmex/m/n on input line 14.
LaTeX Font Info:    ... okay on input line 14.
LaTeX Font Info:    Checking defaults for U/cmr/m/n on input line 14.
LaTeX Font Info:    ... okay on input line 14.
LaTeX Font Info:    Checking defaults for PD1/pdf/m/n on input line 14.
LaTeX Font Info:    ... okay on input line 14.

ABD: EveryShipout initializing macros
(/usr/share/texmf-dist/tex/context/base/mkii/supp-pdf.mkii
[Loading MPS to PDF converter (version 2006.09.02).]
\scratchcounter=\count134
\scratchdimen=\dimen168
\scratchbox=\box41
\nofMPsegments=\count135
\nofMParguments=\count136
\everyMPshowfont=\toks34
\MPscratchCnt=\count137
\MPscratchDim=\dimen169
\MPnumerator=\count138
\makeMPintoPDFobject=\count139
\everyMPtoPDFconversion=\toks35
) (/usr/share/texmf-dist/tex/latex/oberdiek/epstopdf-base.sty
Package: epstopdf-base 2016/05/15 v2.6 Base part for package epstopdf

(/usr/share/texmf-dist/tex/latex/oberdiek/grfext.sty
Package: grfext 2016/05/16 v1.2 Manage graphics extensions (HO)
)
Package epstopdf-base Info: Redefining graphics rule for `.eps' on input line 4
38.
Package grfext Info: Graphics extension search list:
(grfext)             [.pdf,.png,.jpg,.mps,.jpeg,.jbig2,.jb2,.PDF,.PNG,.JPG,.JPE
G,.JBIG2,.JB2,.eps]
(grfext)             \AppendGraphicsExtensions on input line 456.

(/usr/share/texmf-dist/tex/latex/latexconfig/epstopdf-sys.cfg
File: epstopdf-sys.cfg 2010/07/13 v1.3 Configuration of (r)epstopdf for TeX Liv
e
))
\AtBeginShipoutBox=\box42

(/usr/share/texmf-dist/tex/latex/oberdiek/pdflscape.sty
Package: pdflscape 2016/05/14 v0.11 Display of landscape pages in PDF (HO)

(/usr/share/texmf-dist/tex/latex/graphics/lscape.sty
Package: lscape 2000/10/22 v3.01 Landscape Pages (DPC)
)
Package pdflscape Info: Auto-detected driver: pdftex on input line 81.
)
Package hyperref Info: Link coloring OFF on input line 14.

(/usr/share/texmf-dist/tex/latex/hyperref/nameref.sty
Package: nameref 2016/05/21 v2.44 Cross-referencing by name of section

(/usr/share/texmf-dist/tex/generic/oberdiek/gettitlestring.sty
Package: gettitlestring 2016/05/16 v1.5 Cleanup title references (HO)
)
\c@section@level=\count140
)
LaTeX Info: Redefining \ref on input line 14.
LaTeX Info: Redefining \pageref on input line 14.
LaTeX Info: Redefining \nameref on input line 14.
 (./SCCM.out)
(./SCCM.out)
\@outlinefile=\write4
\openout4 = `SCCM.out'.

<Netwerkdiagram.png, id=63, 363.3575pt x 218.8175pt>
File: Netwerkdiagram.png Graphic file (type png)
<use Netwerkdiagram.png>
Package pdftex.def Info: Netwerkdiagram.png  used on input line 22.
(pdftex.def)             Requested size: 227.62204pt x 137.07779pt.
 [1

{/var/lib/texmf/fonts/map/pdftex/updmap/pdftex.map} <./Netwerkdiagram.png>]
<Pictures/Windows_Install/1542293852.png, id=83, 1927.2pt x 1084.05pt>
File: Pictures/Windows_Install/1542293852.png Graphic file (type png)
<use Pictures/Windows_Install/1542293852.png>
Package pdftex.def Info: Pictures/Windows_Install/1542293852.png  used on input
 line 101.
(pdftex.def)             Requested size: 426.79134pt x 240.06316pt.
 [2

]
<Pictures/Windows_Install/1542293872.png, id=123, 1927.2pt x 1084.05pt>
File: Pictures/Windows_Install/1542293872.png Graphic file (type png)
<use Pictures/Windows_Install/1542293872.png>
Package pdftex.def Info: Pictures/Windows_Install/1542293872.png  used on input
 line 105.
(pdftex.def)             Requested size: 426.79134pt x 240.06316pt.
<Pictures/Windows_Install/1542293887.png, id=124, 1927.2pt x 1084.05pt>
File: Pictures/Windows_Install/1542293887.png Graphic file (type png)
<use Pictures/Windows_Install/1542293887.png>
Package pdftex.def Info: Pictures/Windows_Install/1542293887.png  used on input
 line 110.
(pdftex.def)             Requested size: 426.79134pt x 240.06316pt.
 [3 <./Pictures/Windows_Install/1542293852.png> <./Pictures/Windows_Install/154
2293872.png>]
<Pictures/Windows_Install/1542293899.png, id=131, 1927.2pt x 1084.05pt>
File: Pictures/Windows_Install/1542293899.png Graphic file (type png)
<use Pictures/Windows_Install/1542293899.png>
Package pdftex.def Info: Pictures/Windows_Install/1542293899.png  used on input
 line 113.
(pdftex.def)             Requested size: 426.79134pt x 240.06316pt.
<Pictures/Windows_Install/1542293908.png, id=132, 1927.2pt x 1084.05pt>
File: Pictures/Windows_Install/1542293908.png Graphic file (type png)
<use Pictures/Windows_Install/1542293908.png>
Package pdftex.def Info: Pictures/Windows_Install/1542293908.png  used on input
 line 118.
(pdftex.def)             Requested size: 426.79134pt x 240.06316pt.
 [4 <./Pictures/Windows_Install/1542293887.png> <./Pictures/Windows_Install/154
2293899.png>]
<Pictures/Windows_Install/1542293921.png, id=139, 1927.2pt x 1084.05pt>
File: Pictures/Windows_Install/1542293921.png Graphic file (type png)
<use Pictures/Windows_Install/1542293921.png>
Package pdftex.def Info: Pictures/Windows_Install/1542293921.png  used on input
 line 123.
(pdftex.def)             Requested size: 426.79134pt x 240.06316pt.
<Pictures/Windows_Install/1542293929.png, id=140, 1927.2pt x 1084.05pt>
File: Pictures/Windows_Install/1542293929.png Graphic file (type png)
<use Pictures/Windows_Install/1542293929.png>
Package pdftex.def Info: Pictures/Windows_Install/1542293929.png  used on input
 line 128.
(pdftex.def)             Requested size: 426.79134pt x 240.06316pt.
 [5 <./Pictures/Windows_Install/1542293908.png> <./Pictures/Windows_Install/154
2293921.png>]
<Pictures/Windows_Install/1542293934.png, id=147, 1927.2pt x 1084.05pt>
File: Pictures/Windows_Install/1542293934.png Graphic file (type png)
<use Pictures/Windows_Install/1542293934.png>
Package pdftex.def Info: Pictures/Windows_Install/1542293934.png  used on input
 line 133.
(pdftex.def)             Requested size: 426.79134pt x 240.06316pt.
<Pictures/Windows_Install/1542293945.png, id=148, 1927.2pt x 1084.05pt>
File: Pictures/Windows_Install/1542293945.png Graphic file (type png)
<use Pictures/Windows_Install/1542293945.png>
Package pdftex.def Info: Pictures/Windows_Install/1542293945.png  used on input
 line 138.
(pdftex.def)             Requested size: 426.79134pt x 240.06316pt.
 [6 <./Pictures/Windows_Install/1542293929.png> <./Pictures/Windows_Install/154
2293934.png>]
<Pictures/SCCM/0/1543483191.png, id=155, 1927.2pt x 1084.05pt>
File: Pictures/SCCM/0/1543483191.png Graphic file (type png)
<use Pictures/SCCM/0/1543483191.png>
Package pdftex.def Info: Pictures/SCCM/0/1543483191.png  used on input line 142
.
(pdftex.def)             Requested size: 426.79134pt x 240.06316pt.
<Pictures/SCCM/0/1543483265.png, id=156, 1927.2pt x 1084.05pt>
File: Pictures/SCCM/0/1543483265.png Graphic file (type png)
<use Pictures/SCCM/0/1543483265.png>
Package pdftex.def Info: Pictures/SCCM/0/1543483265.png  used on input line 146
.
(pdftex.def)             Requested size: 426.79134pt x 240.06316pt.
 [7 <./Pictures/Windows_Install/1542293945.png> <./Pictures/SCCM/0/1543483191.p
ng>]
<Pictures/SCCM/0/1543483352.png, id=164, 1927.2pt x 1084.05pt>
File: Pictures/SCCM/0/1543483352.png Graphic file (type png)
<use Pictures/SCCM/0/1543483352.png>
Package pdftex.def Info: Pictures/SCCM/0/1543483352.png  used on input line 150
.
(pdftex.def)             Requested size: 426.79134pt x 240.06316pt.
<Pictures/SCCM/0/1543483358.png, id=165, 1927.2pt x 1084.05pt>
File: Pictures/SCCM/0/1543483358.png Graphic file (type png)
<use Pictures/SCCM/0/1543483358.png>
Package pdftex.def Info: Pictures/SCCM/0/1543483358.png  used on input line 155
.
(pdftex.def)             Requested size: 426.79134pt x 240.06316pt.

[8 <./Pictures/SCCM/0/1543483265.png> <./Pictures/SCCM/0/1543483352.png>]
<Pictures/SCCM/0/1543483399.png, id=173, 1927.2pt x 1084.05pt>
File: Pictures/SCCM/0/1543483399.png Graphic file (type png)
<use Pictures/SCCM/0/1543483399.png>
Package pdftex.def Info: Pictures/SCCM/0/1543483399.png  used on input line 160
.
(pdftex.def)             Requested size: 426.79134pt x 240.06316pt.

[9 <./Pictures/SCCM/0/1543483358.png> <./Pictures/SCCM/0/1543483399.png>]
<Pictures/SCCM/1/1543499067.png, id=180, 1927.2pt x 1084.05pt>
File: Pictures/SCCM/1/1543499067.png Graphic file (type png)
<use Pictures/SCCM/1/1543499067.png>
Package pdftex.def Info: Pictures/SCCM/1/1543499067.png  used on input line 172
.
(pdftex.def)             Requested size: 426.79134pt x 240.06316pt.
<Pictures/SCCM/1/1543499073.png, id=181, 1927.2pt x 1084.05pt>
File: Pictures/SCCM/1/1543499073.png Graphic file (type png)
<use Pictures/SCCM/1/1543499073.png>
Package pdftex.def Info: Pictures/SCCM/1/1543499073.png  used on input line 177
.
(pdftex.def)             Requested size: 426.79134pt x 240.06316pt.
<Pictures/SCCM/1/1543499076.png, id=182, 1927.2pt x 1084.05pt>
File: Pictures/SCCM/1/1543499076.png Graphic file (type png)
<use Pictures/SCCM/1/1543499076.png>
Package pdftex.def Info: Pictures/SCCM/1/1543499076.png  used on input line 182
.
(pdftex.def)             Requested size: 426.79134pt x 240.06316pt.

[10

 <./Pictures/SCCM/1/1543499067.png> <./Pictures/SCCM/1/1543499073.png>]
<Pictures/SCCM/1/1543499145.png, id=189, 1927.2pt x 1084.05pt>
File: Pictures/SCCM/1/1543499145.png Graphic file (type png)
<use Pictures/SCCM/1/1543499145.png>
Package pdftex.def Info: Pictures/SCCM/1/1543499145.png  used on input line 187
.
(pdftex.def)             Requested size: 426.79134pt x 240.06316pt.
<Pictures/SCCM/1/1543499150.png, id=190, 1927.2pt x 1084.05pt>
File: Pictures/SCCM/1/1543499150.png Graphic file (type png)
<use Pictures/SCCM/1/1543499150.png>
Package pdftex.def Info: Pictures/SCCM/1/1543499150.png  used on input line 192
.
(pdftex.def)             Requested size: 426.79134pt x 240.06316pt.

[11 <./Pictures/SCCM/1/1543499076.png> <./Pictures/SCCM/1/1543499145.png>]
<Pictures/SCCM/1/1543499210.png, id=197, 1927.2pt x 1084.05pt>
File: Pictures/SCCM/1/1543499210.png Graphic file (type png)
<use Pictures/SCCM/1/1543499210.png>
Package pdftex.def Info: Pictures/SCCM/1/1543499210.png  used on input line 196
.
(pdftex.def)             Requested size: 426.79134pt x 240.06316pt.
<Pictures/SCCM/1/1543499213.png, id=198, 1927.2pt x 1084.05pt>
File: Pictures/SCCM/1/1543499213.png Graphic file (type png)
<use Pictures/SCCM/1/1543499213.png>
Package pdftex.def Info: Pictures/SCCM/1/1543499213.png  used on input line 201
.
(pdftex.def)             Requested size: 426.79134pt x 240.06316pt.

[12 <./Pictures/SCCM/1/1543499150.png> <./Pictures/SCCM/1/1543499210.png>]
<Pictures/SCCM/1/1543499275.png, id=205, 1927.2pt x 1084.05pt>
File: Pictures/SCCM/1/1543499275.png Graphic file (type png)
<use Pictures/SCCM/1/1543499275.png>
Package pdftex.def Info: Pictures/SCCM/1/1543499275.png  used on input line 206
.
(pdftex.def)             Requested size: 426.79134pt x 240.06316pt.
<Pictures/SCCM/1/1543499288.png, id=206, 1927.2pt x 1084.05pt>
File: Pictures/SCCM/1/1543499288.png Graphic file (type png)
<use Pictures/SCCM/1/1543499288.png>
Package pdftex.def Info: Pictures/SCCM/1/1543499288.png  used on input line 211
.
(pdftex.def)             Requested size: 426.79134pt x 240.06316pt.

[13 <./Pictures/SCCM/1/1543499213.png> <./Pictures/SCCM/1/1543499275.png>]
<Pictures/SCCM/1/1543499299.png, id=214, 1927.2pt x 1084.05pt>
File: Pictures/SCCM/1/1543499299.png Graphic file (type png)
<use Pictures/SCCM/1/1543499299.png>
Package pdftex.def Info: Pictures/SCCM/1/1543499299.png  used on input line 216
.
(pdftex.def)             Requested size: 426.79134pt x 240.06316pt.
<Pictures/SCCM/1/1543499303.png, id=215, 1927.2pt x 1084.05pt>
File: Pictures/SCCM/1/1543499303.png Graphic file (type png)
<use Pictures/SCCM/1/1543499303.png>
Package pdftex.def Info: Pictures/SCCM/1/1543499303.png  used on input line 221
.
(pdftex.def)             Requested size: 426.79134pt x 240.06316pt.

[14 <./Pictures/SCCM/1/1543499288.png> <./Pictures/SCCM/1/1543499299.png>]
<Pictures/SCCM/1/1543499309.png, id=222, 1927.2pt x 1084.05pt>
File: Pictures/SCCM/1/1543499309.png Graphic file (type png)
<use Pictures/SCCM/1/1543499309.png>
Package pdftex.def Info: Pictures/SCCM/1/1543499309.png  used on input line 226
.
(pdftex.def)             Requested size: 426.79134pt x 240.06316pt.
<Pictures/SCCM/1/1543499322.png, id=223, 1927.2pt x 1084.05pt>
File: Pictures/SCCM/1/1543499322.png Graphic file (type png)
<use Pictures/SCCM/1/1543499322.png>
Package pdftex.def Info: Pictures/SCCM/1/1543499322.png  used on input line 231
.
(pdftex.def)             Requested size: 426.79134pt x 240.06316pt.

[15 <./Pictures/SCCM/1/1543499303.png> <./Pictures/SCCM/1/1543499309.png>]
<Pictures/SCCM/1/1543499331.png, id=230, 1927.2pt x 1084.05pt>
File: Pictures/SCCM/1/1543499331.png Graphic file (type png)
<use Pictures/SCCM/1/1543499331.png>
Package pdftex.def Info: Pictures/SCCM/1/1543499331.png  used on input line 236
.
(pdftex.def)             Requested size: 426.79134pt x 240.06316pt.
<Pictures/SCCM/1/1543499333.png, id=231, 1927.2pt x 1084.05pt>
File: Pictures/SCCM/1/1543499333.png Graphic file (type png)
<use Pictures/SCCM/1/1543499333.png>
Package pdftex.def Info: Pictures/SCCM/1/1543499333.png  used on input line 241
.
(pdftex.def)             Requested size: 426.79134pt x 240.06316pt.

[16 <./Pictures/SCCM/1/1543499322.png> <./Pictures/SCCM/1/1543499331.png>]
<Pictures/SCCM/1/1543499336.png, id=238, 1927.2pt x 1084.05pt>
File: Pictures/SCCM/1/1543499336.png Graphic file (type png)
<use Pictures/SCCM/1/1543499336.png>
Package pdftex.def Info: Pictures/SCCM/1/1543499336.png  used on input line 246
.
(pdftex.def)             Requested size: 426.79134pt x 240.06316pt.
<Pictures/SCCM/1/1543499340.png, id=239, 1927.2pt x 1084.05pt>
File: Pictures/SCCM/1/1543499340.png Graphic file (type png)
<use Pictures/SCCM/1/1543499340.png>
Package pdftex.def Info: Pictures/SCCM/1/1543499340.png  used on input line 251
.
(pdftex.def)             Requested size: 426.79134pt x 240.06316pt.

[17 <./Pictures/SCCM/1/1543499333.png> <./Pictures/SCCM/1/1543499336.png>]
<Pictures/SCCM/1/1543499344.png, id=246, 1927.2pt x 1084.05pt>
File: Pictures/SCCM/1/1543499344.png Graphic file (type png)
<use Pictures/SCCM/1/1543499344.png>
Package pdftex.def Info: Pictures/SCCM/1/1543499344.png  used on input line 256
.
(pdftex.def)             Requested size: 426.79134pt x 240.06316pt.
<Pictures/SCCM/1/1543499353.png, id=247, 1927.2pt x 1084.05pt>
File: Pictures/SCCM/1/1543499353.png Graphic file (type png)
<use Pictures/SCCM/1/1543499353.png>
Package pdftex.def Info: Pictures/SCCM/1/1543499353.png  used on input line 261
.
(pdftex.def)             Requested size: 426.79134pt x 240.06316pt.

[18 <./Pictures/SCCM/1/1543499340.png> <./Pictures/SCCM/1/1543499344.png>]
<Pictures/SCCM/1/1543499355.png, id=254, 1927.2pt x 1084.05pt>
File: Pictures/SCCM/1/1543499355.png Graphic file (type png)
<use Pictures/SCCM/1/1543499355.png>
Package pdftex.def Info: Pictures/SCCM/1/1543499355.png  used on input line 267
.
(pdftex.def)             Requested size: 426.79134pt x 240.06316pt.
<Pictures/SCCM/2/1543499664.png, id=255, 1927.2pt x 1084.05pt>
File: Pictures/SCCM/2/1543499664.png Graphic file (type png)
<use Pictures/SCCM/2/1543499664.png>
Package pdftex.def Info: Pictures/SCCM/2/1543499664.png  used on input line 273
.
(pdftex.def)             Requested size: 426.79134pt x 240.06316pt.

[19 <./Pictures/SCCM/1/1543499353.png> <./Pictures/SCCM/1/1543499355.png>]
<Pictures/SCCM/2/1543499669.png, id=263, 1927.2pt x 1084.05pt>
File: Pictures/SCCM/2/1543499669.png Graphic file (type png)
<use Pictures/SCCM/2/1543499669.png>
Package pdftex.def Info: Pictures/SCCM/2/1543499669.png  used on input line 279
.
(pdftex.def)             Requested size: 426.79134pt x 240.06316pt.
<Pictures/SCCM/2/1543499693.png, id=264, 1927.2pt x 1084.05pt>
File: Pictures/SCCM/2/1543499693.png Graphic file (type png)
<use Pictures/SCCM/2/1543499693.png>
Package pdftex.def Info: Pictures/SCCM/2/1543499693.png  used on input line 285
.
(pdftex.def)             Requested size: 426.79134pt x 240.06316pt.

[20 <./Pictures/SCCM/2/1543499664.png> <./Pictures/SCCM/2/1543499669.png>]
<Pictures/SCCM/2/1543499769.png, id=271, 1927.2pt x 1084.05pt>
File: Pictures/SCCM/2/1543499769.png Graphic file (type png)
<use Pictures/SCCM/2/1543499769.png>
Package pdftex.def Info: Pictures/SCCM/2/1543499769.png  used on input line 291
.
(pdftex.def)             Requested size: 426.79134pt x 240.06316pt.
LaTeX Font Info:    Try loading font information for OMS+cmr on input line 293.


(/usr/share/texmf-dist/tex/latex/base/omscmr.fd
File: omscmr.fd 2014/09/29 v2.5h Standard LaTeX font definitions
)
LaTeX Font Info:    Font shape `OMS/cmr/m/n' in size <10> not available
(Font)              Font shape `OMS/cmsy/m/n' tried instead on input line 293.
<Pictures/SCCM/3/1543499830.png, id=272, 1927.2pt x 1084.05pt>
File: Pictures/SCCM/3/1543499830.png Graphic file (type png)
<use Pictures/SCCM/3/1543499830.png>
Package pdftex.def Info: Pictures/SCCM/3/1543499830.png  used on input line 297
.
(pdftex.def)             Requested size: 426.79134pt x 240.06316pt.
 [21 <./Pictures/SCCM/2/1543499693.png> <./Pictures/SCCM/2/1543499769.png>]
<Pictures/SCCM/3/1543499848.png, id=280, 1927.2pt x 1084.05pt>
File: Pictures/SCCM/3/1543499848.png Graphic file (type png)
<use Pictures/SCCM/3/1543499848.png>
Package pdftex.def Info: Pictures/SCCM/3/1543499848.png  used on input line 302
.
(pdftex.def)             Requested size: 426.79134pt x 240.06316pt.
<Pictures/SCCM/3/1543499895.png, id=281, 1927.2pt x 1084.05pt>
File: Pictures/SCCM/3/1543499895.png Graphic file (type png)
<use Pictures/SCCM/3/1543499895.png>
Package pdftex.def Info: Pictures/SCCM/3/1543499895.png  used on input line 307
.
(pdftex.def)             Requested size: 426.79134pt x 240.06316pt.
 [22 <./Pictures/SCCM/3/1543499830.png> <./Pictures/SCCM/3/1543499848.png>]
<Pictures/SCCM/3/1543499901.png, id=288, 1927.2pt x 1084.05pt>
File: Pictures/SCCM/3/1543499901.png Graphic file (type png)
<use Pictures/SCCM/3/1543499901.png>
Package pdftex.def Info: Pictures/SCCM/3/1543499901.png  used on input line 312
.
(pdftex.def)             Requested size: 426.79134pt x 240.06316pt.
<Pictures/SCCM/3/1543500064.png, id=289, 1927.2pt x 1084.05pt>
File: Pictures/SCCM/3/1543500064.png Graphic file (type png)
<use Pictures/SCCM/3/1543500064.png>
Package pdftex.def Info: Pictures/SCCM/3/1543500064.png  used on input line 317
.
(pdftex.def)             Requested size: 426.79134pt x 240.06316pt.
 [23 <./Pictures/SCCM/3/1543499895.png> <./Pictures/SCCM/3/1543499901.png>]
<Pictures/SCCM/3/1543500068.png, id=296, 1927.2pt x 1084.05pt>
File: Pictures/SCCM/3/1543500068.png Graphic file (type png)
<use Pictures/SCCM/3/1543500068.png>
Package pdftex.def Info: Pictures/SCCM/3/1543500068.png  used on input line 322
.
(pdftex.def)             Requested size: 426.79134pt x 240.06316pt.
<Pictures/SCCM/3/1543500082.png, id=297, 1927.2pt x 1084.05pt>
File: Pictures/SCCM/3/1543500082.png Graphic file (type png)
<use Pictures/SCCM/3/1543500082.png>
Package pdftex.def Info: Pictures/SCCM/3/1543500082.png  used on input line 327
.
(pdftex.def)             Requested size: 426.79134pt x 240.06316pt.
 [24 <./Pictures/SCCM/3/1543500064.png> <./Pictures/SCCM/3/1543500068.png>]
<Pictures/SCCM/3/1543500136.png, id=304, 1927.2pt x 1084.05pt>
File: Pictures/SCCM/3/1543500136.png Graphic file (type png)
<use Pictures/SCCM/3/1543500136.png>
Package pdftex.def Info: Pictures/SCCM/3/1543500136.png  used on input line 332
.
(pdftex.def)             Requested size: 426.79134pt x 240.06316pt.
<Pictures/SCCM/3/1543500140.png, id=305, 1927.2pt x 1084.05pt>
File: Pictures/SCCM/3/1543500140.png Graphic file (type png)
<use Pictures/SCCM/3/1543500140.png>
Package pdftex.def Info: Pictures/SCCM/3/1543500140.png  used on input line 337
.
(pdftex.def)             Requested size: 426.79134pt x 240.06316pt.
 [25 <./Pictures/SCCM/3/1543500082.png> <./Pictures/SCCM/3/1543500136.png>]
<Pictures/SCCM/3/1543500314.png, id=313, 1927.2pt x 1084.05pt>
File: Pictures/SCCM/3/1543500314.png Graphic file (type png)
<use Pictures/SCCM/3/1543500314.png>
Package pdftex.def Info: Pictures/SCCM/3/1543500314.png  used on input line 342
.
(pdftex.def)             Requested size: 426.79134pt x 240.06316pt.
<Pictures/SCCM/4/1543500545.png, id=314, 1927.2pt x 1084.05pt>
File: Pictures/SCCM/4/1543500545.png Graphic file (type png)
<use Pictures/SCCM/4/1543500545.png>
Package pdftex.def Info: Pictures/SCCM/4/1543500545.png  used on input line 348
.
(pdftex.def)             Requested size: 426.79134pt x 240.06316pt.
 [26 <./Pictures/SCCM/3/1543500140.png> <./Pictures/SCCM/3/1543500314.png>]
<Pictures/SCCM/4/1543500555.png, id=321, 1927.2pt x 1084.05pt>
File: Pictures/SCCM/4/1543500555.png Graphic file (type png)
<use Pictures/SCCM/4/1543500555.png>
Package pdftex.def Info: Pictures/SCCM/4/1543500555.png  used on input line 353
.
(pdftex.def)             Requested size: 426.79134pt x 240.06316pt.
<Pictures/SCCM/4/1543500557.png, id=322, 1927.2pt x 1084.05pt>
File: Pictures/SCCM/4/1543500557.png Graphic file (type png)
<use Pictures/SCCM/4/1543500557.png>
Package pdftex.def Info: Pictures/SCCM/4/1543500557.png  used on input line 358
.
(pdftex.def)             Requested size: 426.79134pt x 240.06316pt.
 [27 <./Pictures/SCCM/4/1543500545.png> <./Pictures/SCCM/4/1543500555.png>]
<Pictures/SCCM/4/1543500577.png, id=329, 1927.2pt x 1084.05pt>
File: Pictures/SCCM/4/1543500577.png Graphic file (type png)
<use Pictures/SCCM/4/1543500577.png>
Package pdftex.def Info: Pictures/SCCM/4/1543500577.png  used on input line 363
.
(pdftex.def)             Requested size: 426.79134pt x 240.06316pt.
<Pictures/SCCM/4/1543500666.png, id=330, 1927.2pt x 1084.05pt>
File: Pictures/SCCM/4/1543500666.png Graphic file (type png)
<use Pictures/SCCM/4/1543500666.png>
Package pdftex.def Info: Pictures/SCCM/4/1543500666.png  used on input line 368
.
(pdftex.def)             Requested size: 426.79134pt x 240.06316pt.
 [28 <./Pictures/SCCM/4/1543500557.png> <./Pictures/SCCM/4/1543500577.png>]
<Pictures/SCCM/4/1543501810.png, id=337, 1927.2pt x 1084.05pt>
File: Pictures/SCCM/4/1543501810.png Graphic file (type png)
<use Pictures/SCCM/4/1543501810.png>
Package pdftex.def Info: Pictures/SCCM/4/1543501810.png  used on input line 373
.
(pdftex.def)             Requested size: 426.79134pt x 240.06316pt.
<Pictures/SCCM/5/1543504348.png, id=338, 1927.2pt x 1084.05pt>
File: Pictures/SCCM/5/1543504348.png Graphic file (type png)
<use Pictures/SCCM/5/1543504348.png>
Package pdftex.def Info: Pictures/SCCM/5/1543504348.png  used on input line 379
.
(pdftex.def)             Requested size: 426.79134pt x 240.06316pt.
 [29 <./Pictures/SCCM/4/1543500666.png> <./Pictures/SCCM/4/1543501810.png>]
<Pictures/SCCM/5/1543504358.png, id=345, 1927.2pt x 1084.05pt>
File: Pictures/SCCM/5/1543504358.png Graphic file (type png)
<use Pictures/SCCM/5/1543504358.png>
Package pdftex.def Info: Pictures/SCCM/5/1543504358.png  used on input line 384
.
(pdftex.def)             Requested size: 426.79134pt x 240.06316pt.
<Pictures/SCCM/5/1543504368.png, id=346, 1927.2pt x 1084.05pt>
File: Pictures/SCCM/5/1543504368.png Graphic file (type png)
<use Pictures/SCCM/5/1543504368.png>
Package pdftex.def Info: Pictures/SCCM/5/1543504368.png  used on input line 389
.
(pdftex.def)             Requested size: 426.79134pt x 240.06316pt.
 [30 <./Pictures/SCCM/5/1543504348.png> <./Pictures/SCCM/5/1543504358.png>]
<Pictures/SCCM/5/1543504391.png, id=353, 1927.2pt x 1084.05pt>
File: Pictures/SCCM/5/1543504391.png Graphic file (type png)
<use Pictures/SCCM/5/1543504391.png>
Package pdftex.def Info: Pictures/SCCM/5/1543504391.png  used on input line 394
.
(pdftex.def)             Requested size: 426.79134pt x 240.06316pt.
<Pictures/SCCM/5/1543504396.png, id=354, 1927.2pt x 1084.05pt>
File: Pictures/SCCM/5/1543504396.png Graphic file (type png)
<use Pictures/SCCM/5/1543504396.png>
Package pdftex.def Info: Pictures/SCCM/5/1543504396.png  used on input line 399
.
(pdftex.def)             Requested size: 426.79134pt x 240.06316pt.
 [31 <./Pictures/SCCM/5/1543504368.png> <./Pictures/SCCM/5/1543504391.png>]
<Pictures/SCCM/6/1543502369.png, id=362, 1927.2pt x 1084.05pt>
File: Pictures/SCCM/6/1543502369.png Graphic file (type png)
<use Pictures/SCCM/6/1543502369.png>
Package pdftex.def Info: Pictures/SCCM/6/1543502369.png  used on input line 405
.
(pdftex.def)             Requested size: 426.79134pt x 240.06316pt.
<Pictures/SCCM/6/1543502380.png, id=363, 1927.2pt x 1084.05pt>
File: Pictures/SCCM/6/1543502380.png Graphic file (type png)
<use Pictures/SCCM/6/1543502380.png>
Package pdftex.def Info: Pictures/SCCM/6/1543502380.png  used on input line 410
.
(pdftex.def)             Requested size: 426.79134pt x 240.06316pt.
 [32 <./Pictures/SCCM/5/1543504396.png> <./Pictures/SCCM/6/1543502369.png>]
<Pictures/SCCM/6/1543502389.png, id=370, 1927.2pt x 1084.05pt>
File: Pictures/SCCM/6/1543502389.png Graphic file (type png)
<use Pictures/SCCM/6/1543502389.png>
Package pdftex.def Info: Pictures/SCCM/6/1543502389.png  used on input line 415
.
(pdftex.def)             Requested size: 426.79134pt x 240.06316pt.
<Pictures/SCCM/6/1543502394.png, id=371, 1927.2pt x 1084.05pt>
File: Pictures/SCCM/6/1543502394.png Graphic file (type png)
<use Pictures/SCCM/6/1543502394.png>
Package pdftex.def Info: Pictures/SCCM/6/1543502394.png  used on input line 420
.
(pdftex.def)             Requested size: 426.79134pt x 240.06316pt.
[33 <./Pictures/SCCM/6/1543502380.png> <./Pictures/SCCM/6/1543502389.png>]
<Pictures/SCCM/6/1543502403.png, id=378, 1927.2pt x 1084.05pt>
File: Pictures/SCCM/6/1543502403.png Graphic file (type png)
<use Pictures/SCCM/6/1543502403.png>
Package pdftex.def Info: Pictures/SCCM/6/1543502403.png  used on input line 425
.
(pdftex.def)             Requested size: 426.79134pt x 240.06316pt.
<Pictures/SCCM/6/1543502522.png, id=379, 1927.2pt x 1084.05pt>
File: Pictures/SCCM/6/1543502522.png Graphic file (type png)
<use Pictures/SCCM/6/1543502522.png>
Package pdftex.def Info: Pictures/SCCM/6/1543502522.png  used on input line 430
.
(pdftex.def)             Requested size: 426.79134pt x 240.06316pt.

[34 <./Pictures/SCCM/6/1543502394.png> <./Pictures/SCCM/6/1543502403.png>]
<Pictures/SCCM/6/1543502769.png, id=386, 1927.2pt x 1084.05pt>
File: Pictures/SCCM/6/1543502769.png Graphic file (type png)
<use Pictures/SCCM/6/1543502769.png>
Package pdftex.def Info: Pictures/SCCM/6/1543502769.png  used on input line 435
.
(pdftex.def)             Requested size: 426.79134pt x 240.06316pt.
<Pictures/SCCM/6/1543502844.png, id=387, 1927.2pt x 1084.05pt>
File: Pictures/SCCM/6/1543502844.png Graphic file (type png)
<use Pictures/SCCM/6/1543502844.png>
Package pdftex.def Info: Pictures/SCCM/6/1543502844.png  used on input line 440
.
(pdftex.def)             Requested size: 426.79134pt x 240.06316pt.

[35 <./Pictures/SCCM/6/1543502522.png> <./Pictures/SCCM/6/1543502769.png>]
<Pictures/SCCM/6/1543502847.png, id=394, 1927.2pt x 1084.05pt>
File: Pictures/SCCM/6/1543502847.png Graphic file (type png)
<use Pictures/SCCM/6/1543502847.png>
Package pdftex.def Info: Pictures/SCCM/6/1543502847.png  used on input line 445
.
(pdftex.def)             Requested size: 426.79134pt x 240.06316pt.
<Pictures/SCCM/6/1543502871.png, id=395, 1927.2pt x 1084.05pt>
File: Pictures/SCCM/6/1543502871.png Graphic file (type png)
<use Pictures/SCCM/6/1543502871.png>
Package pdftex.def Info: Pictures/SCCM/6/1543502871.png  used on input line 450
.
(pdftex.def)             Requested size: 426.79134pt x 240.06316pt.

[36 <./Pictures/SCCM/6/1543502844.png> <./Pictures/SCCM/6/1543502847.png>]
<Pictures/SCCM/6/1543502888.png, id=402, 1927.2pt x 1084.05pt>
File: Pictures/SCCM/6/1543502888.png Graphic file (type png)
<use Pictures/SCCM/6/1543502888.png>
Package pdftex.def Info: Pictures/SCCM/6/1543502888.png  used on input line 455
.
(pdftex.def)             Requested size: 426.79134pt x 240.06316pt.
<Pictures/SCCM/6/1543502894.png, id=403, 1927.2pt x 1084.05pt>
File: Pictures/SCCM/6/1543502894.png Graphic file (type png)
<use Pictures/SCCM/6/1543502894.png>
Package pdftex.def Info: Pictures/SCCM/6/1543502894.png  used on input line 460
.
(pdftex.def)             Requested size: 426.79134pt x 240.06316pt.

[37 <./Pictures/SCCM/6/1543502871.png> <./Pictures/SCCM/6/1543502888.png>]
<Pictures/SCCM/6/1543504659.png, id=411, 1927.2pt x 1084.05pt>
File: Pictures/SCCM/6/1543504659.png Graphic file (type png)
<use Pictures/SCCM/6/1543504659.png>
Package pdftex.def Info: Pictures/SCCM/6/1543504659.png  used on input line 465
.
(pdftex.def)             Requested size: 426.79134pt x 240.06316pt.
<Pictures/SCCM/6/1543504663.png, id=412, 1927.2pt x 1084.05pt>
File: Pictures/SCCM/6/1543504663.png Graphic file (type png)
<use Pictures/SCCM/6/1543504663.png>
Package pdftex.def Info: Pictures/SCCM/6/1543504663.png  used on input line 470
.
(pdftex.def)             Requested size: 426.79134pt x 240.06316pt.

[38 <./Pictures/SCCM/6/1543502894.png> <./Pictures/SCCM/6/1543504659.png>]
<Pictures/SCCM/6/1543504665.png, id=420, 1927.2pt x 1084.05pt>
File: Pictures/SCCM/6/1543504665.png Graphic file (type png)
<use Pictures/SCCM/6/1543504665.png>
Package pdftex.def Info: Pictures/SCCM/6/1543504665.png  used on input line 475
.
(pdftex.def)             Requested size: 426.79134pt x 240.06316pt.
<Pictures/SCCM/6/1543504680.png, id=421, 1927.2pt x 1084.05pt>
File: Pictures/SCCM/6/1543504680.png Graphic file (type png)
<use Pictures/SCCM/6/1543504680.png>
Package pdftex.def Info: Pictures/SCCM/6/1543504680.png  used on input line 480
.
(pdftex.def)             Requested size: 426.79134pt x 240.06316pt.

[39 <./Pictures/SCCM/6/1543504663.png> <./Pictures/SCCM/6/1543504665.png>]
<Pictures/SCCM/6/1543504684.png, id=428, 1927.2pt x 1084.05pt>
File: Pictures/SCCM/6/1543504684.png Graphic file (type png)
<use Pictures/SCCM/6/1543504684.png>
Package pdftex.def Info: Pictures/SCCM/6/1543504684.png  used on input line 485
.
(pdftex.def)             Requested size: 426.79134pt x 240.06316pt.
<Pictures/SCCM/6/1543504686.png, id=429, 1927.2pt x 1084.05pt>
File: Pictures/SCCM/6/1543504686.png Graphic file (type png)
<use Pictures/SCCM/6/1543504686.png>
Package pdftex.def Info: Pictures/SCCM/6/1543504686.png  used on input line 490
.
(pdftex.def)             Requested size: 426.79134pt x 240.06316pt.

[40 <./Pictures/SCCM/6/1543504680.png> <./Pictures/SCCM/6/1543504684.png>]
<Pictures/SCCM/6/1543504690.png, id=436, 1927.2pt x 1084.05pt>
File: Pictures/SCCM/6/1543504690.png Graphic file (type png)
<use Pictures/SCCM/6/1543504690.png>
Package pdftex.def Info: Pictures/SCCM/6/1543504690.png  used on input line 495
.
(pdftex.def)             Requested size: 426.79134pt x 240.06316pt.
<Pictures/SCCM/6/1543507674.png, id=437, 1927.2pt x 1084.05pt>
File: Pictures/SCCM/6/1543507674.png Graphic file (type png)
<use Pictures/SCCM/6/1543507674.png>
Package pdftex.def Info: Pictures/SCCM/6/1543507674.png  used on input line 500
.
(pdftex.def)             Requested size: 426.79134pt x 240.06316pt.

[41 <./Pictures/SCCM/6/1543504686.png> <./Pictures/SCCM/6/1543504690.png>]
<Pictures/SCCM/6/1543507677.png, id=444, 1927.2pt x 1084.05pt>
File: Pictures/SCCM/6/1543507677.png Graphic file (type png)
<use Pictures/SCCM/6/1543507677.png>
Package pdftex.def Info: Pictures/SCCM/6/1543507677.png  used on input line 504
.
(pdftex.def)             Requested size: 426.79134pt x 240.06316pt.
<Pictures/SCCM/6/1543508319.png, id=445, 1927.2pt x 1084.05pt>
File: Pictures/SCCM/6/1543508319.png Graphic file (type png)
<use Pictures/SCCM/6/1543508319.png>
Package pdftex.def Info: Pictures/SCCM/6/1543508319.png  used on input line 507
.
(pdftex.def)             Requested size: 426.79134pt x 240.06316pt.

[42 <./Pictures/SCCM/6/1543507674.png> <./Pictures/SCCM/6/1543507677.png>]
<Pictures/SCCM/6/1543511255.png, id=452, 1927.2pt x 1084.05pt>
File: Pictures/SCCM/6/1543511255.png Graphic file (type png)
<use Pictures/SCCM/6/1543511255.png>
Package pdftex.def Info: Pictures/SCCM/6/1543511255.png  used on input line 512
.
(pdftex.def)             Requested size: 426.79134pt x 240.06316pt.

[43 <./Pictures/SCCM/6/1543508319.png> <./Pictures/SCCM/6/1543511255.png>]
<Pictures/SCCM.pdf, id=460, 614.295pt x 794.97pt>
File: Pictures/SCCM.pdf Graphic file (type pdf)
<use Pictures/SCCM.pdf>
Package pdftex.def Info: Pictures/SCCM.pdf  used on input line 524.
(pdftex.def)             Requested size: 614.29349pt x 794.96806pt.
File: Pictures/SCCM.pdf Graphic file (type pdf)
<use Pictures/SCCM.pdf>
Package pdftex.def Info: Pictures/SCCM.pdf  used on input line 524.
(pdftex.def)             Requested size: 614.29349pt x 794.96806pt.
<Pictures/SCCM.pdf, id=463, page=85, 614.295pt x 794.97pt>
File: Pictures/SCCM.pdf Graphic file (type pdf)
<use Pictures/SCCM.pdf, page 85>
Package pdftex.def Info: Pictures/SCCM.pdf , page85 used on input line 524.
(pdftex.def)             Requested size: 614.29349pt x 794.96806pt.
File: Pictures/SCCM.pdf Graphic file (type pdf)
<use Pictures/SCCM.pdf, page 85>
Package pdftex.def Info: Pictures/SCCM.pdf , page85 used on input line 524.
(pdftex.def)             Requested size: 597.78697pt x 773.60669pt.

[44

]
File: Pictures/SCCM.pdf Graphic file (type pdf)
<use Pictures/SCCM.pdf, page 85>
Package pdftex.def Info: Pictures/SCCM.pdf , page85 used on input line 524.
(pdftex.def)             Requested size: 597.78697pt x 773.60669pt.
File: Pictures/SCCM.pdf Graphic file (type pdf)
<use Pictures/SCCM.pdf, page 85>
Package pdftex.def Info: Pictures/SCCM.pdf , page85 used on input line 524.
(pdftex.def)             Requested size: 597.78697pt x 773.60669pt.
File: Pictures/SCCM.pdf Graphic file (type pdf)
<use Pictures/SCCM.pdf, page 85>
Package pdftex.def Info: Pictures/SCCM.pdf , page85 used on input line 524.
(pdftex.def)             Requested size: 597.78697pt x 773.60669pt.
 [45 <./Pictures/SCCM.pdf>]
<Pictures/SCCM.pdf, id=489, page=86, 614.295pt x 794.97pt>
File: Pictures/SCCM.pdf Graphic file (type pdf)
<use Pictures/SCCM.pdf, page 86>
Package pdftex.def Info: Pictures/SCCM.pdf , page86 used on input line 524.
(pdftex.def)             Requested size: 597.78697pt x 773.60669pt.
File: Pictures/SCCM.pdf Graphic file (type pdf)
<use Pictures/SCCM.pdf, page 86>
Package pdftex.def Info: Pictures/SCCM.pdf , page86 used on input line 524.
(pdftex.def)             Requested size: 597.78697pt x 773.60669pt.
File: Pictures/SCCM.pdf Graphic file (type pdf)
<use Pictures/SCCM.pdf, page 86>
Package pdftex.def Info: Pictures/SCCM.pdf , page86 used on input line 524.
(pdftex.def)             Requested size: 597.78697pt x 773.60669pt.
 [46 <./Pictures/SCCM.pdf>]
<Pictures/SCCM.pdf, id=504, page=87, 614.295pt x 794.97pt>
File: Pictures/SCCM.pdf Graphic file (type pdf)
<use Pictures/SCCM.pdf, page 87>
Package pdftex.def Info: Pictures/SCCM.pdf , page87 used on input line 524.
(pdftex.def)             Requested size: 597.78697pt x 773.60669pt.
File: Pictures/SCCM.pdf Graphic file (type pdf)
<use Pictures/SCCM.pdf, page 87>
Package pdftex.def Info: Pictures/SCCM.pdf , page87 used on input line 524.
(pdftex.def)             Requested size: 597.78697pt x 773.60669pt.
File: Pictures/SCCM.pdf Graphic file (type pdf)
<use Pictures/SCCM.pdf, page 87>
Package pdftex.def Info: Pictures/SCCM.pdf , page87 used on input line 524.
(pdftex.def)             Requested size: 597.78697pt x 773.60669pt.
 [47 <./Pictures/SCCM.pdf>]
<Pictures/SCCM.pdf, id=513, page=88, 614.295pt x 794.97pt>
File: Pictures/SCCM.pdf Graphic file (type pdf)
<use Pictures/SCCM.pdf, page 88>
Package pdftex.def Info: Pictures/SCCM.pdf , page88 used on input line 524.
(pdftex.def)             Requested size: 597.78697pt x 773.60669pt.
File: Pictures/SCCM.pdf Graphic file (type pdf)
<use Pictures/SCCM.pdf, page 88>
Package pdftex.def Info: Pictures/SCCM.pdf , page88 used on input line 524.
(pdftex.def)             Requested size: 597.78697pt x 773.60669pt.
File: Pictures/SCCM.pdf Graphic file (type pdf)
<use Pictures/SCCM.pdf, page 88>
Package pdftex.def Info: Pictures/SCCM.pdf , page88 used on input line 524.
(pdftex.def)             Requested size: 597.78697pt x 773.60669pt.
 [48 <./Pictures/SCCM.pdf>]
<Pictures/SCCM.pdf, id=529, page=89, 614.295pt x 794.97pt>
File: Pictures/SCCM.pdf Graphic file (type pdf)
<use Pictures/SCCM.pdf, page 89>
Package pdftex.def Info: Pictures/SCCM.pdf , page89 used on input line 524.
(pdftex.def)             Requested size: 597.78697pt x 773.60669pt.
File: Pictures/SCCM.pdf Graphic file (type pdf)
<use Pictures/SCCM.pdf, page 89>
Package pdftex.def Info: Pictures/SCCM.pdf , page89 used on input line 524.
(pdftex.def)             Requested size: 597.78697pt x 773.60669pt.
File: Pictures/SCCM.pdf Graphic file (type pdf)
<use Pictures/SCCM.pdf, page 89>
Package pdftex.def Info: Pictures/SCCM.pdf , page89 used on input line 524.
(pdftex.def)             Requested size: 597.78697pt x 773.60669pt.
 [49 <./Pictures/SCCM.pdf>]
<Pictures/SCCM.pdf, id=538, page=90, 614.295pt x 794.97pt>
File: Pictures/SCCM.pdf Graphic file (type pdf)
<use Pictures/SCCM.pdf, page 90>
Package pdftex.def Info: Pictures/SCCM.pdf , page90 used on input line 524.
(pdftex.def)             Requested size: 597.78697pt x 773.60669pt.
File: Pictures/SCCM.pdf Graphic file (type pdf)
<use Pictures/SCCM.pdf, page 90>
Package pdftex.def Info: Pictures/SCCM.pdf , page90 used on input line 524.
(pdftex.def)             Requested size: 597.78697pt x 773.60669pt.
File: Pictures/SCCM.pdf Graphic file (type pdf)
<use Pictures/SCCM.pdf, page 90>
Package pdftex.def Info: Pictures/SCCM.pdf , page90 used on input line 524.
(pdftex.def)             Requested size: 597.78697pt x 773.60669pt.
 [50 <./Pictures/SCCM.pdf>]
<Pictures/SCCM.pdf, id=546, page=91, 614.295pt x 794.97pt>
File: Pictures/SCCM.pdf Graphic file (type pdf)
<use Pictures/SCCM.pdf, page 91>
Package pdftex.def Info: Pictures/SCCM.pdf , page91 used on input line 524.
(pdftex.def)             Requested size: 597.78697pt x 773.60669pt.
File: Pictures/SCCM.pdf Graphic file (type pdf)
<use Pictures/SCCM.pdf, page 91>
Package pdftex.def Info: Pictures/SCCM.pdf , page91 used on input line 524.
(pdftex.def)             Requested size: 597.78697pt x 773.60669pt.
File: Pictures/SCCM.pdf Graphic file (type pdf)
<use Pictures/SCCM.pdf, page 91>
Package pdftex.def Info: Pictures/SCCM.pdf , page91 used on input line 524.
(pdftex.def)             Requested size: 597.78697pt x 773.60669pt.
 [51 <./Pictures/SCCM.pdf>]
<Pictures/SCCM.pdf, id=555, page=92, 614.295pt x 794.97pt>
File: Pictures/SCCM.pdf Graphic file (type pdf)
<use Pictures/SCCM.pdf, page 92>
Package pdftex.def Info: Pictures/SCCM.pdf , page92 used on input line 524.
(pdftex.def)             Requested size: 597.78697pt x 773.60669pt.
File: Pictures/SCCM.pdf Graphic file (type pdf)
<use Pictures/SCCM.pdf, page 92>
Package pdftex.def Info: Pictures/SCCM.pdf , page92 used on input line 524.
(pdftex.def)             Requested size: 597.78697pt x 773.60669pt.
File: Pictures/SCCM.pdf Graphic file (type pdf)
<use Pictures/SCCM.pdf, page 92>
Package pdftex.def Info: Pictures/SCCM.pdf , page92 used on input line 524.
(pdftex.def)             Requested size: 597.78697pt x 773.60669pt.
 [52 <./Pictures/SCCM.pdf>]
<Pictures/SCCM.pdf, id=563, page=93, 614.295pt x 794.97pt>
File: Pictures/SCCM.pdf Graphic file (type pdf)
<use Pictures/SCCM.pdf, page 93>
Package pdftex.def Info: Pictures/SCCM.pdf , page93 used on input line 524.
(pdftex.def)             Requested size: 597.78697pt x 773.60669pt.
File: Pictures/SCCM.pdf Graphic file (type pdf)
<use Pictures/SCCM.pdf, page 93>
Package pdftex.def Info: Pictures/SCCM.pdf , page93 used on input line 524.
(pdftex.def)             Requested size: 597.78697pt x 773.60669pt.
File: Pictures/SCCM.pdf Graphic file (type pdf)
<use Pictures/SCCM.pdf, page 93>
Package pdftex.def Info: Pictures/SCCM.pdf , page93 used on input line 524.
(pdftex.def)             Requested size: 597.78697pt x 773.60669pt.
 [53 <./Pictures/SCCM.pdf>]
<Pictures/SCCM.pdf, id=570, page=94, 614.295pt x 794.97pt>
File: Pictures/SCCM.pdf Graphic file (type pdf)
<use Pictures/SCCM.pdf, page 94>
Package pdftex.def Info: Pictures/SCCM.pdf , page94 used on input line 524.
(pdftex.def)             Requested size: 597.78697pt x 773.60669pt.
File: Pictures/SCCM.pdf Graphic file (type pdf)
<use Pictures/SCCM.pdf, page 94>
Package pdftex.def Info: Pictures/SCCM.pdf , page94 used on input line 524.
(pdftex.def)             Requested size: 597.78697pt x 773.60669pt.
File: Pictures/SCCM.pdf Graphic file (type pdf)
<use Pictures/SCCM.pdf, page 94>
Package pdftex.def Info: Pictures/SCCM.pdf , page94 used on input line 524.
(pdftex.def)             Requested size: 597.78697pt x 773.60669pt.
 [54 <./Pictures/SCCM.pdf>]
<Pictures/SCCM.pdf, id=577, page=95, 614.295pt x 794.97pt>
File: Pictures/SCCM.pdf Graphic file (type pdf)
<use Pictures/SCCM.pdf, page 95>
Package pdftex.def Info: Pictures/SCCM.pdf , page95 used on input line 524.
(pdftex.def)             Requested size: 597.78697pt x 773.60669pt.
File: Pictures/SCCM.pdf Graphic file (type pdf)
<use Pictures/SCCM.pdf, page 95>
Package pdftex.def Info: Pictures/SCCM.pdf , page95 used on input line 524.
(pdftex.def)             Requested size: 597.78697pt x 773.60669pt.
File: Pictures/SCCM.pdf Graphic file (type pdf)
<use Pictures/SCCM.pdf, page 95>
Package pdftex.def Info: Pictures/SCCM.pdf , page95 used on input line 524.
(pdftex.def)             Requested size: 597.78697pt x 773.60669pt.
 [55 <./Pictures/SCCM.pdf>]
<Pictures/SCCM.pdf, id=585, page=96, 614.295pt x 794.97pt>
File: Pictures/SCCM.pdf Graphic file (type pdf)
<use Pictures/SCCM.pdf, page 96>
Package pdftex.def Info: Pictures/SCCM.pdf , page96 used on input line 524.
(pdftex.def)             Requested size: 597.78697pt x 773.60669pt.
File: Pictures/SCCM.pdf Graphic file (type pdf)
<use Pictures/SCCM.pdf, page 96>
Package pdftex.def Info: Pictures/SCCM.pdf , page96 used on input line 524.
(pdftex.def)             Requested size: 597.78697pt x 773.60669pt.
File: Pictures/SCCM.pdf Graphic file (type pdf)
<use Pictures/SCCM.pdf, page 96>
Package pdftex.def Info: Pictures/SCCM.pdf , page96 used on input line 524.
(pdftex.def)             Requested size: 597.78697pt x 773.60669pt.
 [56 <./Pictures/SCCM.pdf>]
<Pictures/SCCM.pdf, id=592, page=97, 614.295pt x 794.97pt>
File: Pictures/SCCM.pdf Graphic file (type pdf)
<use Pictures/SCCM.pdf, page 97>
Package pdftex.def Info: Pictures/SCCM.pdf , page97 used on input line 524.
(pdftex.def)             Requested size: 597.78697pt x 773.60669pt.
File: Pictures/SCCM.pdf Graphic file (type pdf)
<use Pictures/SCCM.pdf, page 97>
Package pdftex.def Info: Pictures/SCCM.pdf , page97 used on input line 524.
(pdftex.def)             Requested size: 597.78697pt x 773.60669pt.
File: Pictures/SCCM.pdf Graphic file (type pdf)
<use Pictures/SCCM.pdf, page 97>
Package pdftex.def Info: Pictures/SCCM.pdf , page97 used on input line 524.
(pdftex.def)             Requested size: 597.78697pt x 773.60669pt.
 [57 <./Pictures/SCCM.pdf>]
<Pictures/SCCM.pdf, id=599, page=98, 614.295pt x 794.97pt>
File: Pictures/SCCM.pdf Graphic file (type pdf)
<use Pictures/SCCM.pdf, page 98>
Package pdftex.def Info: Pictures/SCCM.pdf , page98 used on input line 524.
(pdftex.def)             Requested size: 597.78697pt x 773.60669pt.
File: Pictures/SCCM.pdf Graphic file (type pdf)
<use Pictures/SCCM.pdf, page 98>
Package pdftex.def Info: Pictures/SCCM.pdf , page98 used on input line 524.
(pdftex.def)             Requested size: 597.78697pt x 773.60669pt.
File: Pictures/SCCM.pdf Graphic file (type pdf)
<use Pictures/SCCM.pdf, page 98>
Package pdftex.def Info: Pictures/SCCM.pdf , page98 used on input line 524.
(pdftex.def)             Requested size: 597.78697pt x 773.60669pt.
 [58 <./Pictures/SCCM.pdf>]
<Pictures/SCCM.pdf, id=606, page=99, 614.295pt x 794.97pt>
File: Pictures/SCCM.pdf Graphic file (type pdf)
<use Pictures/SCCM.pdf, page 99>
Package pdftex.def Info: Pictures/SCCM.pdf , page99 used on input line 524.
(pdftex.def)             Requested size: 597.78697pt x 773.60669pt.
File: Pictures/SCCM.pdf Graphic file (type pdf)
<use Pictures/SCCM.pdf, page 99>
Package pdftex.def Info: Pictures/SCCM.pdf , page99 used on input line 524.
(pdftex.def)             Requested size: 597.78697pt x 773.60669pt.
File: Pictures/SCCM.pdf Graphic file (type pdf)
<use Pictures/SCCM.pdf, page 99>
Package pdftex.def Info: Pictures/SCCM.pdf , page99 used on input line 524.
(pdftex.def)             Requested size: 597.78697pt x 773.60669pt.
 [59 <./Pictures/SCCM.pdf>]
<Pictures/SCCM.pdf, id=615, page=100, 614.295pt x 794.97pt>
File: Pictures/SCCM.pdf Graphic file (type pdf)
<use Pictures/SCCM.pdf, page 100>
Package pdftex.def Info: Pictures/SCCM.pdf , page100 used on input line 524.
(pdftex.def)             Requested size: 597.78697pt x 773.60669pt.
File: Pictures/SCCM.pdf Graphic file (type pdf)
<use Pictures/SCCM.pdf, page 100>
Package pdftex.def Info: Pictures/SCCM.pdf , page100 used on input line 524.
(pdftex.def)             Requested size: 597.78697pt x 773.60669pt.
File: Pictures/SCCM.pdf Graphic file (type pdf)
<use Pictures/SCCM.pdf, page 100>
Package pdftex.def Info: Pictures/SCCM.pdf , page100 used on input line 524.
(pdftex.def)             Requested size: 597.78697pt x 773.60669pt.
 [60 <./Pictures/SCCM.pdf>]
<Pictures/SCCM.pdf, id=627, page=101, 614.295pt x 794.97pt>
File: Pictures/SCCM.pdf Graphic file (type pdf)
<use Pictures/SCCM.pdf, page 101>
Package pdftex.def Info: Pictures/SCCM.pdf , page101 used on input line 524.
(pdftex.def)             Requested size: 597.78697pt x 773.60669pt.
File: Pictures/SCCM.pdf Graphic file (type pdf)
<use Pictures/SCCM.pdf, page 101>
Package pdftex.def Info: Pictures/SCCM.pdf , page101 used on input line 524.
(pdftex.def)             Requested size: 597.78697pt x 773.60669pt.
File: Pictures/SCCM.pdf Graphic file (type pdf)
<use Pictures/SCCM.pdf, page 101>
Package pdftex.def Info: Pictures/SCCM.pdf , page101 used on input line 524.
(pdftex.def)             Requested size: 597.78697pt x 773.60669pt.
 [61 <./Pictures/SCCM.pdf>]
<Pictures/SCCM.pdf, id=636, page=102, 614.295pt x 794.97pt>
File: Pictures/SCCM.pdf Graphic file (type pdf)
<use Pictures/SCCM.pdf, page 102>
Package pdftex.def Info: Pictures/SCCM.pdf , page102 used on input line 524.
(pdftex.def)             Requested size: 597.78697pt x 773.60669pt.
File: Pictures/SCCM.pdf Graphic file (type pdf)
<use Pictures/SCCM.pdf, page 102>
Package pdftex.def Info: Pictures/SCCM.pdf , page102 used on input line 524.
(pdftex.def)             Requested size: 597.78697pt x 773.60669pt.
File: Pictures/SCCM.pdf Graphic file (type pdf)
<use Pictures/SCCM.pdf, page 102>
Package pdftex.def Info: Pictures/SCCM.pdf , page102 used on input line 524.
(pdftex.def)             Requested size: 597.78697pt x 773.60669pt.
 [62 <./Pictures/SCCM.pdf>]
<Pictures/SCCM.pdf, id=645, page=103, 614.295pt x 794.97pt>
File: Pictures/SCCM.pdf Graphic file (type pdf)
<use Pictures/SCCM.pdf, page 103>
Package pdftex.def Info: Pictures/SCCM.pdf , page103 used on input line 524.
(pdftex.def)             Requested size: 597.78697pt x 773.60669pt.
File: Pictures/SCCM.pdf Graphic file (type pdf)
<use Pictures/SCCM.pdf, page 103>
Package pdftex.def Info: Pictures/SCCM.pdf , page103 used on input line 524.
(pdftex.def)             Requested size: 597.78697pt x 773.60669pt.
File: Pictures/SCCM.pdf Graphic file (type pdf)
<use Pictures/SCCM.pdf, page 103>
Package pdftex.def Info: Pictures/SCCM.pdf , page103 used on input line 524.
(pdftex.def)             Requested size: 597.78697pt x 773.60669pt.
 [63 <./Pictures/SCCM.pdf>]
<Pictures/SCCM.pdf, id=653, page=104, 614.295pt x 794.97pt>
File: Pictures/SCCM.pdf Graphic file (type pdf)
<use Pictures/SCCM.pdf, page 104>
Package pdftex.def Info: Pictures/SCCM.pdf , page104 used on input line 524.
(pdftex.def)             Requested size: 597.78697pt x 773.60669pt.
File: Pictures/SCCM.pdf Graphic file (type pdf)
<use Pictures/SCCM.pdf, page 104>
Package pdftex.def Info: Pictures/SCCM.pdf , page104 used on input line 524.
(pdftex.def)             Requested size: 597.78697pt x 773.60669pt.
File: Pictures/SCCM.pdf Graphic file (type pdf)
<use Pictures/SCCM.pdf, page 104>
Package pdftex.def Info: Pictures/SCCM.pdf , page104 used on input line 524.
(pdftex.def)             Requested size: 597.78697pt x 773.60669pt.
 [64 <./Pictures/SCCM.pdf>]
<Pictures/SCCM.pdf, id=660, page=105, 614.295pt x 794.97pt>
File: Pictures/SCCM.pdf Graphic file (type pdf)
<use Pictures/SCCM.pdf, page 105>
Package pdftex.def Info: Pictures/SCCM.pdf , page105 used on input line 524.
(pdftex.def)             Requested size: 597.78697pt x 773.60669pt.
File: Pictures/SCCM.pdf Graphic file (type pdf)
<use Pictures/SCCM.pdf, page 105>
Package pdftex.def Info: Pictures/SCCM.pdf , page105 used on input line 524.
(pdftex.def)             Requested size: 597.78697pt x 773.60669pt.
File: Pictures/SCCM.pdf Graphic file (type pdf)
<use Pictures/SCCM.pdf, page 105>
Package pdftex.def Info: Pictures/SCCM.pdf , page105 used on input line 524.
(pdftex.def)             Requested size: 597.78697pt x 773.60669pt.
 [65 <./Pictures/SCCM.pdf>]
<Pictures/SCCM.pdf, id=667, page=106, 614.295pt x 794.97pt>
File: Pictures/SCCM.pdf Graphic file (type pdf)
<use Pictures/SCCM.pdf, page 106>
Package pdftex.def Info: Pictures/SCCM.pdf , page106 used on input line 524.
(pdftex.def)             Requested size: 597.78697pt x 773.60669pt.
File: Pictures/SCCM.pdf Graphic file (type pdf)
<use Pictures/SCCM.pdf, page 106>
Package pdftex.def Info: Pictures/SCCM.pdf , page106 used on input line 524.
(pdftex.def)             Requested size: 597.78697pt x 773.60669pt.
File: Pictures/SCCM.pdf Graphic file (type pdf)
<use Pictures/SCCM.pdf, page 106>
Package pdftex.def Info: Pictures/SCCM.pdf , page106 used on input line 524.
(pdftex.def)             Requested size: 597.78697pt x 773.60669pt.
 [66 <./Pictures/SCCM.pdf>]
<Pictures/SCCM.pdf, id=674, page=107, 614.295pt x 794.97pt>
File: Pictures/SCCM.pdf Graphic file (type pdf)
<use Pictures/SCCM.pdf, page 107>
Package pdftex.def Info: Pictures/SCCM.pdf , page107 used on input line 524.
(pdftex.def)             Requested size: 597.78697pt x 773.60669pt.
File: Pictures/SCCM.pdf Graphic file (type pdf)
<use Pictures/SCCM.pdf, page 107>
Package pdftex.def Info: Pictures/SCCM.pdf , page107 used on input line 524.
(pdftex.def)             Requested size: 597.78697pt x 773.60669pt.
File: Pictures/SCCM.pdf Graphic file (type pdf)
<use Pictures/SCCM.pdf, page 107>
Package pdftex.def Info: Pictures/SCCM.pdf , page107 used on input line 524.
(pdftex.def)             Requested size: 597.78697pt x 773.60669pt.
 [67 <./Pictures/SCCM.pdf>]
<Pictures/SCCM.pdf, id=682, page=108, 614.295pt x 794.97pt>
File: Pictures/SCCM.pdf Graphic file (type pdf)
<use Pictures/SCCM.pdf, page 108>
Package pdftex.def Info: Pictures/SCCM.pdf , page108 used on input line 524.
(pdftex.def)             Requested size: 597.78697pt x 773.60669pt.
File: Pictures/SCCM.pdf Graphic file (type pdf)
<use Pictures/SCCM.pdf, page 108>
Package pdftex.def Info: Pictures/SCCM.pdf , page108 used on input line 524.
(pdftex.def)             Requested size: 597.78697pt x 773.60669pt.
File: Pictures/SCCM.pdf Graphic file (type pdf)
<use Pictures/SCCM.pdf, page 108>
Package pdftex.def Info: Pictures/SCCM.pdf , page108 used on input line 524.
(pdftex.def)             Requested size: 597.78697pt x 773.60669pt.

[68 <./Pictures/SCCM.pdf>]
<Pictures/SCCM.pdf, id=689, page=109, 614.295pt x 794.97pt>
File: Pictures/SCCM.pdf Graphic file (type pdf)
<use Pictures/SCCM.pdf, page 109>
Package pdftex.def Info: Pictures/SCCM.pdf , page109 used on input line 524.
(pdftex.def)             Requested size: 597.78697pt x 773.60669pt.
File: Pictures/SCCM.pdf Graphic file (type pdf)
<use Pictures/SCCM.pdf, page 109>
Package pdftex.def Info: Pictures/SCCM.pdf , page109 used on input line 524.
(pdftex.def)             Requested size: 597.78697pt x 773.60669pt.
File: Pictures/SCCM.pdf Graphic file (type pdf)
<use Pictures/SCCM.pdf, page 109>
Package pdftex.def Info: Pictures/SCCM.pdf , page109 used on input line 524.
(pdftex.def)             Requested size: 597.78697pt x 773.60669pt.
 [69 <./Pictures/SCCM.pdf>]
<Pictures/SCCM.pdf, id=696, page=110, 614.295pt x 794.97pt>
File: Pictures/SCCM.pdf Graphic file (type pdf)
<use Pictures/SCCM.pdf, page 110>
Package pdftex.def Info: Pictures/SCCM.pdf , page110 used on input line 524.
(pdftex.def)             Requested size: 597.78697pt x 773.60669pt.
File: Pictures/SCCM.pdf Graphic file (type pdf)
<use Pictures/SCCM.pdf, page 110>
Package pdftex.def Info: Pictures/SCCM.pdf , page110 used on input line 524.
(pdftex.def)             Requested size: 597.78697pt x 773.60669pt.
File: Pictures/SCCM.pdf Graphic file (type pdf)
<use Pictures/SCCM.pdf, page 110>
Package pdftex.def Info: Pictures/SCCM.pdf , page110 used on input line 524.
(pdftex.def)             Requested size: 597.78697pt x 773.60669pt.
 [70 <./Pictures/SCCM.pdf>]
<Pictures/SCCM.pdf, id=703, page=111, 614.295pt x 794.97pt>
File: Pictures/SCCM.pdf Graphic file (type pdf)
<use Pictures/SCCM.pdf, page 111>
Package pdftex.def Info: Pictures/SCCM.pdf , page111 used on input line 524.
(pdftex.def)             Requested size: 597.78697pt x 773.60669pt.
File: Pictures/SCCM.pdf Graphic file (type pdf)
<use Pictures/SCCM.pdf, page 111>
Package pdftex.def Info: Pictures/SCCM.pdf , page111 used on input line 524.
(pdftex.def)             Requested size: 597.78697pt x 773.60669pt.
File: Pictures/SCCM.pdf Graphic file (type pdf)
<use Pictures/SCCM.pdf, page 111>
Package pdftex.def Info: Pictures/SCCM.pdf , page111 used on input line 524.
(pdftex.def)             Requested size: 597.78697pt x 773.60669pt.
 [71 <./Pictures/SCCM.pdf>]
<Pictures/SCCM.pdf, id=710, page=112, 614.295pt x 794.97pt>
File: Pictures/SCCM.pdf Graphic file (type pdf)
<use Pictures/SCCM.pdf, page 112>
Package pdftex.def Info: Pictures/SCCM.pdf , page112 used on input line 524.
(pdftex.def)             Requested size: 597.78697pt x 773.60669pt.
File: Pictures/SCCM.pdf Graphic file (type pdf)
<use Pictures/SCCM.pdf, page 112>
Package pdftex.def Info: Pictures/SCCM.pdf , page112 used on input line 524.
(pdftex.def)             Requested size: 597.78697pt x 773.60669pt.
File: Pictures/SCCM.pdf Graphic file (type pdf)
<use Pictures/SCCM.pdf, page 112>
Package pdftex.def Info: Pictures/SCCM.pdf , page112 used on input line 524.
(pdftex.def)             Requested size: 597.78697pt x 773.60669pt.
 [72 <./Pictures/SCCM.pdf>]
<Pictures/SCCM.pdf, id=717, page=113, 614.295pt x 794.97pt>
File: Pictures/SCCM.pdf Graphic file (type pdf)
<use Pictures/SCCM.pdf, page 113>
Package pdftex.def Info: Pictures/SCCM.pdf , page113 used on input line 524.
(pdftex.def)             Requested size: 597.78697pt x 773.60669pt.
File: Pictures/SCCM.pdf Graphic file (type pdf)
<use Pictures/SCCM.pdf, page 113>
Package pdftex.def Info: Pictures/SCCM.pdf , page113 used on input line 524.
(pdftex.def)             Requested size: 597.78697pt x 773.60669pt.
File: Pictures/SCCM.pdf Graphic file (type pdf)
<use Pictures/SCCM.pdf, page 113>
Package pdftex.def Info: Pictures/SCCM.pdf , page113 used on input line 524.
(pdftex.def)             Requested size: 597.78697pt x 773.60669pt.
 [73 <./Pictures/SCCM.pdf>]
<Pictures/SCCM.pdf, id=726, page=114, 614.295pt x 794.97pt>
File: Pictures/SCCM.pdf Graphic file (type pdf)
<use Pictures/SCCM.pdf, page 114>
Package pdftex.def Info: Pictures/SCCM.pdf , page114 used on input line 524.
(pdftex.def)             Requested size: 597.78697pt x 773.60669pt.
File: Pictures/SCCM.pdf Graphic file (type pdf)
<use Pictures/SCCM.pdf, page 114>
Package pdftex.def Info: Pictures/SCCM.pdf , page114 used on input line 524.
(pdftex.def)             Requested size: 597.78697pt x 773.60669pt.
File: Pictures/SCCM.pdf Graphic file (type pdf)
<use Pictures/SCCM.pdf, page 114>
Package pdftex.def Info: Pictures/SCCM.pdf , page114 used on input line 524.
(pdftex.def)             Requested size: 597.78697pt x 773.60669pt.
 [74 <./Pictures/SCCM.pdf>]
<Pictures/SCCM.pdf, id=733, page=115, 614.295pt x 794.97pt>
File: Pictures/SCCM.pdf Graphic file (type pdf)
<use Pictures/SCCM.pdf, page 115>
Package pdftex.def Info: Pictures/SCCM.pdf , page115 used on input line 524.
(pdftex.def)             Requested size: 597.78697pt x 773.60669pt.
File: Pictures/SCCM.pdf Graphic file (type pdf)
<use Pictures/SCCM.pdf, page 115>
Package pdftex.def Info: Pictures/SCCM.pdf , page115 used on input line 524.
(pdftex.def)             Requested size: 597.78697pt x 773.60669pt.
File: Pictures/SCCM.pdf Graphic file (type pdf)
<use Pictures/SCCM.pdf, page 115>
Package pdftex.def Info: Pictures/SCCM.pdf , page115 used on input line 524.
(pdftex.def)             Requested size: 597.78697pt x 773.60669pt.
 [75 <./Pictures/SCCM.pdf>]
<Pictures/SCCM.pdf, id=740, page=116, 614.295pt x 794.97pt>
File: Pictures/SCCM.pdf Graphic file (type pdf)
<use Pictures/SCCM.pdf, page 116>
Package pdftex.def Info: Pictures/SCCM.pdf , page116 used on input line 524.
(pdftex.def)             Requested size: 597.78697pt x 773.60669pt.
File: Pictures/SCCM.pdf Graphic file (type pdf)
<use Pictures/SCCM.pdf, page 116>
Package pdftex.def Info: Pictures/SCCM.pdf , page116 used on input line 524.
(pdftex.def)             Requested size: 597.78697pt x 773.60669pt.
File: Pictures/SCCM.pdf Graphic file (type pdf)
<use Pictures/SCCM.pdf, page 116>
Package pdftex.def Info: Pictures/SCCM.pdf , page116 used on input line 524.
(pdftex.def)             Requested size: 597.78697pt x 773.60669pt.
 [76 <./Pictures/SCCM.pdf>]
<Pictures/SCCM.pdf, id=749, page=117, 614.295pt x 794.97pt>
File: Pictures/SCCM.pdf Graphic file (type pdf)
<use Pictures/SCCM.pdf, page 117>
Package pdftex.def Info: Pictures/SCCM.pdf , page117 used on input line 524.
(pdftex.def)             Requested size: 597.78697pt x 773.60669pt.
File: Pictures/SCCM.pdf Graphic file (type pdf)
<use Pictures/SCCM.pdf, page 117>
Package pdftex.def Info: Pictures/SCCM.pdf , page117 used on input line 524.
(pdftex.def)             Requested size: 597.78697pt x 773.60669pt.
File: Pictures/SCCM.pdf Graphic file (type pdf)
<use Pictures/SCCM.pdf, page 117>
Package pdftex.def Info: Pictures/SCCM.pdf , page117 used on input line 524.
(pdftex.def)             Requested size: 597.78697pt x 773.60669pt.
 [77 <./Pictures/SCCM.pdf>]
<Pictures/SCCM.pdf, id=756, page=118, 614.295pt x 794.97pt>
File: Pictures/SCCM.pdf Graphic file (type pdf)
<use Pictures/SCCM.pdf, page 118>
Package pdftex.def Info: Pictures/SCCM.pdf , page118 used on input line 524.
(pdftex.def)             Requested size: 597.78697pt x 773.60669pt.
File: Pictures/SCCM.pdf Graphic file (type pdf)
<use Pictures/SCCM.pdf, page 118>
Package pdftex.def Info: Pictures/SCCM.pdf , page118 used on input line 524.
(pdftex.def)             Requested size: 597.78697pt x 773.60669pt.
File: Pictures/SCCM.pdf Graphic file (type pdf)
<use Pictures/SCCM.pdf, page 118>
Package pdftex.def Info: Pictures/SCCM.pdf , page118 used on input line 524.
(pdftex.def)             Requested size: 597.78697pt x 773.60669pt.
 [78 <./Pictures/SCCM.pdf>]
<Pictures/SCCM.pdf, id=763, page=119, 614.295pt x 794.97pt>
File: Pictures/SCCM.pdf Graphic file (type pdf)
<use Pictures/SCCM.pdf, page 119>
Package pdftex.def Info: Pictures/SCCM.pdf , page119 used on input line 524.
(pdftex.def)             Requested size: 597.78697pt x 773.60669pt.
File: Pictures/SCCM.pdf Graphic file (type pdf)
<use Pictures/SCCM.pdf, page 119>
Package pdftex.def Info: Pictures/SCCM.pdf , page119 used on input line 524.
(pdftex.def)             Requested size: 597.78697pt x 773.60669pt.
File: Pictures/SCCM.pdf Graphic file (type pdf)
<use Pictures/SCCM.pdf, page 119>
Package pdftex.def Info: Pictures/SCCM.pdf , page119 used on input line 524.
(pdftex.def)             Requested size: 597.78697pt x 773.60669pt.
 [79 <./Pictures/SCCM.pdf>]
<Pictures/SCCM.pdf, id=771, page=120, 614.295pt x 794.97pt>
File: Pictures/SCCM.pdf Graphic file (type pdf)
<use Pictures/SCCM.pdf, page 120>
Package pdftex.def Info: Pictures/SCCM.pdf , page120 used on input line 524.
(pdftex.def)             Requested size: 597.78697pt x 773.60669pt.
File: Pictures/SCCM.pdf Graphic file (type pdf)
<use Pictures/SCCM.pdf, page 120>
Package pdftex.def Info: Pictures/SCCM.pdf , page120 used on input line 524.
(pdftex.def)             Requested size: 597.78697pt x 773.60669pt.
File: Pictures/SCCM.pdf Graphic file (type pdf)
<use Pictures/SCCM.pdf, page 120>
Package pdftex.def Info: Pictures/SCCM.pdf , page120 used on input line 524.
(pdftex.def)             Requested size: 597.78697pt x 773.60669pt.
 [80 <./Pictures/SCCM.pdf>]
<Pictures/SCCM.pdf, id=778, page=121, 614.295pt x 794.97pt>
File: Pictures/SCCM.pdf Graphic file (type pdf)
<use Pictures/SCCM.pdf, page 121>
Package pdftex.def Info: Pictures/SCCM.pdf , page121 used on input line 524.
(pdftex.def)             Requested size: 597.78697pt x 773.60669pt.
File: Pictures/SCCM.pdf Graphic file (type pdf)
<use Pictures/SCCM.pdf, page 121>
Package pdftex.def Info: Pictures/SCCM.pdf , page121 used on input line 524.
(pdftex.def)             Requested size: 597.78697pt x 773.60669pt.
File: Pictures/SCCM.pdf Graphic file (type pdf)
<use Pictures/SCCM.pdf, page 121>
Package pdftex.def Info: Pictures/SCCM.pdf , page121 used on input line 524.
(pdftex.def)             Requested size: 597.78697pt x 773.60669pt.
 [81 <./Pictures/SCCM.pdf>]
<Pictures/SCCM.pdf, id=785, page=122, 614.295pt x 794.97pt>
File: Pictures/SCCM.pdf Graphic file (type pdf)
<use Pictures/SCCM.pdf, page 122>
Package pdftex.def Info: Pictures/SCCM.pdf , page122 used on input line 524.
(pdftex.def)             Requested size: 597.78697pt x 773.60669pt.
File: Pictures/SCCM.pdf Graphic file (type pdf)
<use Pictures/SCCM.pdf, page 122>
Package pdftex.def Info: Pictures/SCCM.pdf , page122 used on input line 524.
(pdftex.def)             Requested size: 597.78697pt x 773.60669pt.
File: Pictures/SCCM.pdf Graphic file (type pdf)
<use Pictures/SCCM.pdf, page 122>
Package pdftex.def Info: Pictures/SCCM.pdf , page122 used on input line 524.
(pdftex.def)             Requested size: 597.78697pt x 773.60669pt.
 [82 <./Pictures/SCCM.pdf>]
<Pictures/SCCM.pdf, id=792, page=123, 614.295pt x 794.97pt>
File: Pictures/SCCM.pdf Graphic file (type pdf)
<use Pictures/SCCM.pdf, page 123>
Package pdftex.def Info: Pictures/SCCM.pdf , page123 used on input line 524.
(pdftex.def)             Requested size: 597.78697pt x 773.60669pt.
File: Pictures/SCCM.pdf Graphic file (type pdf)
<use Pictures/SCCM.pdf, page 123>
Package pdftex.def Info: Pictures/SCCM.pdf , page123 used on input line 524.
(pdftex.def)             Requested size: 597.78697pt x 773.60669pt.
File: Pictures/SCCM.pdf Graphic file (type pdf)
<use Pictures/SCCM.pdf, page 123>
Package pdftex.def Info: Pictures/SCCM.pdf , page123 used on input line 524.
(pdftex.def)             Requested size: 597.78697pt x 773.60669pt.
 [83 <./Pictures/SCCM.pdf>]
<Pictures/SCCM.pdf, id=800, page=124, 614.295pt x 794.97pt>
File: Pictures/SCCM.pdf Graphic file (type pdf)
<use Pictures/SCCM.pdf, page 124>
Package pdftex.def Info: Pictures/SCCM.pdf , page124 used on input line 524.
(pdftex.def)             Requested size: 597.78697pt x 773.60669pt.
File: Pictures/SCCM.pdf Graphic file (type pdf)
<use Pictures/SCCM.pdf, page 124>
Package pdftex.def Info: Pictures/SCCM.pdf , page124 used on input line 524.
(pdftex.def)             Requested size: 597.78697pt x 773.60669pt.
File: Pictures/SCCM.pdf Graphic file (type pdf)
<use Pictures/SCCM.pdf, page 124>
Package pdftex.def Info: Pictures/SCCM.pdf , page124 used on input line 524.
(pdftex.def)             Requested size: 597.78697pt x 773.60669pt.
 [84 <./Pictures/SCCM.pdf>]
<Pictures/SCCM.pdf, id=807, page=125, 614.295pt x 794.97pt>
File: Pictures/SCCM.pdf Graphic file (type pdf)
<use Pictures/SCCM.pdf, page 125>
Package pdftex.def Info: Pictures/SCCM.pdf , page125 used on input line 524.
(pdftex.def)             Requested size: 597.78697pt x 773.60669pt.
File: Pictures/SCCM.pdf Graphic file (type pdf)
<use Pictures/SCCM.pdf, page 125>
Package pdftex.def Info: Pictures/SCCM.pdf , page125 used on input line 524.
(pdftex.def)             Requested size: 597.78697pt x 773.60669pt.
File: Pictures/SCCM.pdf Graphic file (type pdf)
<use Pictures/SCCM.pdf, page 125>
Package pdftex.def Info: Pictures/SCCM.pdf , page125 used on input line 524.
(pdftex.def)             Requested size: 597.78697pt x 773.60669pt.
 [85 <./Pictures/SCCM.pdf>]
<Pictures/SCCM.pdf, id=816, page=126, 614.295pt x 794.97pt>
File: Pictures/SCCM.pdf Graphic file (type pdf)
<use Pictures/SCCM.pdf, page 126>
Package pdftex.def Info: Pictures/SCCM.pdf , page126 used on input line 524.
(pdftex.def)             Requested size: 597.78697pt x 773.60669pt.
File: Pictures/SCCM.pdf Graphic file (type pdf)
<use Pictures/SCCM.pdf, page 126>
Package pdftex.def Info: Pictures/SCCM.pdf , page126 used on input line 524.
(pdftex.def)             Requested size: 597.78697pt x 773.60669pt.
File: Pictures/SCCM.pdf Graphic file (type pdf)
<use Pictures/SCCM.pdf, page 126>
Package pdftex.def Info: Pictures/SCCM.pdf , page126 used on input line 524.
(pdftex.def)             Requested size: 597.78697pt x 773.60669pt.
 [86 <./Pictures/SCCM.pdf>]
Package atveryend Info: Empty hook `BeforeClearDocument' on input line 527.
Package atveryend Info: Empty hook `AfterLastShipout' on input line 527.
 (./SCCM.aux)
Package atveryend Info: Executing hook `AtVeryEndDocument' on input line 527.
Package atveryend Info: Executing hook `AtEndAfterFileList' on input line 527.
Package rerunfilecheck Info: File `SCCM.out' has not changed.
(rerunfilecheck)             Checksum: 8D8629D4C4C9A91C66F93BFDC8098BA6;949.
 ) 
Here is how much of TeX's memory you used:
 17212 strings out of 492639
 324674 string characters out of 6135497
 383444 words of memory out of 5000000
 20571 multiletter control sequences out of 15000+600000
 8261 words of font info for 30 fonts, out of 8000000 for 9000
 1141 hyphenation exceptions out of 8191
 55i,18n,54p,830b,464s stack positions out of 5000i,500n,10000p,200000b,80000s
</usr/share/texmf-dist/fonts/type1/public/amsfonts/cm/cmbx12.pfb></usr/share/
texmf-dist/fonts/type1/public/amsfonts/cm/cmr10.pfb></usr/share/texmf-dist/font
s/type1/public/amsfonts/cm/cmr12.pfb></usr/share/texmf-dist/fonts/type1/public/
amsfonts/cm/cmr17.pfb></usr/share/texmf-dist/fonts/type1/public/amsfonts/cm/cms
y10.pfb>
Output written on SCCM.pdf (86 pages, 10076249 bytes).
PDF statistics:
 875 PDF objects out of 1000 (max. 8388607)
 498 compressed objects within 5 object streams
 144 named destinations out of 1000 (max. 500000)
 765 words of extra memory for PDF output out of 10000 (max. 10000000)

